<?xml version="1.0" encoding="UTF-8"?>
<testsuites name="Incredible Connection" time="948.773" tests="14" failures="5" errors="0">
   <testsuite name="Incredible Connection" tests="14" failures="5" errors="0" time="948.773" skipped="0" timestamp="2023-02-08 22:12:54" hostname="Admin - DEOLINDO.home" id="Test Suites/Incredible Connection">
      <properties>
         <property name="deviceName" value=""/>
         <property name="devicePlatform" value=""/>
         <property name="logFolder" value="C:\\Users\\Admin\\Katalon Studio\\katalon-practice (1)\\Reports\\20230208_221226\\Incredible Connection\\20230208_221242"/>
         <property name="logFiles" value="C:\\Users\\Admin\\Katalon Studio\\katalon-practice (1)\\Reports\\20230208_221226\\Incredible Connection\\20230208_221242\\execution0.log"/>
         <property name="attachments" value="keyes\keyes-landing_page.png, keyes\keyes-brands.png, keyes\keyes-create_account.png, keyes\keyes-landing_page.png, keyes\keyes-forgot_password.png, keyes\keyes-landing_page.png, C:\\Users\\Admin\\Katalon Studio\\katalon-practice (1)\\Reports\\20230208_221226\\Incredible Connection\\20230208_221242\\1675890955236.png, keyes\keyes-landing_page.png, keyes\keyes-help.png, keyes\keyes-landing_page.png, keyes\keyes-landing_page.png, C:\\Users\\Admin\\Katalon Studio\\katalon-practice (1)\\Reports\\20230208_221226\\Incredible Connection\\20230208_221242\\1675891063816.png, keyes\keyes-landing_page.png, C:\\Users\\Admin\\Katalon Studio\\katalon-practice (1)\\Reports\\20230208_221226\\Incredible Connection\\20230208_221242\\1675891116377.png, keyes\keyes-landing_page.png, keyes\keyes-search.png, keyes\keyes-landing_page.png, C:\\Users\\Admin\\Katalon Studio\\katalon-practice (1)\\Reports\\20230208_221226\\Incredible Connection\\20230208_221242\\1675891199352.png, keyes\keyes-landing_page.png, keyes\keyes-track_my_order.png, keyes\keyes-landing_page.png, keyes\keyes-unsuccessful_login.png, keyes\keyes-landing_page.png, keyes\keyes-voucher.png, keyes\keyes-landing_page.png, C:\\Users\\Admin\\Katalon Studio\\katalon-practice (1)\\Reports\\20230208_221226\\Incredible Connection\\20230208_221242\\1675891722077.png"/>
         <property name="hostName" value="Admin - DEOLINDO.home"/>
         <property name="os" value="Windows 10 64bit"/>
         <property name="katalonVersion" value="8.5.5.208"/>
         <property name="browser" value="Chrome 110.0.0.0"/>
         <property name="hostAddress" value="192.168.1.171"/>
         <property name="sessionId" value="5c27ec8ba06171f1b39dc76704fdfdae"/>
         <property name="seleniumVersion" value="3.141.59"/>
         <property name="proxyInformation" value="ProxyInformation { proxyOption=NO_PROXY, proxyServerType=HTTP, username=, password=********, proxyServerAddress=, proxyServerPort=0, executionList=&quot;&quot;, isApplyToDesiredCapabilities=true }"/>
         <property name="platform" value="Windows 10"/>
      </properties>
      <testcase name="Test Cases/Incredible Connection/Brands" time="47.165" classname="Test Cases/Incredible Connection/Brands" status="PASSED">
         <system-out><![CDATA[2023-02-08 22:12:54 - [TEST_CASE][PASSED] - Test Cases/Incredible Connection/Brands: Test Cases/Incredible Connection/Brands

2023-02-08 22:12:55 - [TEST_STEP][PASSED] - callTestCase(findTestCase("Incredible Connection/Landing Page"), [:], STOP_ON_FAILURE): Call Test Case 'Test Cases/Incredible Connection/Landing Page' successfully

2023-02-08 22:12:55 - [TEST_CASE][PASSED] - Test Cases/Incredible Connection/Landing Page: Test Cases/Incredible Connection/Landing Page

2023-02-08 22:12:56 - [TEST_STEP][PASSED] - openBrowser(""): Browser is opened with url: ''

2023-02-08 22:12:56 - [MESSAGE][INFO] - Starting 'Chrome' driver

2023-02-08 22:12:56 - [MESSAGE][INFO] - Action delay is set to 0 milliseconds

2023-02-08 22:13:06 - [MESSAGE][PASSED] - Browser is opened with url: ''

2023-02-08 22:13:06 - [TEST_STEP][PASSED] - navigateToUrl("https://www.incredible.co.za/"): Navigate to 'https://www.incredible.co.za/' successfully

2023-02-08 22:13:19 - [MESSAGE][PASSED] - Navigate to 'https://www.incredible.co.za/' successfully

2023-02-08 22:13:19 - [TEST_STEP][PASSED] - takeScreenshotAsCheckpoint("landing_page"): Taking screenshot successfully

2023-02-08 22:13:21 - [MESSAGE][INFO] - 0 hidden object(s)

2023-02-08 22:13:22 - [MESSAGE][PASSED] - Taking screenshot successfully
[[ATTACHMENT|keyes\keyes-landing_page.png]]

2023-02-08 22:13:22 - [MESSAGE][PASSED] - Call Test Case 'Test Cases/Incredible Connection/Landing Page' successfully

2023-02-08 22:13:22 - [TEST_STEP][PASSED] - maximizeWindow(): Current window maximized

2023-02-08 22:13:23 - [MESSAGE][PASSED] - Current window maximized

2023-02-08 22:13:23 - [TEST_STEP][PASSED] - click(findTestObject("Object Repository/OR_Incredible Connection/Brands/span_Brands")): Object: 'Object Repository/OR_Incredible Connection/Brands/span_Brands' is clicked on

2023-02-08 22:13:29 - [MESSAGE][PASSED] - Object: 'Object Repository/OR_Incredible Connection/Brands/span_Brands' is clicked on

2023-02-08 22:13:29 - [TEST_STEP][PASSED] - click(findTestObject("Object Repository/OR_Incredible Connection/Brands/img")): Object: 'Object Repository/OR_Incredible Connection/Brands/img' is clicked on

2023-02-08 22:13:35 - [MESSAGE][PASSED] - Object: 'Object Repository/OR_Incredible Connection/Brands/img' is clicked on

2023-02-08 22:13:35 - [TEST_STEP][PASSED] - click(findTestObject("Object Repository/OR_Incredible Connection/Brands/img_Microsoft Brand Page_lazyload")): Object: 'Object Repository/OR_Incredible Connection/Brands/img_Microsoft Brand Page_lazyload' is clicked on

2023-02-08 22:13:39 - [MESSAGE][PASSED] - Object: 'Object Repository/OR_Incredible Connection/Brands/img_Microsoft Brand Page_lazyload' is clicked on

2023-02-08 22:13:39 - [TEST_STEP][PASSED] - takeScreenshotAsCheckpoint("brands"): Taking screenshot successfully

2023-02-08 22:13:41 - [MESSAGE][INFO] - 0 hidden object(s)

2023-02-08 22:13:41 - [MESSAGE][PASSED] - Taking screenshot successfully
[[ATTACHMENT|keyes\keyes-brands.png]]]]></system-out>
         <system-err><![CDATA[]]></system-err>
      </testcase>
      <testcase name="Test Cases/Incredible Connection/Create Account" time="37.948" classname="Test Cases/Incredible Connection/Create Account" status="PASSED">
         <system-out><![CDATA[2023-02-08 22:13:41 - [TEST_CASE][PASSED] - Test Cases/Incredible Connection/Create Account: Test Cases/Incredible Connection/Create Account

2023-02-08 22:13:42 - [TEST_STEP][PASSED] - openBrowser(""): Browser is opened with url: ''

2023-02-08 22:13:42 - [MESSAGE][WARNING] - A browser is already opened. Closing browser and opening a new one

2023-02-08 22:13:44 - [MESSAGE][INFO] - Starting 'Chrome' driver

2023-02-08 22:13:44 - [MESSAGE][INFO] - Action delay is set to 0 milliseconds

2023-02-08 22:13:48 - [MESSAGE][PASSED] - Browser is opened with url: ''

2023-02-08 22:13:48 - [TEST_STEP][PASSED] - navigateToUrl("https://www.incredible.co.za/"): Navigate to 'https://www.incredible.co.za/' successfully

2023-02-08 22:14:02 - [MESSAGE][PASSED] - Navigate to 'https://www.incredible.co.za/' successfully

2023-02-08 22:14:02 - [TEST_STEP][PASSED] - click(findTestObject("Object Repository/OR_Incredible Connection/div_My Account")): Object: 'Object Repository/OR_Incredible Connection/div_My Account' is clicked on

2023-02-08 22:14:04 - [MESSAGE][PASSED] - Object: 'Object Repository/OR_Incredible Connection/div_My Account' is clicked on

2023-02-08 22:14:04 - [TEST_STEP][PASSED] - click(findTestObject("Object Repository/OR_Incredible Connection/a_Create an Account")): Object: 'Object Repository/OR_Incredible Connection/a_Create an Account' is clicked on

2023-02-08 22:14:11 - [MESSAGE][PASSED] - Object: 'Object Repository/OR_Incredible Connection/a_Create an Account' is clicked on

2023-02-08 22:14:11 - [TEST_STEP][PASSED] - setText(findTestObject("Object Repository/OR_Incredible Connection/input_First Name_firstname"), "Tester"): Text 'Tester' is set on object 'Object Repository/OR_Incredible Connection/input_First Name_firstname'

2023-02-08 22:14:12 - [MESSAGE][PASSED] - Text 'Tester' is set on object 'Object Repository/OR_Incredible Connection/input_First Name_firstname'

2023-02-08 22:14:12 - [TEST_STEP][PASSED] - setText(findTestObject("Object Repository/OR_Incredible Connection/input_Last Name_lastname"), "Testing"): Text 'Testing' is set on object 'Object Repository/OR_Incredible Connection/input_Last Name_lastname'

2023-02-08 22:14:14 - [MESSAGE][PASSED] - Text 'Testing' is set on object 'Object Repository/OR_Incredible Connection/input_Last Name_lastname'

2023-02-08 22:14:14 - [TEST_STEP][PASSED] - setText(findTestObject("Object Repository/OR_Incredible Connection/input_Cellphone Number_cellphone_number"), "0784492053"): Text '0784492053' is set on object 'Object Repository/OR_Incredible Connection/input_Cellphone Number_cellphone_number'

2023-02-08 22:14:15 - [MESSAGE][PASSED] - Text '0784492053' is set on object 'Object Repository/OR_Incredible Connection/input_Cellphone Number_cellphone_number'

2023-02-08 22:14:15 - [TEST_STEP][PASSED] - click(findTestObject("Object Repository/OR_Incredible Connection/label_Passport")): Object: 'Object Repository/OR_Incredible Connection/label_Passport' is clicked on

2023-02-08 22:14:16 - [MESSAGE][PASSED] - Object: 'Object Repository/OR_Incredible Connection/label_Passport' is clicked on

2023-02-08 22:14:16 - [TEST_STEP][PASSED] - setText(findTestObject("Object Repository/OR_Incredible Connection/input_Email Address_email"), "deolindo9@gmail.com"): Text 'deolindo9@gmail.com' is set on object 'Object Repository/OR_Incredible Connection/input_Email Address_email'

2023-02-08 22:14:17 - [MESSAGE][PASSED] - Text 'deolindo9@gmail.com' is set on object 'Object Repository/OR_Incredible Connection/input_Email Address_email'

2023-02-08 22:14:17 - [TEST_STEP][PASSED] - setEncryptedText(findTestObject("Object Repository/OR_Incredible Connection/input_Password_password"), "9KuFGzalzWgOpbp98rkftg=="): Text ****** has been set on object 'Object Repository/OR_Incredible Connection/input_Password_password'

2023-02-08 22:14:18 - [MESSAGE][PASSED] - Text ****** has been set on object 'Object Repository/OR_Incredible Connection/input_Password_password'

2023-02-08 22:14:18 - [TEST_STEP][PASSED] - setEncryptedText(findTestObject("Object Repository/OR_Incredible Connection/input_Confirm Password_password_confirmation"), "9KuFGzalzWgOpbp98rkftg=="): Text ****** has been set on object 'Object Repository/OR_Incredible Connection/input_Confirm Password_password_confirmation'

2023-02-08 22:14:18 - [MESSAGE][PASSED] - Text ****** has been set on object 'Object Repository/OR_Incredible Connection/input_Confirm Password_password_confirmation'

2023-02-08 22:14:18 - [TEST_STEP][PASSED] - takeScreenshotAsCheckpoint("create_account"): Taking screenshot successfully

2023-02-08 22:14:19 - [MESSAGE][INFO] - 0 hidden object(s)

2023-02-08 22:14:19 - [MESSAGE][PASSED] - Taking screenshot successfully
[[ATTACHMENT|keyes\keyes-create_account.png]]]]></system-out>
         <system-err><![CDATA[]]></system-err>
      </testcase>
      <testcase name="Test Cases/Incredible Connection/Forgot Password" time="35.666" classname="Test Cases/Incredible Connection/Forgot Password" status="PASSED">
         <system-out><![CDATA[2023-02-08 22:14:19 - [TEST_CASE][PASSED] - Test Cases/Incredible Connection/Forgot Password: Test Cases/Incredible Connection/Forgot Password

2023-02-08 22:14:20 - [TEST_STEP][PASSED] - callTestCase(findTestCase("Incredible Connection/Landing Page"), [:], STOP_ON_FAILURE): Call Test Case 'Test Cases/Incredible Connection/Landing Page' successfully

2023-02-08 22:14:20 - [TEST_CASE][PASSED] - Test Cases/Incredible Connection/Landing Page: Test Cases/Incredible Connection/Landing Page

2023-02-08 22:14:20 - [TEST_STEP][PASSED] - openBrowser(""): Browser is opened with url: ''

2023-02-08 22:14:20 - [MESSAGE][WARNING] - A browser is already opened. Closing browser and opening a new one

2023-02-08 22:14:21 - [MESSAGE][INFO] - Starting 'Chrome' driver

2023-02-08 22:14:21 - [MESSAGE][INFO] - Action delay is set to 0 milliseconds

2023-02-08 22:14:25 - [MESSAGE][PASSED] - Browser is opened with url: ''

2023-02-08 22:14:25 - [TEST_STEP][PASSED] - navigateToUrl("https://www.incredible.co.za/"): Navigate to 'https://www.incredible.co.za/' successfully

2023-02-08 22:14:35 - [MESSAGE][PASSED] - Navigate to 'https://www.incredible.co.za/' successfully

2023-02-08 22:14:35 - [TEST_STEP][PASSED] - takeScreenshotAsCheckpoint("landing_page"): Taking screenshot successfully

2023-02-08 22:14:36 - [MESSAGE][INFO] - 0 hidden object(s)

2023-02-08 22:14:37 - [MESSAGE][PASSED] - Taking screenshot successfully
[[ATTACHMENT|keyes\keyes-landing_page.png]]

2023-02-08 22:14:37 - [MESSAGE][PASSED] - Call Test Case 'Test Cases/Incredible Connection/Landing Page' successfully

2023-02-08 22:14:37 - [TEST_STEP][PASSED] - click(findTestObject("Object Repository/OR_Incredible Connection/Forgot Password/div_My Account")): Object: 'Object Repository/OR_Incredible Connection/Forgot Password/div_My Account' is clicked on

2023-02-08 22:14:38 - [MESSAGE][PASSED] - Object: 'Object Repository/OR_Incredible Connection/Forgot Password/div_My Account' is clicked on

2023-02-08 22:14:38 - [TEST_STEP][PASSED] - click(findTestObject("Object Repository/OR_Incredible Connection/Forgot Password/a_Sign In")): Object: 'Object Repository/OR_Incredible Connection/Forgot Password/a_Sign In' is clicked on

2023-02-08 22:14:44 - [MESSAGE][PASSED] - Object: 'Object Repository/OR_Incredible Connection/Forgot Password/a_Sign In' is clicked on

2023-02-08 22:14:44 - [TEST_STEP][PASSED] - click(findTestObject("Object Repository/OR_Incredible Connection/Forgot Password/span_Forgot Your Password")): Object: 'Object Repository/OR_Incredible Connection/Forgot Password/span_Forgot Your Password' is clicked on

2023-02-08 22:14:47 - [MESSAGE][PASSED] - Object: 'Object Repository/OR_Incredible Connection/Forgot Password/span_Forgot Your Password' is clicked on

2023-02-08 22:14:47 - [TEST_STEP][PASSED] - setText(findTestObject("Object Repository/OR_Incredible Connection/Forgot Password/input_Email Address_email"), "deolindo9@gmail.com"): Text 'deolindo9@gmail.com' is set on object 'Object Repository/OR_Incredible Connection/Forgot Password/input_Email Address_email'

2023-02-08 22:14:48 - [MESSAGE][PASSED] - Text 'deolindo9@gmail.com' is set on object 'Object Repository/OR_Incredible Connection/Forgot Password/input_Email Address_email'

2023-02-08 22:14:48 - [TEST_STEP][PASSED] - click(findTestObject("Object Repository/OR_Incredible Connection/Forgot Password/button_Submit")): Object: 'Object Repository/OR_Incredible Connection/Forgot Password/button_Submit' is clicked on

2023-02-08 22:14:51 - [MESSAGE][PASSED] - Object: 'Object Repository/OR_Incredible Connection/Forgot Password/button_Submit' is clicked on

2023-02-08 22:14:51 - [TEST_STEP][PASSED] - takeScreenshotAsCheckpoint("forgot_password"): Taking screenshot successfully

2023-02-08 22:14:55 - [MESSAGE][INFO] - 0 hidden object(s)

2023-02-08 22:14:55 - [MESSAGE][PASSED] - Taking screenshot successfully
[[ATTACHMENT|keyes\keyes-forgot_password.png]]]]></system-out>
         <system-err><![CDATA[]]></system-err>
      </testcase>
      <testcase name="Test Cases/Incredible Connection/Gaming" time="60.583" classname="Test Cases/Incredible Connection/Gaming" status="FAILED">
         <failure type="FAILED" message="Test Cases/Incredible Connection/Gaming FAILED.
Reason:
com.kms.katalon.core.exception.StepFailedException: Unable to click on object 'Object Repository/OR_Incredible Connection/Games/a_PlayStation'
	at com.kms.katalon.core.webui.keyword.internal.WebUIKeywordMain.stepFailed(WebUIKeywordMain.groovy:64)
	at com.kms.katalon.core.webui.keyword.internal.WebUIKeywordMain.runKeyword(WebUIKeywordMain.groovy:26)
	at com.kms.katalon.core.webui.keyword.builtin.ClickKeyword.click(ClickKeyword.groovy:74)
	at com.kms.katalon.core.webui.keyword.builtin.ClickKeyword.execute(ClickKeyword.groovy:40)
	at com.kms.katalon.core.keyword.internal.KeywordExecutor.executeKeywordForPlatform(KeywordExecutor.groovy:74)
	at com.kms.katalon.core.webui.keyword.WebUiBuiltInKeywords.click(WebUiBuiltInKeywords.groovy:620)
	at com.kms.katalon.core.webui.keyword.WebUiBuiltInKeywords$click$3.call(Unknown Source)
	at Gaming.run(Gaming:24)
	at com.kms.katalon.core.main.ScriptEngine.run(ScriptEngine.java:194)
	at com.kms.katalon.core.main.ScriptEngine.runScriptAsRawText(ScriptEngine.java:119)
	at com.kms.katalon.core.main.TestCaseExecutor.runScript(TestCaseExecutor.java:448)
	at com.kms.katalon.core.main.TestCaseExecutor.doExecute(TestCaseExecutor.java:439)
	at com.kms.katalon.core.main.TestCaseExecutor.processExecutionPhase(TestCaseExecutor.java:418)
	at com.kms.katalon.core.main.TestCaseExecutor.accessMainPhase(TestCaseExecutor.java:410)
	at com.kms.katalon.core.main.TestCaseExecutor.execute(TestCaseExecutor.java:285)
	at com.kms.katalon.core.common.CommonExecutor.accessTestCaseMainPhase(CommonExecutor.java:65)
	at com.kms.katalon.core.main.TestSuiteExecutor.accessTestSuiteMainPhase(TestSuiteExecutor.java:151)
	at com.kms.katalon.core.main.TestSuiteExecutor.execute(TestSuiteExecutor.java:106)
	at com.kms.katalon.core.main.TestCaseMain.startTestSuite(TestCaseMain.java:185)
	at com.kms.katalon.core.main.TestCaseMain$startTestSuite$0.call(Unknown Source)
	at TempTestSuite1675890762434.run(TempTestSuite1675890762434.groovy:36)
Caused by: org.openqa.selenium.ElementClickInterceptedException: element click intercepted: Element &lt;a class=&quot;v-navigation__link v-navigation__link--level3 v-navigation__link--url-playstation v-navigation__link--nav-1-4-2-1&quot; href=&quot;https://www.incredible.co.za/products/gaming/games/playstation&quot;>...&lt;/a> is not clickable at point (951, 76). Other element would receive the click: &lt;ul>...&lt;/ul>
  (Session info: chrome=110.0.5481.77)
Build info: version: '3.141.59', revision: 'e82be7d358', time: '2018-11-14T08:25:53'
System info: host: 'DEOLINDO', ip: '192.168.1.171', os.name: 'Windows 10', os.arch: 'amd64', os.version: '10.0', java.version: '1.8.0_282'
Driver info: com.kms.katalon.selenium.driver.CChromeDriver
Capabilities {acceptInsecureCerts: false, browserName: chrome, browserVersion: 110.0.5481.77, chrome: {chromedriverVersion: 110.0.5481.77 (65ed616c6e8e..., userDataDir: C:\Users\Admin\AppData\Loca...}, goog:chromeOptions: {debuggerAddress: localhost:58812}, javascriptEnabled: true, networkConnectionEnabled: false, pageLoadStrategy: normal, platform: WINDOWS, platformName: WINDOWS, proxy: Proxy(), setWindowRect: true, strictFileInteractability: false, timeouts: {implicit: 0, pageLoad: 300000, script: 30000}, unhandledPromptBehavior: dismiss and notify, webauthn:extension:credBlob: true, webauthn:extension:largeBlob: true, webauthn:virtualAuthenticators: true}
Session ID: a97d66ae88701527fbae1c49c926b761
	at org.openqa.selenium.remote.http.W3CHttpResponseCodec.createException(W3CHttpResponseCodec.java:187)
	at org.openqa.selenium.remote.http.W3CHttpResponseCodec.decode(W3CHttpResponseCodec.java:122)
	at org.openqa.selenium.remote.http.W3CHttpResponseCodec.decode(W3CHttpResponseCodec.java:49)
	at org.openqa.selenium.remote.HttpCommandExecutor.execute(HttpCommandExecutor.java:158)
	at org.openqa.selenium.remote.service.DriverCommandExecutor.execute(DriverCommandExecutor.java:83)
	at org.openqa.selenium.remote.RemoteWebDriver.execute(RemoteWebDriver.java:552)
	at com.kms.katalon.selenium.driver.CChromeDriver.execute(CChromeDriver.java:19)
	at org.openqa.selenium.remote.RemoteWebElement.execute(RemoteWebElement.java:285)
	at org.openqa.selenium.remote.RemoteWebElement.click(RemoteWebElement.java:84)
	at org.openqa.selenium.support.events.EventFiringWebDriver$EventFiringWebElement.lambda$new$0(EventFiringWebDriver.java:404)
	at com.sun.proxy.$Proxy11.click(Unknown Source)
	at org.openqa.selenium.support.events.EventFiringWebDriver$EventFiringWebElement.click(EventFiringWebDriver.java:417)
	at org.openqa.selenium.WebElement$click.call(Unknown Source)
	at com.kms.katalon.core.webui.keyword.builtin.ClickKeyword.clickUntilSuccessWithTimeout(ClickKeyword.groovy:81)
	at com.kms.katalon.core.webui.keyword.builtin.ClickKeyword.clickUntilSuccessWithTimeout(ClickKeyword.groovy)
	at com.kms.katalon.core.webui.keyword.builtin.ClickKeyword$_click_closure1.doCall(ClickKeyword.groovy:67)
	at com.kms.katalon.core.webui.keyword.builtin.ClickKeyword$_click_closure1.call(ClickKeyword.groovy)
	at com.kms.katalon.core.webui.keyword.internal.WebUIKeywordMain.runKeyword(WebUIKeywordMain.groovy:20)
	... 19 more
"/>
         <system-out><![CDATA[2023-02-08 22:14:55 - [TEST_CASE][FAILED] - Test Cases/Incredible Connection/Gaming: Test Cases/Incredible Connection/Gaming FAILED.
Reason:
com.kms.katalon.core.exception.StepFailedException: Unable to click on object 'Object Repository/OR_Incredible Connection/Games/a_PlayStation'
	at com.kms.katalon.core.webui.keyword.internal.WebUIKeywordMain.stepFailed(WebUIKeywordMain.groovy:64)
	at com.kms.katalon.core.webui.keyword.internal.WebUIKeywordMain.runKeyword(WebUIKeywordMain.groovy:26)
	at com.kms.katalon.core.webui.keyword.builtin.ClickKeyword.click(ClickKeyword.groovy:74)
	at com.kms.katalon.core.webui.keyword.builtin.ClickKeyword.execute(ClickKeyword.groovy:40)
	at com.kms.katalon.core.keyword.internal.KeywordExecutor.executeKeywordForPlatform(KeywordExecutor.groovy:74)
	at com.kms.katalon.core.webui.keyword.WebUiBuiltInKeywords.click(WebUiBuiltInKeywords.groovy:620)
	at com.kms.katalon.core.webui.keyword.WebUiBuiltInKeywords$click$3.call(Unknown Source)
	at Gaming.run(Gaming:24)
	at com.kms.katalon.core.main.ScriptEngine.run(ScriptEngine.java:194)
	at com.kms.katalon.core.main.ScriptEngine.runScriptAsRawText(ScriptEngine.java:119)
	at com.kms.katalon.core.main.TestCaseExecutor.runScript(TestCaseExecutor.java:448)
	at com.kms.katalon.core.main.TestCaseExecutor.doExecute(TestCaseExecutor.java:439)
	at com.kms.katalon.core.main.TestCaseExecutor.processExecutionPhase(TestCaseExecutor.java:418)
	at com.kms.katalon.core.main.TestCaseExecutor.accessMainPhase(TestCaseExecutor.java:410)
	at com.kms.katalon.core.main.TestCaseExecutor.execute(TestCaseExecutor.java:285)
	at com.kms.katalon.core.common.CommonExecutor.accessTestCaseMainPhase(CommonExecutor.java:65)
	at com.kms.katalon.core.main.TestSuiteExecutor.accessTestSuiteMainPhase(TestSuiteExecutor.java:151)
	at com.kms.katalon.core.main.TestSuiteExecutor.execute(TestSuiteExecutor.java:106)
	at com.kms.katalon.core.main.TestCaseMain.startTestSuite(TestCaseMain.java:185)
	at com.kms.katalon.core.main.TestCaseMain$startTestSuite$0.call(Unknown Source)
	at TempTestSuite1675890762434.run(TempTestSuite1675890762434.groovy:36)
Caused by: org.openqa.selenium.ElementClickInterceptedException: element click intercepted: Element <a class="v-navigation__link v-navigation__link--level3 v-navigation__link--url-playstation v-navigation__link--nav-1-4-2-1" href="https://www.incredible.co.za/products/gaming/games/playstation">...</a> is not clickable at point (951, 76). Other element would receive the click: <ul>...</ul>
  (Session info: chrome=110.0.5481.77)
Build info: version: '3.141.59', revision: 'e82be7d358', time: '2018-11-14T08:25:53'
System info: host: 'DEOLINDO', ip: '192.168.1.171', os.name: 'Windows 10', os.arch: 'amd64', os.version: '10.0', java.version: '1.8.0_282'
Driver info: com.kms.katalon.selenium.driver.CChromeDriver
Capabilities {acceptInsecureCerts: false, browserName: chrome, browserVersion: 110.0.5481.77, chrome: {chromedriverVersion: 110.0.5481.77 (65ed616c6e8e..., userDataDir: C:\Users\Admin\AppData\Loca...}, goog:chromeOptions: {debuggerAddress: localhost:58812}, javascriptEnabled: true, networkConnectionEnabled: false, pageLoadStrategy: normal, platform: WINDOWS, platformName: WINDOWS, proxy: Proxy(), setWindowRect: true, strictFileInteractability: false, timeouts: {implicit: 0, pageLoad: 300000, script: 30000}, unhandledPromptBehavior: dismiss and notify, webauthn:extension:credBlob: true, webauthn:extension:largeBlob: true, webauthn:virtualAuthenticators: true}
Session ID: a97d66ae88701527fbae1c49c926b761
	at org.openqa.selenium.remote.http.W3CHttpResponseCodec.createException(W3CHttpResponseCodec.java:187)
	at org.openqa.selenium.remote.http.W3CHttpResponseCodec.decode(W3CHttpResponseCodec.java:122)
	at org.openqa.selenium.remote.http.W3CHttpResponseCodec.decode(W3CHttpResponseCodec.java:49)
	at org.openqa.selenium.remote.HttpCommandExecutor.execute(HttpCommandExecutor.java:158)
	at org.openqa.selenium.remote.service.DriverCommandExecutor.execute(DriverCommandExecutor.java:83)
	at org.openqa.selenium.remote.RemoteWebDriver.execute(RemoteWebDriver.java:552)
	at com.kms.katalon.selenium.driver.CChromeDriver.execute(CChromeDriver.java:19)
	at org.openqa.selenium.remote.RemoteWebElement.execute(RemoteWebElement.java:285)
	at org.openqa.selenium.remote.RemoteWebElement.click(RemoteWebElement.java:84)
	at org.openqa.selenium.support.events.EventFiringWebDriver$EventFiringWebElement.lambda$new$0(EventFiringWebDriver.java:404)
	at com.sun.proxy.$Proxy11.click(Unknown Source)
	at org.openqa.selenium.support.events.EventFiringWebDriver$EventFiringWebElement.click(EventFiringWebDriver.java:417)
	at org.openqa.selenium.WebElement$click.call(Unknown Source)
	at com.kms.katalon.core.webui.keyword.builtin.ClickKeyword.clickUntilSuccessWithTimeout(ClickKeyword.groovy:81)
	at com.kms.katalon.core.webui.keyword.builtin.ClickKeyword.clickUntilSuccessWithTimeout(ClickKeyword.groovy)
	at com.kms.katalon.core.webui.keyword.builtin.ClickKeyword$_click_closure1.doCall(ClickKeyword.groovy:67)
	at com.kms.katalon.core.webui.keyword.builtin.ClickKeyword$_click_closure1.call(ClickKeyword.groovy)
	at com.kms.katalon.core.webui.keyword.internal.WebUIKeywordMain.runKeyword(WebUIKeywordMain.groovy:20)
	... 19 more


2023-02-08 22:14:56 - [TEST_STEP][PASSED] - callTestCase(findTestCase("Incredible Connection/Landing Page"), [:], STOP_ON_FAILURE): Call Test Case 'Test Cases/Incredible Connection/Landing Page' successfully

2023-02-08 22:14:56 - [TEST_CASE][PASSED] - Test Cases/Incredible Connection/Landing Page: Test Cases/Incredible Connection/Landing Page

2023-02-08 22:14:56 - [TEST_STEP][PASSED] - openBrowser(""): Browser is opened with url: ''

2023-02-08 22:14:56 - [MESSAGE][WARNING] - A browser is already opened. Closing browser and opening a new one

2023-02-08 22:14:59 - [MESSAGE][INFO] - Starting 'Chrome' driver

2023-02-08 22:14:59 - [MESSAGE][INFO] - Action delay is set to 0 milliseconds

2023-02-08 22:15:03 - [MESSAGE][PASSED] - Browser is opened with url: ''

2023-02-08 22:15:03 - [TEST_STEP][PASSED] - navigateToUrl("https://www.incredible.co.za/"): Navigate to 'https://www.incredible.co.za/' successfully

2023-02-08 22:15:16 - [MESSAGE][PASSED] - Navigate to 'https://www.incredible.co.za/' successfully

2023-02-08 22:15:16 - [TEST_STEP][PASSED] - takeScreenshotAsCheckpoint("landing_page"): Taking screenshot successfully

2023-02-08 22:15:17 - [MESSAGE][INFO] - 0 hidden object(s)

2023-02-08 22:15:18 - [MESSAGE][PASSED] - Taking screenshot successfully
[[ATTACHMENT|keyes\keyes-landing_page.png]]

2023-02-08 22:15:18 - [MESSAGE][PASSED] - Call Test Case 'Test Cases/Incredible Connection/Landing Page' successfully

2023-02-08 22:15:18 - [TEST_STEP][PASSED] - maximizeWindow(): Current window maximized

2023-02-08 22:15:18 - [MESSAGE][PASSED] - Current window maximized

2023-02-08 22:15:18 - [TEST_STEP][FAILED] - click(findTestObject("Object Repository/OR_Incredible Connection/Games/a_PlayStation")): Unable to click on object 'Object Repository/OR_Incredible Connection/Games/a_PlayStation' (Root cause: com.kms.katalon.core.exception.StepFailedException: Unable to click on object 'Object Repository/OR_Incredible Connection/Games/a_PlayStation'
	at com.kms.katalon.core.webui.keyword.internal.WebUIKeywordMain.stepFailed(WebUIKeywordMain.groovy:64)
	at com.kms.katalon.core.webui.keyword.internal.WebUIKeywordMain.runKeyword(WebUIKeywordMain.groovy:26)
	at com.kms.katalon.core.webui.keyword.builtin.ClickKeyword.click(ClickKeyword.groovy:74)
	at com.kms.katalon.core.webui.keyword.builtin.ClickKeyword.execute(ClickKeyword.groovy:40)
	at com.kms.katalon.core.keyword.internal.KeywordExecutor.executeKeywordForPlatform(KeywordExecutor.groovy:74)
	at com.kms.katalon.core.webui.keyword.WebUiBuiltInKeywords.click(WebUiBuiltInKeywords.groovy:620)
	at com.kms.katalon.core.webui.keyword.WebUiBuiltInKeywords$click$3.call(Unknown Source)
	at Gaming.run(Gaming:24)
	at com.kms.katalon.core.main.ScriptEngine.run(ScriptEngine.java:194)
	at com.kms.katalon.core.main.ScriptEngine.runScriptAsRawText(ScriptEngine.java:119)
	at com.kms.katalon.core.main.TestCaseExecutor.runScript(TestCaseExecutor.java:448)
	at com.kms.katalon.core.main.TestCaseExecutor.doExecute(TestCaseExecutor.java:439)
	at com.kms.katalon.core.main.TestCaseExecutor.processExecutionPhase(TestCaseExecutor.java:418)
	at com.kms.katalon.core.main.TestCaseExecutor.accessMainPhase(TestCaseExecutor.java:410)
	at com.kms.katalon.core.main.TestCaseExecutor.execute(TestCaseExecutor.java:285)
	at com.kms.katalon.core.common.CommonExecutor.accessTestCaseMainPhase(CommonExecutor.java:65)
	at com.kms.katalon.core.main.TestSuiteExecutor.accessTestSuiteMainPhase(TestSuiteExecutor.java:151)
	at com.kms.katalon.core.main.TestSuiteExecutor.execute(TestSuiteExecutor.java:106)
	at com.kms.katalon.core.main.TestCaseMain.startTestSuite(TestCaseMain.java:185)
	at com.kms.katalon.core.main.TestCaseMain$startTestSuite$0.call(Unknown Source)
	at TempTestSuite1675890762434.run(TempTestSuite1675890762434.groovy:36)
Caused by: org.openqa.selenium.ElementClickInterceptedException: element click intercepted: Element <a class="v-navigation__link v-navigation__link--level3 v-navigation__link--url-playstation v-navigation__link--nav-1-4-2-1" href="https://www.incredible.co.za/products/gaming/games/playstation">...</a> is not clickable at point (951, 76). Other element would receive the click: <ul>...</ul>
  (Session info: chrome=110.0.5481.77)
Build info: version: '3.141.59', revision: 'e82be7d358', time: '2018-11-14T08:25:53'
System info: host: 'DEOLINDO', ip: '192.168.1.171', os.name: 'Windows 10', os.arch: 'amd64', os.version: '10.0', java.version: '1.8.0_282'
Driver info: com.kms.katalon.selenium.driver.CChromeDriver
Capabilities {acceptInsecureCerts: false, browserName: chrome, browserVersion: 110.0.5481.77, chrome: {chromedriverVersion: 110.0.5481.77 (65ed616c6e8e..., userDataDir: C:\Users\Admin\AppData\Loca...}, goog:chromeOptions: {debuggerAddress: localhost:58812}, javascriptEnabled: true, networkConnectionEnabled: false, pageLoadStrategy: normal, platform: WINDOWS, platformName: WINDOWS, proxy: Proxy(), setWindowRect: true, strictFileInteractability: false, timeouts: {implicit: 0, pageLoad: 300000, script: 30000}, unhandledPromptBehavior: dismiss and notify, webauthn:extension:credBlob: true, webauthn:extension:largeBlob: true, webauthn:virtualAuthenticators: true}
Session ID: a97d66ae88701527fbae1c49c926b761
	at org.openqa.selenium.remote.http.W3CHttpResponseCodec.createException(W3CHttpResponseCodec.java:187)
	at org.openqa.selenium.remote.http.W3CHttpResponseCodec.decode(W3CHttpResponseCodec.java:122)
	at org.openqa.selenium.remote.http.W3CHttpResponseCodec.decode(W3CHttpResponseCodec.java:49)
	at org.openqa.selenium.remote.HttpCommandExecutor.execute(HttpCommandExecutor.java:158)
	at org.openqa.selenium.remote.service.DriverCommandExecutor.execute(DriverCommandExecutor.java:83)
	at org.openqa.selenium.remote.RemoteWebDriver.execute(RemoteWebDriver.java:552)
	at com.kms.katalon.selenium.driver.CChromeDriver.execute(CChromeDriver.java:19)
	at org.openqa.selenium.remote.RemoteWebElement.execute(RemoteWebElement.java:285)
	at org.openqa.selenium.remote.RemoteWebElement.click(RemoteWebElement.java:84)
	at org.openqa.selenium.support.events.EventFiringWebDriver$EventFiringWebElement.lambda$new$0(EventFiringWebDriver.java:404)
	at com.sun.proxy.$Proxy11.click(Unknown Source)
	at org.openqa.selenium.support.events.EventFiringWebDriver$EventFiringWebElement.click(EventFiringWebDriver.java:417)
	at org.openqa.selenium.WebElement$click.call(Unknown Source)
	at com.kms.katalon.core.webui.keyword.builtin.ClickKeyword.clickUntilSuccessWithTimeout(ClickKeyword.groovy:81)
	at com.kms.katalon.core.webui.keyword.builtin.ClickKeyword.clickUntilSuccessWithTimeout(ClickKeyword.groovy)
	at com.kms.katalon.core.webui.keyword.builtin.ClickKeyword$_click_closure1.doCall(ClickKeyword.groovy:67)
	at com.kms.katalon.core.webui.keyword.builtin.ClickKeyword$_click_closure1.call(ClickKeyword.groovy)
	at com.kms.katalon.core.webui.keyword.internal.WebUIKeywordMain.runKeyword(WebUIKeywordMain.groovy:20)
	at com.kms.katalon.core.webui.keyword.builtin.ClickKeyword.click(ClickKeyword.groovy:74)
	at com.kms.katalon.core.webui.keyword.builtin.ClickKeyword.execute(ClickKeyword.groovy:40)
	at com.kms.katalon.core.keyword.internal.KeywordExecutor.executeKeywordForPlatform(KeywordExecutor.groovy:74)
	at com.kms.katalon.core.webui.keyword.WebUiBuiltInKeywords.click(WebUiBuiltInKeywords.groovy:620)
	at com.kms.katalon.core.webui.keyword.WebUiBuiltInKeywords$click$3.call(Unknown Source)
	at Script1675801609289.run(Script1675801609289.groovy:24)
	... 13 more
)

2023-02-08 22:15:55 - [MESSAGE][FAILED] - Unable to click on object 'Object Repository/OR_Incredible Connection/Games/a_PlayStation' (Root cause: com.kms.katalon.core.exception.StepFailedException: Unable to click on object 'Object Repository/OR_Incredible Connection/Games/a_PlayStation'
	at com.kms.katalon.core.webui.keyword.internal.WebUIKeywordMain.stepFailed(WebUIKeywordMain.groovy:64)
	at com.kms.katalon.core.webui.keyword.internal.WebUIKeywordMain.runKeyword(WebUIKeywordMain.groovy:26)
	at com.kms.katalon.core.webui.keyword.builtin.ClickKeyword.click(ClickKeyword.groovy:74)
	at com.kms.katalon.core.webui.keyword.builtin.ClickKeyword.execute(ClickKeyword.groovy:40)
	at com.kms.katalon.core.keyword.internal.KeywordExecutor.executeKeywordForPlatform(KeywordExecutor.groovy:74)
	at com.kms.katalon.core.webui.keyword.WebUiBuiltInKeywords.click(WebUiBuiltInKeywords.groovy:620)
	at com.kms.katalon.core.webui.keyword.WebUiBuiltInKeywords$click$3.call(Unknown Source)
	at Gaming.run(Gaming:24)
	at com.kms.katalon.core.main.ScriptEngine.run(ScriptEngine.java:194)
	at com.kms.katalon.core.main.ScriptEngine.runScriptAsRawText(ScriptEngine.java:119)
	at com.kms.katalon.core.main.TestCaseExecutor.runScript(TestCaseExecutor.java:448)
	at com.kms.katalon.core.main.TestCaseExecutor.doExecute(TestCaseExecutor.java:439)
	at com.kms.katalon.core.main.TestCaseExecutor.processExecutionPhase(TestCaseExecutor.java:418)
	at com.kms.katalon.core.main.TestCaseExecutor.accessMainPhase(TestCaseExecutor.java:410)
	at com.kms.katalon.core.main.TestCaseExecutor.execute(TestCaseExecutor.java:285)
	at com.kms.katalon.core.common.CommonExecutor.accessTestCaseMainPhase(CommonExecutor.java:65)
	at com.kms.katalon.core.main.TestSuiteExecutor.accessTestSuiteMainPhase(TestSuiteExecutor.java:151)
	at com.kms.katalon.core.main.TestSuiteExecutor.execute(TestSuiteExecutor.java:106)
	at com.kms.katalon.core.main.TestCaseMain.startTestSuite(TestCaseMain.java:185)
	at com.kms.katalon.core.main.TestCaseMain$startTestSuite$0.call(Unknown Source)
	at TempTestSuite1675890762434.run(TempTestSuite1675890762434.groovy:36)
Caused by: org.openqa.selenium.ElementClickInterceptedException: element click intercepted: Element <a class="v-navigation__link v-navigation__link--level3 v-navigation__link--url-playstation v-navigation__link--nav-1-4-2-1" href="https://www.incredible.co.za/products/gaming/games/playstation">...</a> is not clickable at point (951, 76). Other element would receive the click: <ul>...</ul>
  (Session info: chrome=110.0.5481.77)
Build info: version: '3.141.59', revision: 'e82be7d358', time: '2018-11-14T08:25:53'
System info: host: 'DEOLINDO', ip: '192.168.1.171', os.name: 'Windows 10', os.arch: 'amd64', os.version: '10.0', java.version: '1.8.0_282'
Driver info: com.kms.katalon.selenium.driver.CChromeDriver
Capabilities {acceptInsecureCerts: false, browserName: chrome, browserVersion: 110.0.5481.77, chrome: {chromedriverVersion: 110.0.5481.77 (65ed616c6e8e..., userDataDir: C:\Users\Admin\AppData\Loca...}, goog:chromeOptions: {debuggerAddress: localhost:58812}, javascriptEnabled: true, networkConnectionEnabled: false, pageLoadStrategy: normal, platform: WINDOWS, platformName: WINDOWS, proxy: Proxy(), setWindowRect: true, strictFileInteractability: false, timeouts: {implicit: 0, pageLoad: 300000, script: 30000}, unhandledPromptBehavior: dismiss and notify, webauthn:extension:credBlob: true, webauthn:extension:largeBlob: true, webauthn:virtualAuthenticators: true}
Session ID: a97d66ae88701527fbae1c49c926b761
	at org.openqa.selenium.remote.http.W3CHttpResponseCodec.createException(W3CHttpResponseCodec.java:187)
	at org.openqa.selenium.remote.http.W3CHttpResponseCodec.decode(W3CHttpResponseCodec.java:122)
	at org.openqa.selenium.remote.http.W3CHttpResponseCodec.decode(W3CHttpResponseCodec.java:49)
	at org.openqa.selenium.remote.HttpCommandExecutor.execute(HttpCommandExecutor.java:158)
	at org.openqa.selenium.remote.service.DriverCommandExecutor.execute(DriverCommandExecutor.java:83)
	at org.openqa.selenium.remote.RemoteWebDriver.execute(RemoteWebDriver.java:552)
	at com.kms.katalon.selenium.driver.CChromeDriver.execute(CChromeDriver.java:19)
	at org.openqa.selenium.remote.RemoteWebElement.execute(RemoteWebElement.java:285)
	at org.openqa.selenium.remote.RemoteWebElement.click(RemoteWebElement.java:84)
	at org.openqa.selenium.support.events.EventFiringWebDriver$EventFiringWebElement.lambda$new$0(EventFiringWebDriver.java:404)
	at com.sun.proxy.$Proxy11.click(Unknown Source)
	at org.openqa.selenium.support.events.EventFiringWebDriver$EventFiringWebElement.click(EventFiringWebDriver.java:417)
	at org.openqa.selenium.WebElement$click.call(Unknown Source)
	at com.kms.katalon.core.webui.keyword.builtin.ClickKeyword.clickUntilSuccessWithTimeout(ClickKeyword.groovy:81)
	at com.kms.katalon.core.webui.keyword.builtin.ClickKeyword.clickUntilSuccessWithTimeout(ClickKeyword.groovy)
	at com.kms.katalon.core.webui.keyword.builtin.ClickKeyword$_click_closure1.doCall(ClickKeyword.groovy:67)
	at com.kms.katalon.core.webui.keyword.builtin.ClickKeyword$_click_closure1.call(ClickKeyword.groovy)
	at com.kms.katalon.core.webui.keyword.internal.WebUIKeywordMain.runKeyword(WebUIKeywordMain.groovy:20)
	at com.kms.katalon.core.webui.keyword.builtin.ClickKeyword.click(ClickKeyword.groovy:74)
	at com.kms.katalon.core.webui.keyword.builtin.ClickKeyword.execute(ClickKeyword.groovy:40)
	at com.kms.katalon.core.keyword.internal.KeywordExecutor.executeKeywordForPlatform(KeywordExecutor.groovy:74)
	at com.kms.katalon.core.webui.keyword.WebUiBuiltInKeywords.click(WebUiBuiltInKeywords.groovy:620)
	at com.kms.katalon.core.webui.keyword.WebUiBuiltInKeywords$click$3.call(Unknown Source)
	at Script1675801609289.run(Script1675801609289.groovy:24)
	... 13 more
)
[[ATTACHMENT|C:\\Users\\Admin\\Katalon Studio\\katalon-practice (1)\\Reports\\20230208_221226\\Incredible Connection\\20230208_221242\\1675890955236.png]]]]></system-out>
         <system-err><![CDATA[2023-02-08 22:14:55 - [TEST_CASE][FAILED] - Test Cases/Incredible Connection/Gaming: Test Cases/Incredible Connection/Gaming FAILED.
Reason:
com.kms.katalon.core.exception.StepFailedException: Unable to click on object 'Object Repository/OR_Incredible Connection/Games/a_PlayStation'
	at com.kms.katalon.core.webui.keyword.internal.WebUIKeywordMain.stepFailed(WebUIKeywordMain.groovy:64)
	at com.kms.katalon.core.webui.keyword.internal.WebUIKeywordMain.runKeyword(WebUIKeywordMain.groovy:26)
	at com.kms.katalon.core.webui.keyword.builtin.ClickKeyword.click(ClickKeyword.groovy:74)
	at com.kms.katalon.core.webui.keyword.builtin.ClickKeyword.execute(ClickKeyword.groovy:40)
	at com.kms.katalon.core.keyword.internal.KeywordExecutor.executeKeywordForPlatform(KeywordExecutor.groovy:74)
	at com.kms.katalon.core.webui.keyword.WebUiBuiltInKeywords.click(WebUiBuiltInKeywords.groovy:620)
	at com.kms.katalon.core.webui.keyword.WebUiBuiltInKeywords$click$3.call(Unknown Source)
	at Gaming.run(Gaming:24)
	at com.kms.katalon.core.main.ScriptEngine.run(ScriptEngine.java:194)
	at com.kms.katalon.core.main.ScriptEngine.runScriptAsRawText(ScriptEngine.java:119)
	at com.kms.katalon.core.main.TestCaseExecutor.runScript(TestCaseExecutor.java:448)
	at com.kms.katalon.core.main.TestCaseExecutor.doExecute(TestCaseExecutor.java:439)
	at com.kms.katalon.core.main.TestCaseExecutor.processExecutionPhase(TestCaseExecutor.java:418)
	at com.kms.katalon.core.main.TestCaseExecutor.accessMainPhase(TestCaseExecutor.java:410)
	at com.kms.katalon.core.main.TestCaseExecutor.execute(TestCaseExecutor.java:285)
	at com.kms.katalon.core.common.CommonExecutor.accessTestCaseMainPhase(CommonExecutor.java:65)
	at com.kms.katalon.core.main.TestSuiteExecutor.accessTestSuiteMainPhase(TestSuiteExecutor.java:151)
	at com.kms.katalon.core.main.TestSuiteExecutor.execute(TestSuiteExecutor.java:106)
	at com.kms.katalon.core.main.TestCaseMain.startTestSuite(TestCaseMain.java:185)
	at com.kms.katalon.core.main.TestCaseMain$startTestSuite$0.call(Unknown Source)
	at TempTestSuite1675890762434.run(TempTestSuite1675890762434.groovy:36)
Caused by: org.openqa.selenium.ElementClickInterceptedException: element click intercepted: Element <a class="v-navigation__link v-navigation__link--level3 v-navigation__link--url-playstation v-navigation__link--nav-1-4-2-1" href="https://www.incredible.co.za/products/gaming/games/playstation">...</a> is not clickable at point (951, 76). Other element would receive the click: <ul>...</ul>
  (Session info: chrome=110.0.5481.77)
Build info: version: '3.141.59', revision: 'e82be7d358', time: '2018-11-14T08:25:53'
System info: host: 'DEOLINDO', ip: '192.168.1.171', os.name: 'Windows 10', os.arch: 'amd64', os.version: '10.0', java.version: '1.8.0_282'
Driver info: com.kms.katalon.selenium.driver.CChromeDriver
Capabilities {acceptInsecureCerts: false, browserName: chrome, browserVersion: 110.0.5481.77, chrome: {chromedriverVersion: 110.0.5481.77 (65ed616c6e8e..., userDataDir: C:\Users\Admin\AppData\Loca...}, goog:chromeOptions: {debuggerAddress: localhost:58812}, javascriptEnabled: true, networkConnectionEnabled: false, pageLoadStrategy: normal, platform: WINDOWS, platformName: WINDOWS, proxy: Proxy(), setWindowRect: true, strictFileInteractability: false, timeouts: {implicit: 0, pageLoad: 300000, script: 30000}, unhandledPromptBehavior: dismiss and notify, webauthn:extension:credBlob: true, webauthn:extension:largeBlob: true, webauthn:virtualAuthenticators: true}
Session ID: a97d66ae88701527fbae1c49c926b761
	at org.openqa.selenium.remote.http.W3CHttpResponseCodec.createException(W3CHttpResponseCodec.java:187)
	at org.openqa.selenium.remote.http.W3CHttpResponseCodec.decode(W3CHttpResponseCodec.java:122)
	at org.openqa.selenium.remote.http.W3CHttpResponseCodec.decode(W3CHttpResponseCodec.java:49)
	at org.openqa.selenium.remote.HttpCommandExecutor.execute(HttpCommandExecutor.java:158)
	at org.openqa.selenium.remote.service.DriverCommandExecutor.execute(DriverCommandExecutor.java:83)
	at org.openqa.selenium.remote.RemoteWebDriver.execute(RemoteWebDriver.java:552)
	at com.kms.katalon.selenium.driver.CChromeDriver.execute(CChromeDriver.java:19)
	at org.openqa.selenium.remote.RemoteWebElement.execute(RemoteWebElement.java:285)
	at org.openqa.selenium.remote.RemoteWebElement.click(RemoteWebElement.java:84)
	at org.openqa.selenium.support.events.EventFiringWebDriver$EventFiringWebElement.lambda$new$0(EventFiringWebDriver.java:404)
	at com.sun.proxy.$Proxy11.click(Unknown Source)
	at org.openqa.selenium.support.events.EventFiringWebDriver$EventFiringWebElement.click(EventFiringWebDriver.java:417)
	at org.openqa.selenium.WebElement$click.call(Unknown Source)
	at com.kms.katalon.core.webui.keyword.builtin.ClickKeyword.clickUntilSuccessWithTimeout(ClickKeyword.groovy:81)
	at com.kms.katalon.core.webui.keyword.builtin.ClickKeyword.clickUntilSuccessWithTimeout(ClickKeyword.groovy)
	at com.kms.katalon.core.webui.keyword.builtin.ClickKeyword$_click_closure1.doCall(ClickKeyword.groovy:67)
	at com.kms.katalon.core.webui.keyword.builtin.ClickKeyword$_click_closure1.call(ClickKeyword.groovy)
	at com.kms.katalon.core.webui.keyword.internal.WebUIKeywordMain.runKeyword(WebUIKeywordMain.groovy:20)
	... 19 more]]></system-err>
      </testcase>
      <testcase name="Test Cases/Incredible Connection/Help" time="36.047" classname="Test Cases/Incredible Connection/Help" status="PASSED">
         <system-out><![CDATA[2023-02-08 22:15:56 - [TEST_CASE][PASSED] - Test Cases/Incredible Connection/Help: Test Cases/Incredible Connection/Help

2023-02-08 22:15:56 - [TEST_STEP][PASSED] - callTestCase(findTestCase("Incredible Connection/Landing Page"), [:], STOP_ON_FAILURE): Call Test Case 'Test Cases/Incredible Connection/Landing Page' successfully

2023-02-08 22:15:56 - [TEST_CASE][PASSED] - Test Cases/Incredible Connection/Landing Page: Test Cases/Incredible Connection/Landing Page

2023-02-08 22:15:56 - [TEST_STEP][PASSED] - openBrowser(""): Browser is opened with url: ''

2023-02-08 22:15:56 - [MESSAGE][WARNING] - A browser is already opened. Closing browser and opening a new one

2023-02-08 22:15:57 - [MESSAGE][INFO] - Starting 'Chrome' driver

2023-02-08 22:15:57 - [MESSAGE][INFO] - Action delay is set to 0 milliseconds

2023-02-08 22:16:01 - [MESSAGE][PASSED] - Browser is opened with url: ''

2023-02-08 22:16:01 - [TEST_STEP][PASSED] - navigateToUrl("https://www.incredible.co.za/"): Navigate to 'https://www.incredible.co.za/' successfully

2023-02-08 22:16:12 - [MESSAGE][PASSED] - Navigate to 'https://www.incredible.co.za/' successfully

2023-02-08 22:16:12 - [TEST_STEP][PASSED] - takeScreenshotAsCheckpoint("landing_page"): Taking screenshot successfully

2023-02-08 22:16:13 - [MESSAGE][INFO] - 0 hidden object(s)

2023-02-08 22:16:14 - [MESSAGE][PASSED] - Taking screenshot successfully
[[ATTACHMENT|keyes\keyes-landing_page.png]]

2023-02-08 22:16:14 - [MESSAGE][PASSED] - Call Test Case 'Test Cases/Incredible Connection/Landing Page' successfully

2023-02-08 22:16:14 - [TEST_STEP][PASSED] - click(findTestObject("Object Repository/OR_Incredible Connection/Help/a_Help")): Object: 'Object Repository/OR_Incredible Connection/Help/a_Help' is clicked on

2023-02-08 22:16:17 - [MESSAGE][PASSED] - Object: 'Object Repository/OR_Incredible Connection/Help/a_Help' is clicked on

2023-02-08 22:16:17 - [TEST_STEP][PASSED] - click(findTestObject("Object Repository/OR_Incredible Connection/Help/a_My Incredible online account")): Object: 'Object Repository/OR_Incredible Connection/Help/a_My Incredible online account' is clicked on

2023-02-08 22:16:21 - [MESSAGE][PASSED] - Object: 'Object Repository/OR_Incredible Connection/Help/a_My Incredible online account' is clicked on

2023-02-08 22:16:21 - [TEST_STEP][PASSED] - click(findTestObject("Object Repository/OR_Incredible Connection/Help/a_Click  Collect")): Object: 'Object Repository/OR_Incredible Connection/Help/a_Click  Collect' is clicked on

2023-02-08 22:16:24 - [MESSAGE][PASSED] - Object: 'Object Repository/OR_Incredible Connection/Help/a_Click  Collect' is clicked on

2023-02-08 22:16:24 - [TEST_STEP][PASSED] - click(findTestObject("Object Repository/OR_Incredible Connection/Help/a_Trade-in your Device")): Object: 'Object Repository/OR_Incredible Connection/Help/a_Trade-in your Device' is clicked on

2023-02-08 22:16:26 - [MESSAGE][PASSED] - Object: 'Object Repository/OR_Incredible Connection/Help/a_Trade-in your Device' is clicked on

2023-02-08 22:16:26 - [TEST_STEP][PASSED] - click(findTestObject("Object Repository/OR_Incredible Connection/Help/a_Returns and Refunds")): Object: 'Object Repository/OR_Incredible Connection/Help/a_Returns and Refunds' is clicked on

2023-02-08 22:16:30 - [MESSAGE][PASSED] - Object: 'Object Repository/OR_Incredible Connection/Help/a_Returns and Refunds' is clicked on

2023-02-08 22:16:30 - [TEST_STEP][PASSED] - verifyElementText(findTestObject("Object Repository/OR_Incredible Connection/Help/strong_Not satisfied with your Online Purchase"), "Not satisfied with your Online Purchase?"): Actual text and expected text of test object 'Object Repository/OR_Incredible Connection/Help/strong_Not satisfied with your Online Purchase' are matched.

2023-02-08 22:16:30 - [MESSAGE][PASSED] - Actual text and expected text of test object 'Object Repository/OR_Incredible Connection/Help/strong_Not satisfied with your Online Purchase' are matched.

2023-02-08 22:16:30 - [TEST_STEP][PASSED] - takeScreenshotAsCheckpoint("help"): Taking screenshot successfully

2023-02-08 22:16:31 - [MESSAGE][INFO] - 0 hidden object(s)

2023-02-08 22:16:32 - [MESSAGE][PASSED] - Taking screenshot successfully
[[ATTACHMENT|keyes\keyes-help.png]]]]></system-out>
         <system-err><![CDATA[]]></system-err>
      </testcase>
      <testcase name="Test Cases/Incredible Connection/Landing Page" time="16.802" classname="Test Cases/Incredible Connection/Landing Page" status="PASSED">
         <system-out><![CDATA[2023-02-08 22:16:32 - [TEST_CASE][PASSED] - Test Cases/Incredible Connection/Landing Page: Test Cases/Incredible Connection/Landing Page

2023-02-08 22:16:32 - [TEST_STEP][PASSED] - openBrowser(""): Browser is opened with url: ''

2023-02-08 22:16:32 - [MESSAGE][WARNING] - A browser is already opened. Closing browser and opening a new one

2023-02-08 22:16:33 - [MESSAGE][INFO] - Starting 'Chrome' driver

2023-02-08 22:16:33 - [MESSAGE][INFO] - Action delay is set to 0 milliseconds

2023-02-08 22:16:36 - [MESSAGE][PASSED] - Browser is opened with url: ''

2023-02-08 22:16:36 - [TEST_STEP][PASSED] - navigateToUrl("https://www.incredible.co.za/"): Navigate to 'https://www.incredible.co.za/' successfully

2023-02-08 22:16:47 - [MESSAGE][PASSED] - Navigate to 'https://www.incredible.co.za/' successfully

2023-02-08 22:16:47 - [TEST_STEP][PASSED] - takeScreenshotAsCheckpoint("landing_page"): Taking screenshot successfully

2023-02-08 22:16:48 - [MESSAGE][INFO] - 0 hidden object(s)

2023-02-08 22:16:48 - [MESSAGE][PASSED] - Taking screenshot successfully
[[ATTACHMENT|keyes\keyes-landing_page.png]]]]></system-out>
         <system-err><![CDATA[]]></system-err>
      </testcase>
      <testcase name="Test Cases/Incredible Connection/Payment" time="55.427" classname="Test Cases/Incredible Connection/Payment" status="FAILED">
         <failure type="FAILED" message="Test Cases/Incredible Connection/Payment FAILED.
Reason:
com.kms.katalon.core.exception.StepFailedException: Unable to click on object 'Object Repository/OR_Incredible Connection/Payment/img_Affordable Payment Options_pagebuilder-_f36f34'
	at com.kms.katalon.core.webui.keyword.internal.WebUIKeywordMain.stepFailed(WebUIKeywordMain.groovy:64)
	at com.kms.katalon.core.webui.keyword.internal.WebUIKeywordMain.runKeyword(WebUIKeywordMain.groovy:26)
	at com.kms.katalon.core.webui.keyword.builtin.ClickKeyword.click(ClickKeyword.groovy:74)
	at com.kms.katalon.core.webui.keyword.builtin.ClickKeyword.execute(ClickKeyword.groovy:40)
	at com.kms.katalon.core.keyword.internal.KeywordExecutor.executeKeywordForPlatform(KeywordExecutor.groovy:74)
	at com.kms.katalon.core.webui.keyword.WebUiBuiltInKeywords.click(WebUiBuiltInKeywords.groovy:620)
	at com.kms.katalon.core.webui.keyword.WebUiBuiltInKeywords$click$3.call(Unknown Source)
	at Payment.run(Payment:24)
	at com.kms.katalon.core.main.ScriptEngine.run(ScriptEngine.java:194)
	at com.kms.katalon.core.main.ScriptEngine.runScriptAsRawText(ScriptEngine.java:119)
	at com.kms.katalon.core.main.TestCaseExecutor.runScript(TestCaseExecutor.java:448)
	at com.kms.katalon.core.main.TestCaseExecutor.doExecute(TestCaseExecutor.java:439)
	at com.kms.katalon.core.main.TestCaseExecutor.processExecutionPhase(TestCaseExecutor.java:418)
	at com.kms.katalon.core.main.TestCaseExecutor.accessMainPhase(TestCaseExecutor.java:410)
	at com.kms.katalon.core.main.TestCaseExecutor.execute(TestCaseExecutor.java:285)
	at com.kms.katalon.core.common.CommonExecutor.accessTestCaseMainPhase(CommonExecutor.java:65)
	at com.kms.katalon.core.main.TestSuiteExecutor.accessTestSuiteMainPhase(TestSuiteExecutor.java:151)
	at com.kms.katalon.core.main.TestSuiteExecutor.execute(TestSuiteExecutor.java:106)
	at com.kms.katalon.core.main.TestCaseMain.startTestSuite(TestCaseMain.java:185)
	at com.kms.katalon.core.main.TestCaseMain$startTestSuite$0.call(Unknown Source)
	at TempTestSuite1675890762434.run(TempTestSuite1675890762434.groovy:36)
Caused by: org.openqa.selenium.ElementClickInterceptedException: element click intercepted: Element &lt;img class=&quot;pagebuilder-mobile-hidden&quot; src=&quot;https://www.incredible.co.za/media/wysiwyg/1_3_page_CTA-Apply_Online_1.png&quot; alt=&quot;&quot; title=&quot;&quot; data-src=&quot;https://www.incredible.co.za/media/wysiwyg/1_3_page_CTA-Apply_Online_1.png&quot; data-above-the-fold=&quot;no&quot; data-element=&quot;desktop_image&quot; data-pb-style=&quot;EHTIDXO&quot; loading=&quot;lazy&quot;> is not clickable at point (180, 646). Other element would receive the click: &lt;div class=&quot;cookie-notice-content&quot;>...&lt;/div>
  (Session info: chrome=110.0.5481.77)
Build info: version: '3.141.59', revision: 'e82be7d358', time: '2018-11-14T08:25:53'
System info: host: 'DEOLINDO', ip: '192.168.1.171', os.name: 'Windows 10', os.arch: 'amd64', os.version: '10.0', java.version: '1.8.0_282'
Driver info: com.kms.katalon.selenium.driver.CChromeDriver
Capabilities {acceptInsecureCerts: false, browserName: chrome, browserVersion: 110.0.5481.77, chrome: {chromedriverVersion: 110.0.5481.77 (65ed616c6e8e..., userDataDir: C:\Users\Admin\AppData\Loca...}, goog:chromeOptions: {debuggerAddress: localhost:59040}, javascriptEnabled: true, networkConnectionEnabled: false, pageLoadStrategy: normal, platform: WINDOWS, platformName: WINDOWS, proxy: Proxy(), setWindowRect: true, strictFileInteractability: false, timeouts: {implicit: 0, pageLoad: 300000, script: 30000}, unhandledPromptBehavior: dismiss and notify, webauthn:extension:credBlob: true, webauthn:extension:largeBlob: true, webauthn:virtualAuthenticators: true}
Session ID: da4a0b307c37c5f3a6d00e4590dcc14e
	at org.openqa.selenium.remote.http.W3CHttpResponseCodec.createException(W3CHttpResponseCodec.java:187)
	at org.openqa.selenium.remote.http.W3CHttpResponseCodec.decode(W3CHttpResponseCodec.java:122)
	at org.openqa.selenium.remote.http.W3CHttpResponseCodec.decode(W3CHttpResponseCodec.java:49)
	at org.openqa.selenium.remote.HttpCommandExecutor.execute(HttpCommandExecutor.java:158)
	at org.openqa.selenium.remote.service.DriverCommandExecutor.execute(DriverCommandExecutor.java:83)
	at org.openqa.selenium.remote.RemoteWebDriver.execute(RemoteWebDriver.java:552)
	at com.kms.katalon.selenium.driver.CChromeDriver.execute(CChromeDriver.java:19)
	at org.openqa.selenium.remote.RemoteWebElement.execute(RemoteWebElement.java:285)
	at org.openqa.selenium.remote.RemoteWebElement.click(RemoteWebElement.java:84)
	at org.openqa.selenium.support.events.EventFiringWebDriver$EventFiringWebElement.lambda$new$0(EventFiringWebDriver.java:404)
	at com.sun.proxy.$Proxy11.click(Unknown Source)
	at org.openqa.selenium.support.events.EventFiringWebDriver$EventFiringWebElement.click(EventFiringWebDriver.java:417)
	at org.openqa.selenium.WebElement$click.call(Unknown Source)
	at com.kms.katalon.core.webui.keyword.builtin.ClickKeyword.clickUntilSuccessWithTimeout(ClickKeyword.groovy:81)
	at com.kms.katalon.core.webui.keyword.builtin.ClickKeyword.clickUntilSuccessWithTimeout(ClickKeyword.groovy)
	at com.kms.katalon.core.webui.keyword.builtin.ClickKeyword$_click_closure1.doCall(ClickKeyword.groovy:67)
	at com.kms.katalon.core.webui.keyword.builtin.ClickKeyword$_click_closure1.call(ClickKeyword.groovy)
	at com.kms.katalon.core.webui.keyword.internal.WebUIKeywordMain.runKeyword(WebUIKeywordMain.groovy:20)
	... 19 more
"/>
         <system-out><![CDATA[2023-02-08 22:16:48 - [TEST_CASE][FAILED] - Test Cases/Incredible Connection/Payment: Test Cases/Incredible Connection/Payment FAILED.
Reason:
com.kms.katalon.core.exception.StepFailedException: Unable to click on object 'Object Repository/OR_Incredible Connection/Payment/img_Affordable Payment Options_pagebuilder-_f36f34'
	at com.kms.katalon.core.webui.keyword.internal.WebUIKeywordMain.stepFailed(WebUIKeywordMain.groovy:64)
	at com.kms.katalon.core.webui.keyword.internal.WebUIKeywordMain.runKeyword(WebUIKeywordMain.groovy:26)
	at com.kms.katalon.core.webui.keyword.builtin.ClickKeyword.click(ClickKeyword.groovy:74)
	at com.kms.katalon.core.webui.keyword.builtin.ClickKeyword.execute(ClickKeyword.groovy:40)
	at com.kms.katalon.core.keyword.internal.KeywordExecutor.executeKeywordForPlatform(KeywordExecutor.groovy:74)
	at com.kms.katalon.core.webui.keyword.WebUiBuiltInKeywords.click(WebUiBuiltInKeywords.groovy:620)
	at com.kms.katalon.core.webui.keyword.WebUiBuiltInKeywords$click$3.call(Unknown Source)
	at Payment.run(Payment:24)
	at com.kms.katalon.core.main.ScriptEngine.run(ScriptEngine.java:194)
	at com.kms.katalon.core.main.ScriptEngine.runScriptAsRawText(ScriptEngine.java:119)
	at com.kms.katalon.core.main.TestCaseExecutor.runScript(TestCaseExecutor.java:448)
	at com.kms.katalon.core.main.TestCaseExecutor.doExecute(TestCaseExecutor.java:439)
	at com.kms.katalon.core.main.TestCaseExecutor.processExecutionPhase(TestCaseExecutor.java:418)
	at com.kms.katalon.core.main.TestCaseExecutor.accessMainPhase(TestCaseExecutor.java:410)
	at com.kms.katalon.core.main.TestCaseExecutor.execute(TestCaseExecutor.java:285)
	at com.kms.katalon.core.common.CommonExecutor.accessTestCaseMainPhase(CommonExecutor.java:65)
	at com.kms.katalon.core.main.TestSuiteExecutor.accessTestSuiteMainPhase(TestSuiteExecutor.java:151)
	at com.kms.katalon.core.main.TestSuiteExecutor.execute(TestSuiteExecutor.java:106)
	at com.kms.katalon.core.main.TestCaseMain.startTestSuite(TestCaseMain.java:185)
	at com.kms.katalon.core.main.TestCaseMain$startTestSuite$0.call(Unknown Source)
	at TempTestSuite1675890762434.run(TempTestSuite1675890762434.groovy:36)
Caused by: org.openqa.selenium.ElementClickInterceptedException: element click intercepted: Element <img class="pagebuilder-mobile-hidden" src="https://www.incredible.co.za/media/wysiwyg/1_3_page_CTA-Apply_Online_1.png" alt="" title="" data-src="https://www.incredible.co.za/media/wysiwyg/1_3_page_CTA-Apply_Online_1.png" data-above-the-fold="no" data-element="desktop_image" data-pb-style="EHTIDXO" loading="lazy"> is not clickable at point (180, 646). Other element would receive the click: <div class="cookie-notice-content">...</div>
  (Session info: chrome=110.0.5481.77)
Build info: version: '3.141.59', revision: 'e82be7d358', time: '2018-11-14T08:25:53'
System info: host: 'DEOLINDO', ip: '192.168.1.171', os.name: 'Windows 10', os.arch: 'amd64', os.version: '10.0', java.version: '1.8.0_282'
Driver info: com.kms.katalon.selenium.driver.CChromeDriver
Capabilities {acceptInsecureCerts: false, browserName: chrome, browserVersion: 110.0.5481.77, chrome: {chromedriverVersion: 110.0.5481.77 (65ed616c6e8e..., userDataDir: C:\Users\Admin\AppData\Loca...}, goog:chromeOptions: {debuggerAddress: localhost:59040}, javascriptEnabled: true, networkConnectionEnabled: false, pageLoadStrategy: normal, platform: WINDOWS, platformName: WINDOWS, proxy: Proxy(), setWindowRect: true, strictFileInteractability: false, timeouts: {implicit: 0, pageLoad: 300000, script: 30000}, unhandledPromptBehavior: dismiss and notify, webauthn:extension:credBlob: true, webauthn:extension:largeBlob: true, webauthn:virtualAuthenticators: true}
Session ID: da4a0b307c37c5f3a6d00e4590dcc14e
	at org.openqa.selenium.remote.http.W3CHttpResponseCodec.createException(W3CHttpResponseCodec.java:187)
	at org.openqa.selenium.remote.http.W3CHttpResponseCodec.decode(W3CHttpResponseCodec.java:122)
	at org.openqa.selenium.remote.http.W3CHttpResponseCodec.decode(W3CHttpResponseCodec.java:49)
	at org.openqa.selenium.remote.HttpCommandExecutor.execute(HttpCommandExecutor.java:158)
	at org.openqa.selenium.remote.service.DriverCommandExecutor.execute(DriverCommandExecutor.java:83)
	at org.openqa.selenium.remote.RemoteWebDriver.execute(RemoteWebDriver.java:552)
	at com.kms.katalon.selenium.driver.CChromeDriver.execute(CChromeDriver.java:19)
	at org.openqa.selenium.remote.RemoteWebElement.execute(RemoteWebElement.java:285)
	at org.openqa.selenium.remote.RemoteWebElement.click(RemoteWebElement.java:84)
	at org.openqa.selenium.support.events.EventFiringWebDriver$EventFiringWebElement.lambda$new$0(EventFiringWebDriver.java:404)
	at com.sun.proxy.$Proxy11.click(Unknown Source)
	at org.openqa.selenium.support.events.EventFiringWebDriver$EventFiringWebElement.click(EventFiringWebDriver.java:417)
	at org.openqa.selenium.WebElement$click.call(Unknown Source)
	at com.kms.katalon.core.webui.keyword.builtin.ClickKeyword.clickUntilSuccessWithTimeout(ClickKeyword.groovy:81)
	at com.kms.katalon.core.webui.keyword.builtin.ClickKeyword.clickUntilSuccessWithTimeout(ClickKeyword.groovy)
	at com.kms.katalon.core.webui.keyword.builtin.ClickKeyword$_click_closure1.doCall(ClickKeyword.groovy:67)
	at com.kms.katalon.core.webui.keyword.builtin.ClickKeyword$_click_closure1.call(ClickKeyword.groovy)
	at com.kms.katalon.core.webui.keyword.internal.WebUIKeywordMain.runKeyword(WebUIKeywordMain.groovy:20)
	... 19 more


2023-02-08 22:16:49 - [TEST_STEP][PASSED] - callTestCase(findTestCase("Incredible Connection/Landing Page"), [:], STOP_ON_FAILURE): Call Test Case 'Test Cases/Incredible Connection/Landing Page' successfully

2023-02-08 22:16:49 - [TEST_CASE][PASSED] - Test Cases/Incredible Connection/Landing Page: Test Cases/Incredible Connection/Landing Page

2023-02-08 22:16:49 - [TEST_STEP][PASSED] - openBrowser(""): Browser is opened with url: ''

2023-02-08 22:16:49 - [MESSAGE][WARNING] - A browser is already opened. Closing browser and opening a new one

2023-02-08 22:16:50 - [MESSAGE][INFO] - Starting 'Chrome' driver

2023-02-08 22:16:50 - [MESSAGE][INFO] - Action delay is set to 0 milliseconds

2023-02-08 22:16:54 - [MESSAGE][PASSED] - Browser is opened with url: ''

2023-02-08 22:16:54 - [TEST_STEP][PASSED] - navigateToUrl("https://www.incredible.co.za/"): Navigate to 'https://www.incredible.co.za/' successfully

2023-02-08 22:17:05 - [MESSAGE][PASSED] - Navigate to 'https://www.incredible.co.za/' successfully

2023-02-08 22:17:05 - [TEST_STEP][PASSED] - takeScreenshotAsCheckpoint("landing_page"): Taking screenshot successfully

2023-02-08 22:17:06 - [MESSAGE][INFO] - 0 hidden object(s)

2023-02-08 22:17:06 - [MESSAGE][PASSED] - Taking screenshot successfully
[[ATTACHMENT|keyes\keyes-landing_page.png]]

2023-02-08 22:17:06 - [MESSAGE][PASSED] - Call Test Case 'Test Cases/Incredible Connection/Landing Page' successfully

2023-02-08 22:17:06 - [TEST_STEP][PASSED] - click(findTestObject("Object Repository/OR_Incredible Connection/Payment/a_Payment")): Object: 'Object Repository/OR_Incredible Connection/Payment/a_Payment' is clicked on

2023-02-08 22:17:10 - [MESSAGE][PASSED] - Object: 'Object Repository/OR_Incredible Connection/Payment/a_Payment' is clicked on

2023-02-08 22:17:10 - [TEST_STEP][FAILED] - click(findTestObject("Object Repository/OR_Incredible Connection/Payment/img_Affordable Payment Options_pagebuilder-_f36f34")): Unable to click on object 'Object Repository/OR_Incredible Connection/Payment/img_Affordable Payment Options_pagebuilder-_f36f34' (Root cause: com.kms.katalon.core.exception.StepFailedException: Unable to click on object 'Object Repository/OR_Incredible Connection/Payment/img_Affordable Payment Options_pagebuilder-_f36f34'
	at com.kms.katalon.core.webui.keyword.internal.WebUIKeywordMain.stepFailed(WebUIKeywordMain.groovy:64)
	at com.kms.katalon.core.webui.keyword.internal.WebUIKeywordMain.runKeyword(WebUIKeywordMain.groovy:26)
	at com.kms.katalon.core.webui.keyword.builtin.ClickKeyword.click(ClickKeyword.groovy:74)
	at com.kms.katalon.core.webui.keyword.builtin.ClickKeyword.execute(ClickKeyword.groovy:40)
	at com.kms.katalon.core.keyword.internal.KeywordExecutor.executeKeywordForPlatform(KeywordExecutor.groovy:74)
	at com.kms.katalon.core.webui.keyword.WebUiBuiltInKeywords.click(WebUiBuiltInKeywords.groovy:620)
	at com.kms.katalon.core.webui.keyword.WebUiBuiltInKeywords$click$3.call(Unknown Source)
	at Payment.run(Payment:24)
	at com.kms.katalon.core.main.ScriptEngine.run(ScriptEngine.java:194)
	at com.kms.katalon.core.main.ScriptEngine.runScriptAsRawText(ScriptEngine.java:119)
	at com.kms.katalon.core.main.TestCaseExecutor.runScript(TestCaseExecutor.java:448)
	at com.kms.katalon.core.main.TestCaseExecutor.doExecute(TestCaseExecutor.java:439)
	at com.kms.katalon.core.main.TestCaseExecutor.processExecutionPhase(TestCaseExecutor.java:418)
	at com.kms.katalon.core.main.TestCaseExecutor.accessMainPhase(TestCaseExecutor.java:410)
	at com.kms.katalon.core.main.TestCaseExecutor.execute(TestCaseExecutor.java:285)
	at com.kms.katalon.core.common.CommonExecutor.accessTestCaseMainPhase(CommonExecutor.java:65)
	at com.kms.katalon.core.main.TestSuiteExecutor.accessTestSuiteMainPhase(TestSuiteExecutor.java:151)
	at com.kms.katalon.core.main.TestSuiteExecutor.execute(TestSuiteExecutor.java:106)
	at com.kms.katalon.core.main.TestCaseMain.startTestSuite(TestCaseMain.java:185)
	at com.kms.katalon.core.main.TestCaseMain$startTestSuite$0.call(Unknown Source)
	at TempTestSuite1675890762434.run(TempTestSuite1675890762434.groovy:36)
Caused by: org.openqa.selenium.ElementClickInterceptedException: element click intercepted: Element <img class="pagebuilder-mobile-hidden" src="https://www.incredible.co.za/media/wysiwyg/1_3_page_CTA-Apply_Online_1.png" alt="" title="" data-src="https://www.incredible.co.za/media/wysiwyg/1_3_page_CTA-Apply_Online_1.png" data-above-the-fold="no" data-element="desktop_image" data-pb-style="EHTIDXO" loading="lazy"> is not clickable at point (180, 646). Other element would receive the click: <div class="cookie-notice-content">...</div>
  (Session info: chrome=110.0.5481.77)
Build info: version: '3.141.59', revision: 'e82be7d358', time: '2018-11-14T08:25:53'
System info: host: 'DEOLINDO', ip: '192.168.1.171', os.name: 'Windows 10', os.arch: 'amd64', os.version: '10.0', java.version: '1.8.0_282'
Driver info: com.kms.katalon.selenium.driver.CChromeDriver
Capabilities {acceptInsecureCerts: false, browserName: chrome, browserVersion: 110.0.5481.77, chrome: {chromedriverVersion: 110.0.5481.77 (65ed616c6e8e..., userDataDir: C:\Users\Admin\AppData\Loca...}, goog:chromeOptions: {debuggerAddress: localhost:59040}, javascriptEnabled: true, networkConnectionEnabled: false, pageLoadStrategy: normal, platform: WINDOWS, platformName: WINDOWS, proxy: Proxy(), setWindowRect: true, strictFileInteractability: false, timeouts: {implicit: 0, pageLoad: 300000, script: 30000}, unhandledPromptBehavior: dismiss and notify, webauthn:extension:credBlob: true, webauthn:extension:largeBlob: true, webauthn:virtualAuthenticators: true}
Session ID: da4a0b307c37c5f3a6d00e4590dcc14e
	at org.openqa.selenium.remote.http.W3CHttpResponseCodec.createException(W3CHttpResponseCodec.java:187)
	at org.openqa.selenium.remote.http.W3CHttpResponseCodec.decode(W3CHttpResponseCodec.java:122)
	at org.openqa.selenium.remote.http.W3CHttpResponseCodec.decode(W3CHttpResponseCodec.java:49)
	at org.openqa.selenium.remote.HttpCommandExecutor.execute(HttpCommandExecutor.java:158)
	at org.openqa.selenium.remote.service.DriverCommandExecutor.execute(DriverCommandExecutor.java:83)
	at org.openqa.selenium.remote.RemoteWebDriver.execute(RemoteWebDriver.java:552)
	at com.kms.katalon.selenium.driver.CChromeDriver.execute(CChromeDriver.java:19)
	at org.openqa.selenium.remote.RemoteWebElement.execute(RemoteWebElement.java:285)
	at org.openqa.selenium.remote.RemoteWebElement.click(RemoteWebElement.java:84)
	at org.openqa.selenium.support.events.EventFiringWebDriver$EventFiringWebElement.lambda$new$0(EventFiringWebDriver.java:404)
	at com.sun.proxy.$Proxy11.click(Unknown Source)
	at org.openqa.selenium.support.events.EventFiringWebDriver$EventFiringWebElement.click(EventFiringWebDriver.java:417)
	at org.openqa.selenium.WebElement$click.call(Unknown Source)
	at com.kms.katalon.core.webui.keyword.builtin.ClickKeyword.clickUntilSuccessWithTimeout(ClickKeyword.groovy:81)
	at com.kms.katalon.core.webui.keyword.builtin.ClickKeyword.clickUntilSuccessWithTimeout(ClickKeyword.groovy)
	at com.kms.katalon.core.webui.keyword.builtin.ClickKeyword$_click_closure1.doCall(ClickKeyword.groovy:67)
	at com.kms.katalon.core.webui.keyword.builtin.ClickKeyword$_click_closure1.call(ClickKeyword.groovy)
	at com.kms.katalon.core.webui.keyword.internal.WebUIKeywordMain.runKeyword(WebUIKeywordMain.groovy:20)
	at com.kms.katalon.core.webui.keyword.builtin.ClickKeyword.click(ClickKeyword.groovy:74)
	at com.kms.katalon.core.webui.keyword.builtin.ClickKeyword.execute(ClickKeyword.groovy:40)
	at com.kms.katalon.core.keyword.internal.KeywordExecutor.executeKeywordForPlatform(KeywordExecutor.groovy:74)
	at com.kms.katalon.core.webui.keyword.WebUiBuiltInKeywords.click(WebUiBuiltInKeywords.groovy:620)
	at com.kms.katalon.core.webui.keyword.WebUiBuiltInKeywords$click$3.call(Unknown Source)
	at Script1675792715233.run(Script1675792715233.groovy:24)
	... 13 more
)

2023-02-08 22:17:44 - [MESSAGE][FAILED] - Unable to click on object 'Object Repository/OR_Incredible Connection/Payment/img_Affordable Payment Options_pagebuilder-_f36f34' (Root cause: com.kms.katalon.core.exception.StepFailedException: Unable to click on object 'Object Repository/OR_Incredible Connection/Payment/img_Affordable Payment Options_pagebuilder-_f36f34'
	at com.kms.katalon.core.webui.keyword.internal.WebUIKeywordMain.stepFailed(WebUIKeywordMain.groovy:64)
	at com.kms.katalon.core.webui.keyword.internal.WebUIKeywordMain.runKeyword(WebUIKeywordMain.groovy:26)
	at com.kms.katalon.core.webui.keyword.builtin.ClickKeyword.click(ClickKeyword.groovy:74)
	at com.kms.katalon.core.webui.keyword.builtin.ClickKeyword.execute(ClickKeyword.groovy:40)
	at com.kms.katalon.core.keyword.internal.KeywordExecutor.executeKeywordForPlatform(KeywordExecutor.groovy:74)
	at com.kms.katalon.core.webui.keyword.WebUiBuiltInKeywords.click(WebUiBuiltInKeywords.groovy:620)
	at com.kms.katalon.core.webui.keyword.WebUiBuiltInKeywords$click$3.call(Unknown Source)
	at Payment.run(Payment:24)
	at com.kms.katalon.core.main.ScriptEngine.run(ScriptEngine.java:194)
	at com.kms.katalon.core.main.ScriptEngine.runScriptAsRawText(ScriptEngine.java:119)
	at com.kms.katalon.core.main.TestCaseExecutor.runScript(TestCaseExecutor.java:448)
	at com.kms.katalon.core.main.TestCaseExecutor.doExecute(TestCaseExecutor.java:439)
	at com.kms.katalon.core.main.TestCaseExecutor.processExecutionPhase(TestCaseExecutor.java:418)
	at com.kms.katalon.core.main.TestCaseExecutor.accessMainPhase(TestCaseExecutor.java:410)
	at com.kms.katalon.core.main.TestCaseExecutor.execute(TestCaseExecutor.java:285)
	at com.kms.katalon.core.common.CommonExecutor.accessTestCaseMainPhase(CommonExecutor.java:65)
	at com.kms.katalon.core.main.TestSuiteExecutor.accessTestSuiteMainPhase(TestSuiteExecutor.java:151)
	at com.kms.katalon.core.main.TestSuiteExecutor.execute(TestSuiteExecutor.java:106)
	at com.kms.katalon.core.main.TestCaseMain.startTestSuite(TestCaseMain.java:185)
	at com.kms.katalon.core.main.TestCaseMain$startTestSuite$0.call(Unknown Source)
	at TempTestSuite1675890762434.run(TempTestSuite1675890762434.groovy:36)
Caused by: org.openqa.selenium.ElementClickInterceptedException: element click intercepted: Element <img class="pagebuilder-mobile-hidden" src="https://www.incredible.co.za/media/wysiwyg/1_3_page_CTA-Apply_Online_1.png" alt="" title="" data-src="https://www.incredible.co.za/media/wysiwyg/1_3_page_CTA-Apply_Online_1.png" data-above-the-fold="no" data-element="desktop_image" data-pb-style="EHTIDXO" loading="lazy"> is not clickable at point (180, 646). Other element would receive the click: <div class="cookie-notice-content">...</div>
  (Session info: chrome=110.0.5481.77)
Build info: version: '3.141.59', revision: 'e82be7d358', time: '2018-11-14T08:25:53'
System info: host: 'DEOLINDO', ip: '192.168.1.171', os.name: 'Windows 10', os.arch: 'amd64', os.version: '10.0', java.version: '1.8.0_282'
Driver info: com.kms.katalon.selenium.driver.CChromeDriver
Capabilities {acceptInsecureCerts: false, browserName: chrome, browserVersion: 110.0.5481.77, chrome: {chromedriverVersion: 110.0.5481.77 (65ed616c6e8e..., userDataDir: C:\Users\Admin\AppData\Loca...}, goog:chromeOptions: {debuggerAddress: localhost:59040}, javascriptEnabled: true, networkConnectionEnabled: false, pageLoadStrategy: normal, platform: WINDOWS, platformName: WINDOWS, proxy: Proxy(), setWindowRect: true, strictFileInteractability: false, timeouts: {implicit: 0, pageLoad: 300000, script: 30000}, unhandledPromptBehavior: dismiss and notify, webauthn:extension:credBlob: true, webauthn:extension:largeBlob: true, webauthn:virtualAuthenticators: true}
Session ID: da4a0b307c37c5f3a6d00e4590dcc14e
	at org.openqa.selenium.remote.http.W3CHttpResponseCodec.createException(W3CHttpResponseCodec.java:187)
	at org.openqa.selenium.remote.http.W3CHttpResponseCodec.decode(W3CHttpResponseCodec.java:122)
	at org.openqa.selenium.remote.http.W3CHttpResponseCodec.decode(W3CHttpResponseCodec.java:49)
	at org.openqa.selenium.remote.HttpCommandExecutor.execute(HttpCommandExecutor.java:158)
	at org.openqa.selenium.remote.service.DriverCommandExecutor.execute(DriverCommandExecutor.java:83)
	at org.openqa.selenium.remote.RemoteWebDriver.execute(RemoteWebDriver.java:552)
	at com.kms.katalon.selenium.driver.CChromeDriver.execute(CChromeDriver.java:19)
	at org.openqa.selenium.remote.RemoteWebElement.execute(RemoteWebElement.java:285)
	at org.openqa.selenium.remote.RemoteWebElement.click(RemoteWebElement.java:84)
	at org.openqa.selenium.support.events.EventFiringWebDriver$EventFiringWebElement.lambda$new$0(EventFiringWebDriver.java:404)
	at com.sun.proxy.$Proxy11.click(Unknown Source)
	at org.openqa.selenium.support.events.EventFiringWebDriver$EventFiringWebElement.click(EventFiringWebDriver.java:417)
	at org.openqa.selenium.WebElement$click.call(Unknown Source)
	at com.kms.katalon.core.webui.keyword.builtin.ClickKeyword.clickUntilSuccessWithTimeout(ClickKeyword.groovy:81)
	at com.kms.katalon.core.webui.keyword.builtin.ClickKeyword.clickUntilSuccessWithTimeout(ClickKeyword.groovy)
	at com.kms.katalon.core.webui.keyword.builtin.ClickKeyword$_click_closure1.doCall(ClickKeyword.groovy:67)
	at com.kms.katalon.core.webui.keyword.builtin.ClickKeyword$_click_closure1.call(ClickKeyword.groovy)
	at com.kms.katalon.core.webui.keyword.internal.WebUIKeywordMain.runKeyword(WebUIKeywordMain.groovy:20)
	at com.kms.katalon.core.webui.keyword.builtin.ClickKeyword.click(ClickKeyword.groovy:74)
	at com.kms.katalon.core.webui.keyword.builtin.ClickKeyword.execute(ClickKeyword.groovy:40)
	at com.kms.katalon.core.keyword.internal.KeywordExecutor.executeKeywordForPlatform(KeywordExecutor.groovy:74)
	at com.kms.katalon.core.webui.keyword.WebUiBuiltInKeywords.click(WebUiBuiltInKeywords.groovy:620)
	at com.kms.katalon.core.webui.keyword.WebUiBuiltInKeywords$click$3.call(Unknown Source)
	at Script1675792715233.run(Script1675792715233.groovy:24)
	... 13 more
)
[[ATTACHMENT|C:\\Users\\Admin\\Katalon Studio\\katalon-practice (1)\\Reports\\20230208_221226\\Incredible Connection\\20230208_221242\\1675891063816.png]]]]></system-out>
         <system-err><![CDATA[2023-02-08 22:16:48 - [TEST_CASE][FAILED] - Test Cases/Incredible Connection/Payment: Test Cases/Incredible Connection/Payment FAILED.
Reason:
com.kms.katalon.core.exception.StepFailedException: Unable to click on object 'Object Repository/OR_Incredible Connection/Payment/img_Affordable Payment Options_pagebuilder-_f36f34'
	at com.kms.katalon.core.webui.keyword.internal.WebUIKeywordMain.stepFailed(WebUIKeywordMain.groovy:64)
	at com.kms.katalon.core.webui.keyword.internal.WebUIKeywordMain.runKeyword(WebUIKeywordMain.groovy:26)
	at com.kms.katalon.core.webui.keyword.builtin.ClickKeyword.click(ClickKeyword.groovy:74)
	at com.kms.katalon.core.webui.keyword.builtin.ClickKeyword.execute(ClickKeyword.groovy:40)
	at com.kms.katalon.core.keyword.internal.KeywordExecutor.executeKeywordForPlatform(KeywordExecutor.groovy:74)
	at com.kms.katalon.core.webui.keyword.WebUiBuiltInKeywords.click(WebUiBuiltInKeywords.groovy:620)
	at com.kms.katalon.core.webui.keyword.WebUiBuiltInKeywords$click$3.call(Unknown Source)
	at Payment.run(Payment:24)
	at com.kms.katalon.core.main.ScriptEngine.run(ScriptEngine.java:194)
	at com.kms.katalon.core.main.ScriptEngine.runScriptAsRawText(ScriptEngine.java:119)
	at com.kms.katalon.core.main.TestCaseExecutor.runScript(TestCaseExecutor.java:448)
	at com.kms.katalon.core.main.TestCaseExecutor.doExecute(TestCaseExecutor.java:439)
	at com.kms.katalon.core.main.TestCaseExecutor.processExecutionPhase(TestCaseExecutor.java:418)
	at com.kms.katalon.core.main.TestCaseExecutor.accessMainPhase(TestCaseExecutor.java:410)
	at com.kms.katalon.core.main.TestCaseExecutor.execute(TestCaseExecutor.java:285)
	at com.kms.katalon.core.common.CommonExecutor.accessTestCaseMainPhase(CommonExecutor.java:65)
	at com.kms.katalon.core.main.TestSuiteExecutor.accessTestSuiteMainPhase(TestSuiteExecutor.java:151)
	at com.kms.katalon.core.main.TestSuiteExecutor.execute(TestSuiteExecutor.java:106)
	at com.kms.katalon.core.main.TestCaseMain.startTestSuite(TestCaseMain.java:185)
	at com.kms.katalon.core.main.TestCaseMain$startTestSuite$0.call(Unknown Source)
	at TempTestSuite1675890762434.run(TempTestSuite1675890762434.groovy:36)
Caused by: org.openqa.selenium.ElementClickInterceptedException: element click intercepted: Element <img class="pagebuilder-mobile-hidden" src="https://www.incredible.co.za/media/wysiwyg/1_3_page_CTA-Apply_Online_1.png" alt="" title="" data-src="https://www.incredible.co.za/media/wysiwyg/1_3_page_CTA-Apply_Online_1.png" data-above-the-fold="no" data-element="desktop_image" data-pb-style="EHTIDXO" loading="lazy"> is not clickable at point (180, 646). Other element would receive the click: <div class="cookie-notice-content">...</div>
  (Session info: chrome=110.0.5481.77)
Build info: version: '3.141.59', revision: 'e82be7d358', time: '2018-11-14T08:25:53'
System info: host: 'DEOLINDO', ip: '192.168.1.171', os.name: 'Windows 10', os.arch: 'amd64', os.version: '10.0', java.version: '1.8.0_282'
Driver info: com.kms.katalon.selenium.driver.CChromeDriver
Capabilities {acceptInsecureCerts: false, browserName: chrome, browserVersion: 110.0.5481.77, chrome: {chromedriverVersion: 110.0.5481.77 (65ed616c6e8e..., userDataDir: C:\Users\Admin\AppData\Loca...}, goog:chromeOptions: {debuggerAddress: localhost:59040}, javascriptEnabled: true, networkConnectionEnabled: false, pageLoadStrategy: normal, platform: WINDOWS, platformName: WINDOWS, proxy: Proxy(), setWindowRect: true, strictFileInteractability: false, timeouts: {implicit: 0, pageLoad: 300000, script: 30000}, unhandledPromptBehavior: dismiss and notify, webauthn:extension:credBlob: true, webauthn:extension:largeBlob: true, webauthn:virtualAuthenticators: true}
Session ID: da4a0b307c37c5f3a6d00e4590dcc14e
	at org.openqa.selenium.remote.http.W3CHttpResponseCodec.createException(W3CHttpResponseCodec.java:187)
	at org.openqa.selenium.remote.http.W3CHttpResponseCodec.decode(W3CHttpResponseCodec.java:122)
	at org.openqa.selenium.remote.http.W3CHttpResponseCodec.decode(W3CHttpResponseCodec.java:49)
	at org.openqa.selenium.remote.HttpCommandExecutor.execute(HttpCommandExecutor.java:158)
	at org.openqa.selenium.remote.service.DriverCommandExecutor.execute(DriverCommandExecutor.java:83)
	at org.openqa.selenium.remote.RemoteWebDriver.execute(RemoteWebDriver.java:552)
	at com.kms.katalon.selenium.driver.CChromeDriver.execute(CChromeDriver.java:19)
	at org.openqa.selenium.remote.RemoteWebElement.execute(RemoteWebElement.java:285)
	at org.openqa.selenium.remote.RemoteWebElement.click(RemoteWebElement.java:84)
	at org.openqa.selenium.support.events.EventFiringWebDriver$EventFiringWebElement.lambda$new$0(EventFiringWebDriver.java:404)
	at com.sun.proxy.$Proxy11.click(Unknown Source)
	at org.openqa.selenium.support.events.EventFiringWebDriver$EventFiringWebElement.click(EventFiringWebDriver.java:417)
	at org.openqa.selenium.WebElement$click.call(Unknown Source)
	at com.kms.katalon.core.webui.keyword.builtin.ClickKeyword.clickUntilSuccessWithTimeout(ClickKeyword.groovy:81)
	at com.kms.katalon.core.webui.keyword.builtin.ClickKeyword.clickUntilSuccessWithTimeout(ClickKeyword.groovy)
	at com.kms.katalon.core.webui.keyword.builtin.ClickKeyword$_click_closure1.doCall(ClickKeyword.groovy:67)
	at com.kms.katalon.core.webui.keyword.builtin.ClickKeyword$_click_closure1.call(ClickKeyword.groovy)
	at com.kms.katalon.core.webui.keyword.internal.WebUIKeywordMain.runKeyword(WebUIKeywordMain.groovy:20)
	... 19 more]]></system-err>
      </testcase>
      <testcase name="Test Cases/Incredible Connection/Privacy Policy" time="52.441" classname="Test Cases/Incredible Connection/Privacy Policy" status="FAILED">
         <failure type="FAILED" message="Test Cases/Incredible Connection/Privacy Policy FAILED.
Reason:
com.kms.katalon.core.exception.StepFailedException: Unable to click on object 'Object Repository/OR_Incredible Connection/Privacy Policy/a_Privacy Policy'
	at com.kms.katalon.core.webui.keyword.internal.WebUIKeywordMain.stepFailed(WebUIKeywordMain.groovy:64)
	at com.kms.katalon.core.webui.keyword.internal.WebUIKeywordMain.runKeyword(WebUIKeywordMain.groovy:26)
	at com.kms.katalon.core.webui.keyword.builtin.ClickKeyword.click(ClickKeyword.groovy:74)
	at com.kms.katalon.core.webui.keyword.builtin.ClickKeyword.execute(ClickKeyword.groovy:40)
	at com.kms.katalon.core.keyword.internal.KeywordExecutor.executeKeywordForPlatform(KeywordExecutor.groovy:74)
	at com.kms.katalon.core.webui.keyword.WebUiBuiltInKeywords.click(WebUiBuiltInKeywords.groovy:620)
	at com.kms.katalon.core.webui.keyword.WebUiBuiltInKeywords$click$3.call(Unknown Source)
	at Privacy Policy.run(Privacy Policy:24)
	at com.kms.katalon.core.main.ScriptEngine.run(ScriptEngine.java:194)
	at com.kms.katalon.core.main.ScriptEngine.runScriptAsRawText(ScriptEngine.java:119)
	at com.kms.katalon.core.main.TestCaseExecutor.runScript(TestCaseExecutor.java:448)
	at com.kms.katalon.core.main.TestCaseExecutor.doExecute(TestCaseExecutor.java:439)
	at com.kms.katalon.core.main.TestCaseExecutor.processExecutionPhase(TestCaseExecutor.java:418)
	at com.kms.katalon.core.main.TestCaseExecutor.accessMainPhase(TestCaseExecutor.java:410)
	at com.kms.katalon.core.main.TestCaseExecutor.execute(TestCaseExecutor.java:285)
	at com.kms.katalon.core.common.CommonExecutor.accessTestCaseMainPhase(CommonExecutor.java:65)
	at com.kms.katalon.core.main.TestSuiteExecutor.accessTestSuiteMainPhase(TestSuiteExecutor.java:151)
	at com.kms.katalon.core.main.TestSuiteExecutor.execute(TestSuiteExecutor.java:106)
	at com.kms.katalon.core.main.TestCaseMain.startTestSuite(TestCaseMain.java:185)
	at com.kms.katalon.core.main.TestCaseMain$startTestSuite$0.call(Unknown Source)
	at TempTestSuite1675890762434.run(TempTestSuite1675890762434.groovy:36)
Caused by: org.openqa.selenium.ElementClickInterceptedException: element click intercepted: Element &lt;a href=&quot;https://www.incredible.co.za/services/privacy-policy&quot;>...&lt;/a> is not clickable at point (459, 701). Other element would receive the click: &lt;div role=&quot;alertdialog&quot; tabindex=&quot;-1&quot; class=&quot;cookie-notice-wrap active&quot; id=&quot;notice-cookie-block&quot; style=&quot;&quot;>...&lt;/div>
  (Session info: chrome=110.0.5481.77)
Build info: version: '3.141.59', revision: 'e82be7d358', time: '2018-11-14T08:25:53'
System info: host: 'DEOLINDO', ip: '192.168.1.171', os.name: 'Windows 10', os.arch: 'amd64', os.version: '10.0', java.version: '1.8.0_282'
Driver info: com.kms.katalon.selenium.driver.CChromeDriver
Capabilities {acceptInsecureCerts: false, browserName: chrome, browserVersion: 110.0.5481.77, chrome: {chromedriverVersion: 110.0.5481.77 (65ed616c6e8e..., userDataDir: C:\Users\Admin\AppData\Loca...}, goog:chromeOptions: {debuggerAddress: localhost:59116}, javascriptEnabled: true, networkConnectionEnabled: false, pageLoadStrategy: normal, platform: WINDOWS, platformName: WINDOWS, proxy: Proxy(), setWindowRect: true, strictFileInteractability: false, timeouts: {implicit: 0, pageLoad: 300000, script: 30000}, unhandledPromptBehavior: dismiss and notify, webauthn:extension:credBlob: true, webauthn:extension:largeBlob: true, webauthn:virtualAuthenticators: true}
Session ID: e7791e400ef29683ea99de389e6b72d4
	at org.openqa.selenium.remote.http.W3CHttpResponseCodec.createException(W3CHttpResponseCodec.java:187)
	at org.openqa.selenium.remote.http.W3CHttpResponseCodec.decode(W3CHttpResponseCodec.java:122)
	at org.openqa.selenium.remote.http.W3CHttpResponseCodec.decode(W3CHttpResponseCodec.java:49)
	at org.openqa.selenium.remote.HttpCommandExecutor.execute(HttpCommandExecutor.java:158)
	at org.openqa.selenium.remote.service.DriverCommandExecutor.execute(DriverCommandExecutor.java:83)
	at org.openqa.selenium.remote.RemoteWebDriver.execute(RemoteWebDriver.java:552)
	at com.kms.katalon.selenium.driver.CChromeDriver.execute(CChromeDriver.java:19)
	at org.openqa.selenium.remote.RemoteWebElement.execute(RemoteWebElement.java:285)
	at org.openqa.selenium.remote.RemoteWebElement.click(RemoteWebElement.java:84)
	at org.openqa.selenium.support.events.EventFiringWebDriver$EventFiringWebElement.lambda$new$0(EventFiringWebDriver.java:404)
	at com.sun.proxy.$Proxy11.click(Unknown Source)
	at org.openqa.selenium.support.events.EventFiringWebDriver$EventFiringWebElement.click(EventFiringWebDriver.java:417)
	at org.openqa.selenium.WebElement$click.call(Unknown Source)
	at com.kms.katalon.core.webui.keyword.builtin.ClickKeyword.clickUntilSuccessWithTimeout(ClickKeyword.groovy:81)
	at com.kms.katalon.core.webui.keyword.builtin.ClickKeyword.clickUntilSuccessWithTimeout(ClickKeyword.groovy)
	at com.kms.katalon.core.webui.keyword.builtin.ClickKeyword$_click_closure1.doCall(ClickKeyword.groovy:67)
	at com.kms.katalon.core.webui.keyword.builtin.ClickKeyword$_click_closure1.call(ClickKeyword.groovy)
	at com.kms.katalon.core.webui.keyword.internal.WebUIKeywordMain.runKeyword(WebUIKeywordMain.groovy:20)
	... 19 more
"/>
         <system-out><![CDATA[2023-02-08 22:17:44 - [TEST_CASE][FAILED] - Test Cases/Incredible Connection/Privacy Policy: Test Cases/Incredible Connection/Privacy Policy FAILED.
Reason:
com.kms.katalon.core.exception.StepFailedException: Unable to click on object 'Object Repository/OR_Incredible Connection/Privacy Policy/a_Privacy Policy'
	at com.kms.katalon.core.webui.keyword.internal.WebUIKeywordMain.stepFailed(WebUIKeywordMain.groovy:64)
	at com.kms.katalon.core.webui.keyword.internal.WebUIKeywordMain.runKeyword(WebUIKeywordMain.groovy:26)
	at com.kms.katalon.core.webui.keyword.builtin.ClickKeyword.click(ClickKeyword.groovy:74)
	at com.kms.katalon.core.webui.keyword.builtin.ClickKeyword.execute(ClickKeyword.groovy:40)
	at com.kms.katalon.core.keyword.internal.KeywordExecutor.executeKeywordForPlatform(KeywordExecutor.groovy:74)
	at com.kms.katalon.core.webui.keyword.WebUiBuiltInKeywords.click(WebUiBuiltInKeywords.groovy:620)
	at com.kms.katalon.core.webui.keyword.WebUiBuiltInKeywords$click$3.call(Unknown Source)
	at Privacy Policy.run(Privacy Policy:24)
	at com.kms.katalon.core.main.ScriptEngine.run(ScriptEngine.java:194)
	at com.kms.katalon.core.main.ScriptEngine.runScriptAsRawText(ScriptEngine.java:119)
	at com.kms.katalon.core.main.TestCaseExecutor.runScript(TestCaseExecutor.java:448)
	at com.kms.katalon.core.main.TestCaseExecutor.doExecute(TestCaseExecutor.java:439)
	at com.kms.katalon.core.main.TestCaseExecutor.processExecutionPhase(TestCaseExecutor.java:418)
	at com.kms.katalon.core.main.TestCaseExecutor.accessMainPhase(TestCaseExecutor.java:410)
	at com.kms.katalon.core.main.TestCaseExecutor.execute(TestCaseExecutor.java:285)
	at com.kms.katalon.core.common.CommonExecutor.accessTestCaseMainPhase(CommonExecutor.java:65)
	at com.kms.katalon.core.main.TestSuiteExecutor.accessTestSuiteMainPhase(TestSuiteExecutor.java:151)
	at com.kms.katalon.core.main.TestSuiteExecutor.execute(TestSuiteExecutor.java:106)
	at com.kms.katalon.core.main.TestCaseMain.startTestSuite(TestCaseMain.java:185)
	at com.kms.katalon.core.main.TestCaseMain$startTestSuite$0.call(Unknown Source)
	at TempTestSuite1675890762434.run(TempTestSuite1675890762434.groovy:36)
Caused by: org.openqa.selenium.ElementClickInterceptedException: element click intercepted: Element <a href="https://www.incredible.co.za/services/privacy-policy">...</a> is not clickable at point (459, 701). Other element would receive the click: <div role="alertdialog" tabindex="-1" class="cookie-notice-wrap active" id="notice-cookie-block" style="">...</div>
  (Session info: chrome=110.0.5481.77)
Build info: version: '3.141.59', revision: 'e82be7d358', time: '2018-11-14T08:25:53'
System info: host: 'DEOLINDO', ip: '192.168.1.171', os.name: 'Windows 10', os.arch: 'amd64', os.version: '10.0', java.version: '1.8.0_282'
Driver info: com.kms.katalon.selenium.driver.CChromeDriver
Capabilities {acceptInsecureCerts: false, browserName: chrome, browserVersion: 110.0.5481.77, chrome: {chromedriverVersion: 110.0.5481.77 (65ed616c6e8e..., userDataDir: C:\Users\Admin\AppData\Loca...}, goog:chromeOptions: {debuggerAddress: localhost:59116}, javascriptEnabled: true, networkConnectionEnabled: false, pageLoadStrategy: normal, platform: WINDOWS, platformName: WINDOWS, proxy: Proxy(), setWindowRect: true, strictFileInteractability: false, timeouts: {implicit: 0, pageLoad: 300000, script: 30000}, unhandledPromptBehavior: dismiss and notify, webauthn:extension:credBlob: true, webauthn:extension:largeBlob: true, webauthn:virtualAuthenticators: true}
Session ID: e7791e400ef29683ea99de389e6b72d4
	at org.openqa.selenium.remote.http.W3CHttpResponseCodec.createException(W3CHttpResponseCodec.java:187)
	at org.openqa.selenium.remote.http.W3CHttpResponseCodec.decode(W3CHttpResponseCodec.java:122)
	at org.openqa.selenium.remote.http.W3CHttpResponseCodec.decode(W3CHttpResponseCodec.java:49)
	at org.openqa.selenium.remote.HttpCommandExecutor.execute(HttpCommandExecutor.java:158)
	at org.openqa.selenium.remote.service.DriverCommandExecutor.execute(DriverCommandExecutor.java:83)
	at org.openqa.selenium.remote.RemoteWebDriver.execute(RemoteWebDriver.java:552)
	at com.kms.katalon.selenium.driver.CChromeDriver.execute(CChromeDriver.java:19)
	at org.openqa.selenium.remote.RemoteWebElement.execute(RemoteWebElement.java:285)
	at org.openqa.selenium.remote.RemoteWebElement.click(RemoteWebElement.java:84)
	at org.openqa.selenium.support.events.EventFiringWebDriver$EventFiringWebElement.lambda$new$0(EventFiringWebDriver.java:404)
	at com.sun.proxy.$Proxy11.click(Unknown Source)
	at org.openqa.selenium.support.events.EventFiringWebDriver$EventFiringWebElement.click(EventFiringWebDriver.java:417)
	at org.openqa.selenium.WebElement$click.call(Unknown Source)
	at com.kms.katalon.core.webui.keyword.builtin.ClickKeyword.clickUntilSuccessWithTimeout(ClickKeyword.groovy:81)
	at com.kms.katalon.core.webui.keyword.builtin.ClickKeyword.clickUntilSuccessWithTimeout(ClickKeyword.groovy)
	at com.kms.katalon.core.webui.keyword.builtin.ClickKeyword$_click_closure1.doCall(ClickKeyword.groovy:67)
	at com.kms.katalon.core.webui.keyword.builtin.ClickKeyword$_click_closure1.call(ClickKeyword.groovy)
	at com.kms.katalon.core.webui.keyword.internal.WebUIKeywordMain.runKeyword(WebUIKeywordMain.groovy:20)
	... 19 more


2023-02-08 22:17:44 - [TEST_STEP][PASSED] - callTestCase(findTestCase("Incredible Connection/Landing Page"), [:], STOP_ON_FAILURE): Call Test Case 'Test Cases/Incredible Connection/Landing Page' successfully

2023-02-08 22:17:44 - [TEST_CASE][PASSED] - Test Cases/Incredible Connection/Landing Page: Test Cases/Incredible Connection/Landing Page

2023-02-08 22:17:44 - [TEST_STEP][PASSED] - openBrowser(""): Browser is opened with url: ''

2023-02-08 22:17:44 - [MESSAGE][WARNING] - A browser is already opened. Closing browser and opening a new one

2023-02-08 22:17:45 - [MESSAGE][INFO] - Starting 'Chrome' driver

2023-02-08 22:17:45 - [MESSAGE][INFO] - Action delay is set to 0 milliseconds

2023-02-08 22:17:49 - [MESSAGE][PASSED] - Browser is opened with url: ''

2023-02-08 22:17:49 - [TEST_STEP][PASSED] - navigateToUrl("https://www.incredible.co.za/"): Navigate to 'https://www.incredible.co.za/' successfully

2023-02-08 22:17:59 - [MESSAGE][PASSED] - Navigate to 'https://www.incredible.co.za/' successfully

2023-02-08 22:17:59 - [TEST_STEP][PASSED] - takeScreenshotAsCheckpoint("landing_page"): Taking screenshot successfully

2023-02-08 22:18:00 - [MESSAGE][INFO] - 0 hidden object(s)

2023-02-08 22:18:01 - [MESSAGE][PASSED] - Taking screenshot successfully
[[ATTACHMENT|keyes\keyes-landing_page.png]]

2023-02-08 22:18:01 - [MESSAGE][PASSED] - Call Test Case 'Test Cases/Incredible Connection/Landing Page' successfully

2023-02-08 22:18:01 - [TEST_STEP][PASSED] - maximizeWindow(): Current window maximized

2023-02-08 22:18:02 - [MESSAGE][PASSED] - Current window maximized

2023-02-08 22:18:02 - [TEST_STEP][FAILED] - click(findTestObject("Object Repository/OR_Incredible Connection/Privacy Policy/a_Privacy Policy")): Unable to click on object 'Object Repository/OR_Incredible Connection/Privacy Policy/a_Privacy Policy' (Root cause: com.kms.katalon.core.exception.StepFailedException: Unable to click on object 'Object Repository/OR_Incredible Connection/Privacy Policy/a_Privacy Policy'
	at com.kms.katalon.core.webui.keyword.internal.WebUIKeywordMain.stepFailed(WebUIKeywordMain.groovy:64)
	at com.kms.katalon.core.webui.keyword.internal.WebUIKeywordMain.runKeyword(WebUIKeywordMain.groovy:26)
	at com.kms.katalon.core.webui.keyword.builtin.ClickKeyword.click(ClickKeyword.groovy:74)
	at com.kms.katalon.core.webui.keyword.builtin.ClickKeyword.execute(ClickKeyword.groovy:40)
	at com.kms.katalon.core.keyword.internal.KeywordExecutor.executeKeywordForPlatform(KeywordExecutor.groovy:74)
	at com.kms.katalon.core.webui.keyword.WebUiBuiltInKeywords.click(WebUiBuiltInKeywords.groovy:620)
	at com.kms.katalon.core.webui.keyword.WebUiBuiltInKeywords$click$3.call(Unknown Source)
	at Privacy Policy.run(Privacy Policy:24)
	at com.kms.katalon.core.main.ScriptEngine.run(ScriptEngine.java:194)
	at com.kms.katalon.core.main.ScriptEngine.runScriptAsRawText(ScriptEngine.java:119)
	at com.kms.katalon.core.main.TestCaseExecutor.runScript(TestCaseExecutor.java:448)
	at com.kms.katalon.core.main.TestCaseExecutor.doExecute(TestCaseExecutor.java:439)
	at com.kms.katalon.core.main.TestCaseExecutor.processExecutionPhase(TestCaseExecutor.java:418)
	at com.kms.katalon.core.main.TestCaseExecutor.accessMainPhase(TestCaseExecutor.java:410)
	at com.kms.katalon.core.main.TestCaseExecutor.execute(TestCaseExecutor.java:285)
	at com.kms.katalon.core.common.CommonExecutor.accessTestCaseMainPhase(CommonExecutor.java:65)
	at com.kms.katalon.core.main.TestSuiteExecutor.accessTestSuiteMainPhase(TestSuiteExecutor.java:151)
	at com.kms.katalon.core.main.TestSuiteExecutor.execute(TestSuiteExecutor.java:106)
	at com.kms.katalon.core.main.TestCaseMain.startTestSuite(TestCaseMain.java:185)
	at com.kms.katalon.core.main.TestCaseMain$startTestSuite$0.call(Unknown Source)
	at TempTestSuite1675890762434.run(TempTestSuite1675890762434.groovy:36)
Caused by: org.openqa.selenium.ElementClickInterceptedException: element click intercepted: Element <a href="https://www.incredible.co.za/services/privacy-policy">...</a> is not clickable at point (459, 701). Other element would receive the click: <div role="alertdialog" tabindex="-1" class="cookie-notice-wrap active" id="notice-cookie-block" style="">...</div>
  (Session info: chrome=110.0.5481.77)
Build info: version: '3.141.59', revision: 'e82be7d358', time: '2018-11-14T08:25:53'
System info: host: 'DEOLINDO', ip: '192.168.1.171', os.name: 'Windows 10', os.arch: 'amd64', os.version: '10.0', java.version: '1.8.0_282'
Driver info: com.kms.katalon.selenium.driver.CChromeDriver
Capabilities {acceptInsecureCerts: false, browserName: chrome, browserVersion: 110.0.5481.77, chrome: {chromedriverVersion: 110.0.5481.77 (65ed616c6e8e..., userDataDir: C:\Users\Admin\AppData\Loca...}, goog:chromeOptions: {debuggerAddress: localhost:59116}, javascriptEnabled: true, networkConnectionEnabled: false, pageLoadStrategy: normal, platform: WINDOWS, platformName: WINDOWS, proxy: Proxy(), setWindowRect: true, strictFileInteractability: false, timeouts: {implicit: 0, pageLoad: 300000, script: 30000}, unhandledPromptBehavior: dismiss and notify, webauthn:extension:credBlob: true, webauthn:extension:largeBlob: true, webauthn:virtualAuthenticators: true}
Session ID: e7791e400ef29683ea99de389e6b72d4
	at org.openqa.selenium.remote.http.W3CHttpResponseCodec.createException(W3CHttpResponseCodec.java:187)
	at org.openqa.selenium.remote.http.W3CHttpResponseCodec.decode(W3CHttpResponseCodec.java:122)
	at org.openqa.selenium.remote.http.W3CHttpResponseCodec.decode(W3CHttpResponseCodec.java:49)
	at org.openqa.selenium.remote.HttpCommandExecutor.execute(HttpCommandExecutor.java:158)
	at org.openqa.selenium.remote.service.DriverCommandExecutor.execute(DriverCommandExecutor.java:83)
	at org.openqa.selenium.remote.RemoteWebDriver.execute(RemoteWebDriver.java:552)
	at com.kms.katalon.selenium.driver.CChromeDriver.execute(CChromeDriver.java:19)
	at org.openqa.selenium.remote.RemoteWebElement.execute(RemoteWebElement.java:285)
	at org.openqa.selenium.remote.RemoteWebElement.click(RemoteWebElement.java:84)
	at org.openqa.selenium.support.events.EventFiringWebDriver$EventFiringWebElement.lambda$new$0(EventFiringWebDriver.java:404)
	at com.sun.proxy.$Proxy11.click(Unknown Source)
	at org.openqa.selenium.support.events.EventFiringWebDriver$EventFiringWebElement.click(EventFiringWebDriver.java:417)
	at org.openqa.selenium.WebElement$click.call(Unknown Source)
	at com.kms.katalon.core.webui.keyword.builtin.ClickKeyword.clickUntilSuccessWithTimeout(ClickKeyword.groovy:81)
	at com.kms.katalon.core.webui.keyword.builtin.ClickKeyword.clickUntilSuccessWithTimeout(ClickKeyword.groovy)
	at com.kms.katalon.core.webui.keyword.builtin.ClickKeyword$_click_closure1.doCall(ClickKeyword.groovy:67)
	at com.kms.katalon.core.webui.keyword.builtin.ClickKeyword$_click_closure1.call(ClickKeyword.groovy)
	at com.kms.katalon.core.webui.keyword.internal.WebUIKeywordMain.runKeyword(WebUIKeywordMain.groovy:20)
	at com.kms.katalon.core.webui.keyword.builtin.ClickKeyword.click(ClickKeyword.groovy:74)
	at com.kms.katalon.core.webui.keyword.builtin.ClickKeyword.execute(ClickKeyword.groovy:40)
	at com.kms.katalon.core.keyword.internal.KeywordExecutor.executeKeywordForPlatform(KeywordExecutor.groovy:74)
	at com.kms.katalon.core.webui.keyword.WebUiBuiltInKeywords.click(WebUiBuiltInKeywords.groovy:620)
	at com.kms.katalon.core.webui.keyword.WebUiBuiltInKeywords$click$3.call(Unknown Source)
	at Script1675802284292.run(Script1675802284292.groovy:24)
	... 13 more
)

2023-02-08 22:18:36 - [MESSAGE][FAILED] - Unable to click on object 'Object Repository/OR_Incredible Connection/Privacy Policy/a_Privacy Policy' (Root cause: com.kms.katalon.core.exception.StepFailedException: Unable to click on object 'Object Repository/OR_Incredible Connection/Privacy Policy/a_Privacy Policy'
	at com.kms.katalon.core.webui.keyword.internal.WebUIKeywordMain.stepFailed(WebUIKeywordMain.groovy:64)
	at com.kms.katalon.core.webui.keyword.internal.WebUIKeywordMain.runKeyword(WebUIKeywordMain.groovy:26)
	at com.kms.katalon.core.webui.keyword.builtin.ClickKeyword.click(ClickKeyword.groovy:74)
	at com.kms.katalon.core.webui.keyword.builtin.ClickKeyword.execute(ClickKeyword.groovy:40)
	at com.kms.katalon.core.keyword.internal.KeywordExecutor.executeKeywordForPlatform(KeywordExecutor.groovy:74)
	at com.kms.katalon.core.webui.keyword.WebUiBuiltInKeywords.click(WebUiBuiltInKeywords.groovy:620)
	at com.kms.katalon.core.webui.keyword.WebUiBuiltInKeywords$click$3.call(Unknown Source)
	at Privacy Policy.run(Privacy Policy:24)
	at com.kms.katalon.core.main.ScriptEngine.run(ScriptEngine.java:194)
	at com.kms.katalon.core.main.ScriptEngine.runScriptAsRawText(ScriptEngine.java:119)
	at com.kms.katalon.core.main.TestCaseExecutor.runScript(TestCaseExecutor.java:448)
	at com.kms.katalon.core.main.TestCaseExecutor.doExecute(TestCaseExecutor.java:439)
	at com.kms.katalon.core.main.TestCaseExecutor.processExecutionPhase(TestCaseExecutor.java:418)
	at com.kms.katalon.core.main.TestCaseExecutor.accessMainPhase(TestCaseExecutor.java:410)
	at com.kms.katalon.core.main.TestCaseExecutor.execute(TestCaseExecutor.java:285)
	at com.kms.katalon.core.common.CommonExecutor.accessTestCaseMainPhase(CommonExecutor.java:65)
	at com.kms.katalon.core.main.TestSuiteExecutor.accessTestSuiteMainPhase(TestSuiteExecutor.java:151)
	at com.kms.katalon.core.main.TestSuiteExecutor.execute(TestSuiteExecutor.java:106)
	at com.kms.katalon.core.main.TestCaseMain.startTestSuite(TestCaseMain.java:185)
	at com.kms.katalon.core.main.TestCaseMain$startTestSuite$0.call(Unknown Source)
	at TempTestSuite1675890762434.run(TempTestSuite1675890762434.groovy:36)
Caused by: org.openqa.selenium.ElementClickInterceptedException: element click intercepted: Element <a href="https://www.incredible.co.za/services/privacy-policy">...</a> is not clickable at point (459, 701). Other element would receive the click: <div role="alertdialog" tabindex="-1" class="cookie-notice-wrap active" id="notice-cookie-block" style="">...</div>
  (Session info: chrome=110.0.5481.77)
Build info: version: '3.141.59', revision: 'e82be7d358', time: '2018-11-14T08:25:53'
System info: host: 'DEOLINDO', ip: '192.168.1.171', os.name: 'Windows 10', os.arch: 'amd64', os.version: '10.0', java.version: '1.8.0_282'
Driver info: com.kms.katalon.selenium.driver.CChromeDriver
Capabilities {acceptInsecureCerts: false, browserName: chrome, browserVersion: 110.0.5481.77, chrome: {chromedriverVersion: 110.0.5481.77 (65ed616c6e8e..., userDataDir: C:\Users\Admin\AppData\Loca...}, goog:chromeOptions: {debuggerAddress: localhost:59116}, javascriptEnabled: true, networkConnectionEnabled: false, pageLoadStrategy: normal, platform: WINDOWS, platformName: WINDOWS, proxy: Proxy(), setWindowRect: true, strictFileInteractability: false, timeouts: {implicit: 0, pageLoad: 300000, script: 30000}, unhandledPromptBehavior: dismiss and notify, webauthn:extension:credBlob: true, webauthn:extension:largeBlob: true, webauthn:virtualAuthenticators: true}
Session ID: e7791e400ef29683ea99de389e6b72d4
	at org.openqa.selenium.remote.http.W3CHttpResponseCodec.createException(W3CHttpResponseCodec.java:187)
	at org.openqa.selenium.remote.http.W3CHttpResponseCodec.decode(W3CHttpResponseCodec.java:122)
	at org.openqa.selenium.remote.http.W3CHttpResponseCodec.decode(W3CHttpResponseCodec.java:49)
	at org.openqa.selenium.remote.HttpCommandExecutor.execute(HttpCommandExecutor.java:158)
	at org.openqa.selenium.remote.service.DriverCommandExecutor.execute(DriverCommandExecutor.java:83)
	at org.openqa.selenium.remote.RemoteWebDriver.execute(RemoteWebDriver.java:552)
	at com.kms.katalon.selenium.driver.CChromeDriver.execute(CChromeDriver.java:19)
	at org.openqa.selenium.remote.RemoteWebElement.execute(RemoteWebElement.java:285)
	at org.openqa.selenium.remote.RemoteWebElement.click(RemoteWebElement.java:84)
	at org.openqa.selenium.support.events.EventFiringWebDriver$EventFiringWebElement.lambda$new$0(EventFiringWebDriver.java:404)
	at com.sun.proxy.$Proxy11.click(Unknown Source)
	at org.openqa.selenium.support.events.EventFiringWebDriver$EventFiringWebElement.click(EventFiringWebDriver.java:417)
	at org.openqa.selenium.WebElement$click.call(Unknown Source)
	at com.kms.katalon.core.webui.keyword.builtin.ClickKeyword.clickUntilSuccessWithTimeout(ClickKeyword.groovy:81)
	at com.kms.katalon.core.webui.keyword.builtin.ClickKeyword.clickUntilSuccessWithTimeout(ClickKeyword.groovy)
	at com.kms.katalon.core.webui.keyword.builtin.ClickKeyword$_click_closure1.doCall(ClickKeyword.groovy:67)
	at com.kms.katalon.core.webui.keyword.builtin.ClickKeyword$_click_closure1.call(ClickKeyword.groovy)
	at com.kms.katalon.core.webui.keyword.internal.WebUIKeywordMain.runKeyword(WebUIKeywordMain.groovy:20)
	at com.kms.katalon.core.webui.keyword.builtin.ClickKeyword.click(ClickKeyword.groovy:74)
	at com.kms.katalon.core.webui.keyword.builtin.ClickKeyword.execute(ClickKeyword.groovy:40)
	at com.kms.katalon.core.keyword.internal.KeywordExecutor.executeKeywordForPlatform(KeywordExecutor.groovy:74)
	at com.kms.katalon.core.webui.keyword.WebUiBuiltInKeywords.click(WebUiBuiltInKeywords.groovy:620)
	at com.kms.katalon.core.webui.keyword.WebUiBuiltInKeywords$click$3.call(Unknown Source)
	at Script1675802284292.run(Script1675802284292.groovy:24)
	... 13 more
)
[[ATTACHMENT|C:\\Users\\Admin\\Katalon Studio\\katalon-practice (1)\\Reports\\20230208_221226\\Incredible Connection\\20230208_221242\\1675891116377.png]]]]></system-out>
         <system-err><![CDATA[2023-02-08 22:17:44 - [TEST_CASE][FAILED] - Test Cases/Incredible Connection/Privacy Policy: Test Cases/Incredible Connection/Privacy Policy FAILED.
Reason:
com.kms.katalon.core.exception.StepFailedException: Unable to click on object 'Object Repository/OR_Incredible Connection/Privacy Policy/a_Privacy Policy'
	at com.kms.katalon.core.webui.keyword.internal.WebUIKeywordMain.stepFailed(WebUIKeywordMain.groovy:64)
	at com.kms.katalon.core.webui.keyword.internal.WebUIKeywordMain.runKeyword(WebUIKeywordMain.groovy:26)
	at com.kms.katalon.core.webui.keyword.builtin.ClickKeyword.click(ClickKeyword.groovy:74)
	at com.kms.katalon.core.webui.keyword.builtin.ClickKeyword.execute(ClickKeyword.groovy:40)
	at com.kms.katalon.core.keyword.internal.KeywordExecutor.executeKeywordForPlatform(KeywordExecutor.groovy:74)
	at com.kms.katalon.core.webui.keyword.WebUiBuiltInKeywords.click(WebUiBuiltInKeywords.groovy:620)
	at com.kms.katalon.core.webui.keyword.WebUiBuiltInKeywords$click$3.call(Unknown Source)
	at Privacy Policy.run(Privacy Policy:24)
	at com.kms.katalon.core.main.ScriptEngine.run(ScriptEngine.java:194)
	at com.kms.katalon.core.main.ScriptEngine.runScriptAsRawText(ScriptEngine.java:119)
	at com.kms.katalon.core.main.TestCaseExecutor.runScript(TestCaseExecutor.java:448)
	at com.kms.katalon.core.main.TestCaseExecutor.doExecute(TestCaseExecutor.java:439)
	at com.kms.katalon.core.main.TestCaseExecutor.processExecutionPhase(TestCaseExecutor.java:418)
	at com.kms.katalon.core.main.TestCaseExecutor.accessMainPhase(TestCaseExecutor.java:410)
	at com.kms.katalon.core.main.TestCaseExecutor.execute(TestCaseExecutor.java:285)
	at com.kms.katalon.core.common.CommonExecutor.accessTestCaseMainPhase(CommonExecutor.java:65)
	at com.kms.katalon.core.main.TestSuiteExecutor.accessTestSuiteMainPhase(TestSuiteExecutor.java:151)
	at com.kms.katalon.core.main.TestSuiteExecutor.execute(TestSuiteExecutor.java:106)
	at com.kms.katalon.core.main.TestCaseMain.startTestSuite(TestCaseMain.java:185)
	at com.kms.katalon.core.main.TestCaseMain$startTestSuite$0.call(Unknown Source)
	at TempTestSuite1675890762434.run(TempTestSuite1675890762434.groovy:36)
Caused by: org.openqa.selenium.ElementClickInterceptedException: element click intercepted: Element <a href="https://www.incredible.co.za/services/privacy-policy">...</a> is not clickable at point (459, 701). Other element would receive the click: <div role="alertdialog" tabindex="-1" class="cookie-notice-wrap active" id="notice-cookie-block" style="">...</div>
  (Session info: chrome=110.0.5481.77)
Build info: version: '3.141.59', revision: 'e82be7d358', time: '2018-11-14T08:25:53'
System info: host: 'DEOLINDO', ip: '192.168.1.171', os.name: 'Windows 10', os.arch: 'amd64', os.version: '10.0', java.version: '1.8.0_282'
Driver info: com.kms.katalon.selenium.driver.CChromeDriver
Capabilities {acceptInsecureCerts: false, browserName: chrome, browserVersion: 110.0.5481.77, chrome: {chromedriverVersion: 110.0.5481.77 (65ed616c6e8e..., userDataDir: C:\Users\Admin\AppData\Loca...}, goog:chromeOptions: {debuggerAddress: localhost:59116}, javascriptEnabled: true, networkConnectionEnabled: false, pageLoadStrategy: normal, platform: WINDOWS, platformName: WINDOWS, proxy: Proxy(), setWindowRect: true, strictFileInteractability: false, timeouts: {implicit: 0, pageLoad: 300000, script: 30000}, unhandledPromptBehavior: dismiss and notify, webauthn:extension:credBlob: true, webauthn:extension:largeBlob: true, webauthn:virtualAuthenticators: true}
Session ID: e7791e400ef29683ea99de389e6b72d4
	at org.openqa.selenium.remote.http.W3CHttpResponseCodec.createException(W3CHttpResponseCodec.java:187)
	at org.openqa.selenium.remote.http.W3CHttpResponseCodec.decode(W3CHttpResponseCodec.java:122)
	at org.openqa.selenium.remote.http.W3CHttpResponseCodec.decode(W3CHttpResponseCodec.java:49)
	at org.openqa.selenium.remote.HttpCommandExecutor.execute(HttpCommandExecutor.java:158)
	at org.openqa.selenium.remote.service.DriverCommandExecutor.execute(DriverCommandExecutor.java:83)
	at org.openqa.selenium.remote.RemoteWebDriver.execute(RemoteWebDriver.java:552)
	at com.kms.katalon.selenium.driver.CChromeDriver.execute(CChromeDriver.java:19)
	at org.openqa.selenium.remote.RemoteWebElement.execute(RemoteWebElement.java:285)
	at org.openqa.selenium.remote.RemoteWebElement.click(RemoteWebElement.java:84)
	at org.openqa.selenium.support.events.EventFiringWebDriver$EventFiringWebElement.lambda$new$0(EventFiringWebDriver.java:404)
	at com.sun.proxy.$Proxy11.click(Unknown Source)
	at org.openqa.selenium.support.events.EventFiringWebDriver$EventFiringWebElement.click(EventFiringWebDriver.java:417)
	at org.openqa.selenium.WebElement$click.call(Unknown Source)
	at com.kms.katalon.core.webui.keyword.builtin.ClickKeyword.clickUntilSuccessWithTimeout(ClickKeyword.groovy:81)
	at com.kms.katalon.core.webui.keyword.builtin.ClickKeyword.clickUntilSuccessWithTimeout(ClickKeyword.groovy)
	at com.kms.katalon.core.webui.keyword.builtin.ClickKeyword$_click_closure1.doCall(ClickKeyword.groovy:67)
	at com.kms.katalon.core.webui.keyword.builtin.ClickKeyword$_click_closure1.call(ClickKeyword.groovy)
	at com.kms.katalon.core.webui.keyword.internal.WebUIKeywordMain.runKeyword(WebUIKeywordMain.groovy:20)
	... 19 more]]></system-err>
      </testcase>
      <testcase name="Test Cases/Incredible Connection/Search" time="26.955" classname="Test Cases/Incredible Connection/Search" status="PASSED">
         <system-out><![CDATA[2023-02-08 22:18:36 - [TEST_CASE][PASSED] - Test Cases/Incredible Connection/Search: Test Cases/Incredible Connection/Search

2023-02-08 22:18:37 - [TEST_STEP][PASSED] - callTestCase(findTestCase("Incredible Connection/Landing Page"), [:], STOP_ON_FAILURE): Call Test Case 'Test Cases/Incredible Connection/Landing Page' successfully

2023-02-08 22:18:37 - [TEST_CASE][PASSED] - Test Cases/Incredible Connection/Landing Page: Test Cases/Incredible Connection/Landing Page

2023-02-08 22:18:37 - [TEST_STEP][PASSED] - openBrowser(""): Browser is opened with url: ''

2023-02-08 22:18:37 - [MESSAGE][WARNING] - A browser is already opened. Closing browser and opening a new one

2023-02-08 22:18:38 - [MESSAGE][INFO] - Starting 'Chrome' driver

2023-02-08 22:18:38 - [MESSAGE][INFO] - Action delay is set to 0 milliseconds

2023-02-08 22:18:41 - [MESSAGE][PASSED] - Browser is opened with url: ''

2023-02-08 22:18:41 - [TEST_STEP][PASSED] - navigateToUrl("https://www.incredible.co.za/"): Navigate to 'https://www.incredible.co.za/' successfully

2023-02-08 22:18:53 - [MESSAGE][PASSED] - Navigate to 'https://www.incredible.co.za/' successfully

2023-02-08 22:18:53 - [TEST_STEP][PASSED] - takeScreenshotAsCheckpoint("landing_page"): Taking screenshot successfully

2023-02-08 22:18:54 - [MESSAGE][INFO] - 0 hidden object(s)

2023-02-08 22:18:54 - [MESSAGE][PASSED] - Taking screenshot successfully
[[ATTACHMENT|keyes\keyes-landing_page.png]]

2023-02-08 22:18:54 - [MESSAGE][PASSED] - Call Test Case 'Test Cases/Incredible Connection/Landing Page' successfully

2023-02-08 22:18:54 - [TEST_STEP][PASSED] - click(findTestObject("Object Repository/OR_Incredible Connection/Search/input_Cookie and privacy policy_q")): Object: 'Object Repository/OR_Incredible Connection/Search/input_Cookie and privacy policy_q' is clicked on

2023-02-08 22:18:55 - [MESSAGE][PASSED] - Object: 'Object Repository/OR_Incredible Connection/Search/input_Cookie and privacy policy_q' is clicked on

2023-02-08 22:18:55 - [TEST_STEP][PASSED] - click(findTestObject("Object Repository/OR_Incredible Connection/Search/a_iphone")): Object: 'Object Repository/OR_Incredible Connection/Search/a_iphone' is clicked on

2023-02-08 22:18:56 - [MESSAGE][PASSED] - Object: 'Object Repository/OR_Incredible Connection/Search/a_iphone' is clicked on

2023-02-08 22:18:56 - [TEST_STEP][PASSED] - click(findTestObject("Object Repository/OR_Incredible Connection/Search/a")): Object: 'Object Repository/OR_Incredible Connection/Search/a' is clicked on

2023-02-08 22:18:58 - [MESSAGE][PASSED] - Object: 'Object Repository/OR_Incredible Connection/Search/a' is clicked on

2023-02-08 22:18:58 - [TEST_STEP][PASSED] - click(findTestObject("Object Repository/OR_Incredible Connection/Search/span_iphones")): Object: 'Object Repository/OR_Incredible Connection/Search/span_iphones' is clicked on

2023-02-08 22:19:00 - [MESSAGE][PASSED] - Object: 'Object Repository/OR_Incredible Connection/Search/span_iphones' is clicked on

2023-02-08 22:19:00 - [TEST_STEP][PASSED] - click(findTestObject("Object Repository/OR_Incredible Connection/Search/span_products")): Object: 'Object Repository/OR_Incredible Connection/Search/span_products' is clicked on

2023-02-08 22:19:01 - [MESSAGE][PASSED] - Object: 'Object Repository/OR_Incredible Connection/Search/span_products' is clicked on

2023-02-08 22:19:01 - [TEST_STEP][PASSED] - takeScreenshotAsCheckpoint("search"): Taking screenshot successfully

2023-02-08 22:19:03 - [MESSAGE][INFO] - 0 hidden object(s)

2023-02-08 22:19:03 - [MESSAGE][PASSED] - Taking screenshot successfully
[[ATTACHMENT|keyes\keyes-search.png]]]]></system-out>
         <system-err><![CDATA[]]></system-err>
      </testcase>
      <testcase name="Test Cases/Incredible Connection/Tech For Business" time="56.147" classname="Test Cases/Incredible Connection/Tech For Business" status="FAILED">
         <failure type="FAILED" message="Test Cases/Incredible Connection/Tech For Business FAILED.
Reason:
com.kms.katalon.core.exception.StepFailedException: Unable to click on object 'Object Repository/OR_Incredible Connection/Tech For Business/button_Add to Cart'
	at com.kms.katalon.core.webui.keyword.internal.WebUIKeywordMain.stepFailed(WebUIKeywordMain.groovy:64)
	at com.kms.katalon.core.webui.keyword.internal.WebUIKeywordMain.runKeyword(WebUIKeywordMain.groovy:26)
	at com.kms.katalon.core.webui.keyword.builtin.ClickKeyword.click(ClickKeyword.groovy:74)
	at com.kms.katalon.core.webui.keyword.builtin.ClickKeyword.execute(ClickKeyword.groovy:40)
	at com.kms.katalon.core.keyword.internal.KeywordExecutor.executeKeywordForPlatform(KeywordExecutor.groovy:74)
	at com.kms.katalon.core.webui.keyword.WebUiBuiltInKeywords.click(WebUiBuiltInKeywords.groovy:620)
	at com.kms.katalon.core.webui.keyword.WebUiBuiltInKeywords$click$3.call(Unknown Source)
	at Tech For Business.run(Tech For Business:26)
	at com.kms.katalon.core.main.ScriptEngine.run(ScriptEngine.java:194)
	at com.kms.katalon.core.main.ScriptEngine.runScriptAsRawText(ScriptEngine.java:119)
	at com.kms.katalon.core.main.TestCaseExecutor.runScript(TestCaseExecutor.java:448)
	at com.kms.katalon.core.main.TestCaseExecutor.doExecute(TestCaseExecutor.java:439)
	at com.kms.katalon.core.main.TestCaseExecutor.processExecutionPhase(TestCaseExecutor.java:418)
	at com.kms.katalon.core.main.TestCaseExecutor.accessMainPhase(TestCaseExecutor.java:410)
	at com.kms.katalon.core.main.TestCaseExecutor.execute(TestCaseExecutor.java:285)
	at com.kms.katalon.core.common.CommonExecutor.accessTestCaseMainPhase(CommonExecutor.java:65)
	at com.kms.katalon.core.main.TestSuiteExecutor.accessTestSuiteMainPhase(TestSuiteExecutor.java:151)
	at com.kms.katalon.core.main.TestSuiteExecutor.execute(TestSuiteExecutor.java:106)
	at com.kms.katalon.core.main.TestCaseMain.startTestSuite(TestCaseMain.java:185)
	at com.kms.katalon.core.main.TestCaseMain$startTestSuite$0.call(Unknown Source)
	at TempTestSuite1675890762434.run(TempTestSuite1675890762434.groovy:36)
Caused by: org.openqa.selenium.ElementClickInterceptedException: element click intercepted: Element &lt;button type=&quot;submit&quot; title=&quot;Add to Cart&quot; class=&quot;action tocart&quot;>...&lt;/button> is not clickable at point (403, 692). Other element would receive the click: &lt;div class=&quot;cookie-notice-content&quot;>...&lt;/div>
  (Session info: chrome=110.0.5481.77)
Build info: version: '3.141.59', revision: 'e82be7d358', time: '2018-11-14T08:25:53'
System info: host: 'DEOLINDO', ip: '192.168.1.171', os.name: 'Windows 10', os.arch: 'amd64', os.version: '10.0', java.version: '1.8.0_282'
Driver info: com.kms.katalon.selenium.driver.CChromeDriver
Capabilities {acceptInsecureCerts: false, browserName: chrome, browserVersion: 110.0.5481.77, chrome: {chromedriverVersion: 110.0.5481.77 (65ed616c6e8e..., userDataDir: C:\Users\Admin\AppData\Loca...}, goog:chromeOptions: {debuggerAddress: localhost:59315}, javascriptEnabled: true, networkConnectionEnabled: false, pageLoadStrategy: normal, platform: WINDOWS, platformName: WINDOWS, proxy: Proxy(), setWindowRect: true, strictFileInteractability: false, timeouts: {implicit: 0, pageLoad: 300000, script: 30000}, unhandledPromptBehavior: dismiss and notify, webauthn:extension:credBlob: true, webauthn:extension:largeBlob: true, webauthn:virtualAuthenticators: true}
Session ID: d00427801ab4e9ec6f092fead8c292eb
	at org.openqa.selenium.remote.http.W3CHttpResponseCodec.createException(W3CHttpResponseCodec.java:187)
	at org.openqa.selenium.remote.http.W3CHttpResponseCodec.decode(W3CHttpResponseCodec.java:122)
	at org.openqa.selenium.remote.http.W3CHttpResponseCodec.decode(W3CHttpResponseCodec.java:49)
	at org.openqa.selenium.remote.HttpCommandExecutor.execute(HttpCommandExecutor.java:158)
	at org.openqa.selenium.remote.service.DriverCommandExecutor.execute(DriverCommandExecutor.java:83)
	at org.openqa.selenium.remote.RemoteWebDriver.execute(RemoteWebDriver.java:552)
	at com.kms.katalon.selenium.driver.CChromeDriver.execute(CChromeDriver.java:19)
	at org.openqa.selenium.remote.RemoteWebElement.execute(RemoteWebElement.java:285)
	at org.openqa.selenium.remote.RemoteWebElement.click(RemoteWebElement.java:84)
	at org.openqa.selenium.support.events.EventFiringWebDriver$EventFiringWebElement.lambda$new$0(EventFiringWebDriver.java:404)
	at com.sun.proxy.$Proxy11.click(Unknown Source)
	at org.openqa.selenium.support.events.EventFiringWebDriver$EventFiringWebElement.click(EventFiringWebDriver.java:417)
	at org.openqa.selenium.WebElement$click.call(Unknown Source)
	at com.kms.katalon.core.webui.keyword.builtin.ClickKeyword.clickUntilSuccessWithTimeout(ClickKeyword.groovy:81)
	at com.kms.katalon.core.webui.keyword.builtin.ClickKeyword.clickUntilSuccessWithTimeout(ClickKeyword.groovy)
	at com.kms.katalon.core.webui.keyword.builtin.ClickKeyword$_click_closure1.doCall(ClickKeyword.groovy:67)
	at com.kms.katalon.core.webui.keyword.builtin.ClickKeyword$_click_closure1.call(ClickKeyword.groovy)
	at com.kms.katalon.core.webui.keyword.internal.WebUIKeywordMain.runKeyword(WebUIKeywordMain.groovy:20)
	... 19 more
"/>
         <system-out><![CDATA[2023-02-08 22:19:03 - [TEST_CASE][FAILED] - Test Cases/Incredible Connection/Tech For Business: Test Cases/Incredible Connection/Tech For Business FAILED.
Reason:
com.kms.katalon.core.exception.StepFailedException: Unable to click on object 'Object Repository/OR_Incredible Connection/Tech For Business/button_Add to Cart'
	at com.kms.katalon.core.webui.keyword.internal.WebUIKeywordMain.stepFailed(WebUIKeywordMain.groovy:64)
	at com.kms.katalon.core.webui.keyword.internal.WebUIKeywordMain.runKeyword(WebUIKeywordMain.groovy:26)
	at com.kms.katalon.core.webui.keyword.builtin.ClickKeyword.click(ClickKeyword.groovy:74)
	at com.kms.katalon.core.webui.keyword.builtin.ClickKeyword.execute(ClickKeyword.groovy:40)
	at com.kms.katalon.core.keyword.internal.KeywordExecutor.executeKeywordForPlatform(KeywordExecutor.groovy:74)
	at com.kms.katalon.core.webui.keyword.WebUiBuiltInKeywords.click(WebUiBuiltInKeywords.groovy:620)
	at com.kms.katalon.core.webui.keyword.WebUiBuiltInKeywords$click$3.call(Unknown Source)
	at Tech For Business.run(Tech For Business:26)
	at com.kms.katalon.core.main.ScriptEngine.run(ScriptEngine.java:194)
	at com.kms.katalon.core.main.ScriptEngine.runScriptAsRawText(ScriptEngine.java:119)
	at com.kms.katalon.core.main.TestCaseExecutor.runScript(TestCaseExecutor.java:448)
	at com.kms.katalon.core.main.TestCaseExecutor.doExecute(TestCaseExecutor.java:439)
	at com.kms.katalon.core.main.TestCaseExecutor.processExecutionPhase(TestCaseExecutor.java:418)
	at com.kms.katalon.core.main.TestCaseExecutor.accessMainPhase(TestCaseExecutor.java:410)
	at com.kms.katalon.core.main.TestCaseExecutor.execute(TestCaseExecutor.java:285)
	at com.kms.katalon.core.common.CommonExecutor.accessTestCaseMainPhase(CommonExecutor.java:65)
	at com.kms.katalon.core.main.TestSuiteExecutor.accessTestSuiteMainPhase(TestSuiteExecutor.java:151)
	at com.kms.katalon.core.main.TestSuiteExecutor.execute(TestSuiteExecutor.java:106)
	at com.kms.katalon.core.main.TestCaseMain.startTestSuite(TestCaseMain.java:185)
	at com.kms.katalon.core.main.TestCaseMain$startTestSuite$0.call(Unknown Source)
	at TempTestSuite1675890762434.run(TempTestSuite1675890762434.groovy:36)
Caused by: org.openqa.selenium.ElementClickInterceptedException: element click intercepted: Element <button type="submit" title="Add to Cart" class="action tocart">...</button> is not clickable at point (403, 692). Other element would receive the click: <div class="cookie-notice-content">...</div>
  (Session info: chrome=110.0.5481.77)
Build info: version: '3.141.59', revision: 'e82be7d358', time: '2018-11-14T08:25:53'
System info: host: 'DEOLINDO', ip: '192.168.1.171', os.name: 'Windows 10', os.arch: 'amd64', os.version: '10.0', java.version: '1.8.0_282'
Driver info: com.kms.katalon.selenium.driver.CChromeDriver
Capabilities {acceptInsecureCerts: false, browserName: chrome, browserVersion: 110.0.5481.77, chrome: {chromedriverVersion: 110.0.5481.77 (65ed616c6e8e..., userDataDir: C:\Users\Admin\AppData\Loca...}, goog:chromeOptions: {debuggerAddress: localhost:59315}, javascriptEnabled: true, networkConnectionEnabled: false, pageLoadStrategy: normal, platform: WINDOWS, platformName: WINDOWS, proxy: Proxy(), setWindowRect: true, strictFileInteractability: false, timeouts: {implicit: 0, pageLoad: 300000, script: 30000}, unhandledPromptBehavior: dismiss and notify, webauthn:extension:credBlob: true, webauthn:extension:largeBlob: true, webauthn:virtualAuthenticators: true}
Session ID: d00427801ab4e9ec6f092fead8c292eb
	at org.openqa.selenium.remote.http.W3CHttpResponseCodec.createException(W3CHttpResponseCodec.java:187)
	at org.openqa.selenium.remote.http.W3CHttpResponseCodec.decode(W3CHttpResponseCodec.java:122)
	at org.openqa.selenium.remote.http.W3CHttpResponseCodec.decode(W3CHttpResponseCodec.java:49)
	at org.openqa.selenium.remote.HttpCommandExecutor.execute(HttpCommandExecutor.java:158)
	at org.openqa.selenium.remote.service.DriverCommandExecutor.execute(DriverCommandExecutor.java:83)
	at org.openqa.selenium.remote.RemoteWebDriver.execute(RemoteWebDriver.java:552)
	at com.kms.katalon.selenium.driver.CChromeDriver.execute(CChromeDriver.java:19)
	at org.openqa.selenium.remote.RemoteWebElement.execute(RemoteWebElement.java:285)
	at org.openqa.selenium.remote.RemoteWebElement.click(RemoteWebElement.java:84)
	at org.openqa.selenium.support.events.EventFiringWebDriver$EventFiringWebElement.lambda$new$0(EventFiringWebDriver.java:404)
	at com.sun.proxy.$Proxy11.click(Unknown Source)
	at org.openqa.selenium.support.events.EventFiringWebDriver$EventFiringWebElement.click(EventFiringWebDriver.java:417)
	at org.openqa.selenium.WebElement$click.call(Unknown Source)
	at com.kms.katalon.core.webui.keyword.builtin.ClickKeyword.clickUntilSuccessWithTimeout(ClickKeyword.groovy:81)
	at com.kms.katalon.core.webui.keyword.builtin.ClickKeyword.clickUntilSuccessWithTimeout(ClickKeyword.groovy)
	at com.kms.katalon.core.webui.keyword.builtin.ClickKeyword$_click_closure1.doCall(ClickKeyword.groovy:67)
	at com.kms.katalon.core.webui.keyword.builtin.ClickKeyword$_click_closure1.call(ClickKeyword.groovy)
	at com.kms.katalon.core.webui.keyword.internal.WebUIKeywordMain.runKeyword(WebUIKeywordMain.groovy:20)
	... 19 more


2023-02-08 22:19:04 - [TEST_STEP][PASSED] - callTestCase(findTestCase("Incredible Connection/Landing Page"), [:], STOP_ON_FAILURE): Call Test Case 'Test Cases/Incredible Connection/Landing Page' successfully

2023-02-08 22:19:04 - [TEST_CASE][PASSED] - Test Cases/Incredible Connection/Landing Page: Test Cases/Incredible Connection/Landing Page

2023-02-08 22:19:04 - [TEST_STEP][PASSED] - openBrowser(""): Browser is opened with url: ''

2023-02-08 22:19:04 - [MESSAGE][WARNING] - A browser is already opened. Closing browser and opening a new one

2023-02-08 22:19:05 - [MESSAGE][INFO] - Starting 'Chrome' driver

2023-02-08 22:19:05 - [MESSAGE][INFO] - Action delay is set to 0 milliseconds

2023-02-08 22:19:08 - [MESSAGE][PASSED] - Browser is opened with url: ''

2023-02-08 22:19:08 - [TEST_STEP][PASSED] - navigateToUrl("https://www.incredible.co.za/"): Navigate to 'https://www.incredible.co.za/' successfully

2023-02-08 22:19:19 - [MESSAGE][PASSED] - Navigate to 'https://www.incredible.co.za/' successfully

2023-02-08 22:19:19 - [TEST_STEP][PASSED] - takeScreenshotAsCheckpoint("landing_page"): Taking screenshot successfully

2023-02-08 22:19:20 - [MESSAGE][INFO] - 0 hidden object(s)

2023-02-08 22:19:20 - [MESSAGE][PASSED] - Taking screenshot successfully
[[ATTACHMENT|keyes\keyes-landing_page.png]]

2023-02-08 22:19:20 - [MESSAGE][PASSED] - Call Test Case 'Test Cases/Incredible Connection/Landing Page' successfully

2023-02-08 22:19:20 - [TEST_STEP][PASSED] - maximizeWindow(): Current window maximized

2023-02-08 22:19:21 - [MESSAGE][PASSED] - Current window maximized

2023-02-08 22:19:21 - [TEST_STEP][PASSED] - click(findTestObject("Object Repository/OR_Incredible Connection/Tech For Business/a_Tech for Business")): Object: 'Object Repository/OR_Incredible Connection/Tech For Business/a_Tech for Business' is clicked on

2023-02-08 22:19:26 - [MESSAGE][PASSED] - Object: 'Object Repository/OR_Incredible Connection/Tech For Business/a_Tech for Business' is clicked on

2023-02-08 22:19:26 - [TEST_STEP][FAILED] - click(findTestObject("Object Repository/OR_Incredible Connection/Tech For Business/button_Add to Cart")): Unable to click on object 'Object Repository/OR_Incredible Connection/Tech For Business/button_Add to Cart' (Root cause: com.kms.katalon.core.exception.StepFailedException: Unable to click on object 'Object Repository/OR_Incredible Connection/Tech For Business/button_Add to Cart'
	at com.kms.katalon.core.webui.keyword.internal.WebUIKeywordMain.stepFailed(WebUIKeywordMain.groovy:64)
	at com.kms.katalon.core.webui.keyword.internal.WebUIKeywordMain.runKeyword(WebUIKeywordMain.groovy:26)
	at com.kms.katalon.core.webui.keyword.builtin.ClickKeyword.click(ClickKeyword.groovy:74)
	at com.kms.katalon.core.webui.keyword.builtin.ClickKeyword.execute(ClickKeyword.groovy:40)
	at com.kms.katalon.core.keyword.internal.KeywordExecutor.executeKeywordForPlatform(KeywordExecutor.groovy:74)
	at com.kms.katalon.core.webui.keyword.WebUiBuiltInKeywords.click(WebUiBuiltInKeywords.groovy:620)
	at com.kms.katalon.core.webui.keyword.WebUiBuiltInKeywords$click$3.call(Unknown Source)
	at Tech For Business.run(Tech For Business:26)
	at com.kms.katalon.core.main.ScriptEngine.run(ScriptEngine.java:194)
	at com.kms.katalon.core.main.ScriptEngine.runScriptAsRawText(ScriptEngine.java:119)
	at com.kms.katalon.core.main.TestCaseExecutor.runScript(TestCaseExecutor.java:448)
	at com.kms.katalon.core.main.TestCaseExecutor.doExecute(TestCaseExecutor.java:439)
	at com.kms.katalon.core.main.TestCaseExecutor.processExecutionPhase(TestCaseExecutor.java:418)
	at com.kms.katalon.core.main.TestCaseExecutor.accessMainPhase(TestCaseExecutor.java:410)
	at com.kms.katalon.core.main.TestCaseExecutor.execute(TestCaseExecutor.java:285)
	at com.kms.katalon.core.common.CommonExecutor.accessTestCaseMainPhase(CommonExecutor.java:65)
	at com.kms.katalon.core.main.TestSuiteExecutor.accessTestSuiteMainPhase(TestSuiteExecutor.java:151)
	at com.kms.katalon.core.main.TestSuiteExecutor.execute(TestSuiteExecutor.java:106)
	at com.kms.katalon.core.main.TestCaseMain.startTestSuite(TestCaseMain.java:185)
	at com.kms.katalon.core.main.TestCaseMain$startTestSuite$0.call(Unknown Source)
	at TempTestSuite1675890762434.run(TempTestSuite1675890762434.groovy:36)
Caused by: org.openqa.selenium.ElementClickInterceptedException: element click intercepted: Element <button type="submit" title="Add to Cart" class="action tocart">...</button> is not clickable at point (403, 692). Other element would receive the click: <div class="cookie-notice-content">...</div>
  (Session info: chrome=110.0.5481.77)
Build info: version: '3.141.59', revision: 'e82be7d358', time: '2018-11-14T08:25:53'
System info: host: 'DEOLINDO', ip: '192.168.1.171', os.name: 'Windows 10', os.arch: 'amd64', os.version: '10.0', java.version: '1.8.0_282'
Driver info: com.kms.katalon.selenium.driver.CChromeDriver
Capabilities {acceptInsecureCerts: false, browserName: chrome, browserVersion: 110.0.5481.77, chrome: {chromedriverVersion: 110.0.5481.77 (65ed616c6e8e..., userDataDir: C:\Users\Admin\AppData\Loca...}, goog:chromeOptions: {debuggerAddress: localhost:59315}, javascriptEnabled: true, networkConnectionEnabled: false, pageLoadStrategy: normal, platform: WINDOWS, platformName: WINDOWS, proxy: Proxy(), setWindowRect: true, strictFileInteractability: false, timeouts: {implicit: 0, pageLoad: 300000, script: 30000}, unhandledPromptBehavior: dismiss and notify, webauthn:extension:credBlob: true, webauthn:extension:largeBlob: true, webauthn:virtualAuthenticators: true}
Session ID: d00427801ab4e9ec6f092fead8c292eb
	at org.openqa.selenium.remote.http.W3CHttpResponseCodec.createException(W3CHttpResponseCodec.java:187)
	at org.openqa.selenium.remote.http.W3CHttpResponseCodec.decode(W3CHttpResponseCodec.java:122)
	at org.openqa.selenium.remote.http.W3CHttpResponseCodec.decode(W3CHttpResponseCodec.java:49)
	at org.openqa.selenium.remote.HttpCommandExecutor.execute(HttpCommandExecutor.java:158)
	at org.openqa.selenium.remote.service.DriverCommandExecutor.execute(DriverCommandExecutor.java:83)
	at org.openqa.selenium.remote.RemoteWebDriver.execute(RemoteWebDriver.java:552)
	at com.kms.katalon.selenium.driver.CChromeDriver.execute(CChromeDriver.java:19)
	at org.openqa.selenium.remote.RemoteWebElement.execute(RemoteWebElement.java:285)
	at org.openqa.selenium.remote.RemoteWebElement.click(RemoteWebElement.java:84)
	at org.openqa.selenium.support.events.EventFiringWebDriver$EventFiringWebElement.lambda$new$0(EventFiringWebDriver.java:404)
	at com.sun.proxy.$Proxy11.click(Unknown Source)
	at org.openqa.selenium.support.events.EventFiringWebDriver$EventFiringWebElement.click(EventFiringWebDriver.java:417)
	at org.openqa.selenium.WebElement$click.call(Unknown Source)
	at com.kms.katalon.core.webui.keyword.builtin.ClickKeyword.clickUntilSuccessWithTimeout(ClickKeyword.groovy:81)
	at com.kms.katalon.core.webui.keyword.builtin.ClickKeyword.clickUntilSuccessWithTimeout(ClickKeyword.groovy)
	at com.kms.katalon.core.webui.keyword.builtin.ClickKeyword$_click_closure1.doCall(ClickKeyword.groovy:67)
	at com.kms.katalon.core.webui.keyword.builtin.ClickKeyword$_click_closure1.call(ClickKeyword.groovy)
	at com.kms.katalon.core.webui.keyword.internal.WebUIKeywordMain.runKeyword(WebUIKeywordMain.groovy:20)
	at com.kms.katalon.core.webui.keyword.builtin.ClickKeyword.click(ClickKeyword.groovy:74)
	at com.kms.katalon.core.webui.keyword.builtin.ClickKeyword.execute(ClickKeyword.groovy:40)
	at com.kms.katalon.core.keyword.internal.KeywordExecutor.executeKeywordForPlatform(KeywordExecutor.groovy:74)
	at com.kms.katalon.core.webui.keyword.WebUiBuiltInKeywords.click(WebUiBuiltInKeywords.groovy:620)
	at com.kms.katalon.core.webui.keyword.WebUiBuiltInKeywords$click$3.call(Unknown Source)
	at Script1675803525686.run(Script1675803525686.groovy:26)
	... 13 more
)

2023-02-08 22:19:59 - [MESSAGE][FAILED] - Unable to click on object 'Object Repository/OR_Incredible Connection/Tech For Business/button_Add to Cart' (Root cause: com.kms.katalon.core.exception.StepFailedException: Unable to click on object 'Object Repository/OR_Incredible Connection/Tech For Business/button_Add to Cart'
	at com.kms.katalon.core.webui.keyword.internal.WebUIKeywordMain.stepFailed(WebUIKeywordMain.groovy:64)
	at com.kms.katalon.core.webui.keyword.internal.WebUIKeywordMain.runKeyword(WebUIKeywordMain.groovy:26)
	at com.kms.katalon.core.webui.keyword.builtin.ClickKeyword.click(ClickKeyword.groovy:74)
	at com.kms.katalon.core.webui.keyword.builtin.ClickKeyword.execute(ClickKeyword.groovy:40)
	at com.kms.katalon.core.keyword.internal.KeywordExecutor.executeKeywordForPlatform(KeywordExecutor.groovy:74)
	at com.kms.katalon.core.webui.keyword.WebUiBuiltInKeywords.click(WebUiBuiltInKeywords.groovy:620)
	at com.kms.katalon.core.webui.keyword.WebUiBuiltInKeywords$click$3.call(Unknown Source)
	at Tech For Business.run(Tech For Business:26)
	at com.kms.katalon.core.main.ScriptEngine.run(ScriptEngine.java:194)
	at com.kms.katalon.core.main.ScriptEngine.runScriptAsRawText(ScriptEngine.java:119)
	at com.kms.katalon.core.main.TestCaseExecutor.runScript(TestCaseExecutor.java:448)
	at com.kms.katalon.core.main.TestCaseExecutor.doExecute(TestCaseExecutor.java:439)
	at com.kms.katalon.core.main.TestCaseExecutor.processExecutionPhase(TestCaseExecutor.java:418)
	at com.kms.katalon.core.main.TestCaseExecutor.accessMainPhase(TestCaseExecutor.java:410)
	at com.kms.katalon.core.main.TestCaseExecutor.execute(TestCaseExecutor.java:285)
	at com.kms.katalon.core.common.CommonExecutor.accessTestCaseMainPhase(CommonExecutor.java:65)
	at com.kms.katalon.core.main.TestSuiteExecutor.accessTestSuiteMainPhase(TestSuiteExecutor.java:151)
	at com.kms.katalon.core.main.TestSuiteExecutor.execute(TestSuiteExecutor.java:106)
	at com.kms.katalon.core.main.TestCaseMain.startTestSuite(TestCaseMain.java:185)
	at com.kms.katalon.core.main.TestCaseMain$startTestSuite$0.call(Unknown Source)
	at TempTestSuite1675890762434.run(TempTestSuite1675890762434.groovy:36)
Caused by: org.openqa.selenium.ElementClickInterceptedException: element click intercepted: Element <button type="submit" title="Add to Cart" class="action tocart">...</button> is not clickable at point (403, 692). Other element would receive the click: <div class="cookie-notice-content">...</div>
  (Session info: chrome=110.0.5481.77)
Build info: version: '3.141.59', revision: 'e82be7d358', time: '2018-11-14T08:25:53'
System info: host: 'DEOLINDO', ip: '192.168.1.171', os.name: 'Windows 10', os.arch: 'amd64', os.version: '10.0', java.version: '1.8.0_282'
Driver info: com.kms.katalon.selenium.driver.CChromeDriver
Capabilities {acceptInsecureCerts: false, browserName: chrome, browserVersion: 110.0.5481.77, chrome: {chromedriverVersion: 110.0.5481.77 (65ed616c6e8e..., userDataDir: C:\Users\Admin\AppData\Loca...}, goog:chromeOptions: {debuggerAddress: localhost:59315}, javascriptEnabled: true, networkConnectionEnabled: false, pageLoadStrategy: normal, platform: WINDOWS, platformName: WINDOWS, proxy: Proxy(), setWindowRect: true, strictFileInteractability: false, timeouts: {implicit: 0, pageLoad: 300000, script: 30000}, unhandledPromptBehavior: dismiss and notify, webauthn:extension:credBlob: true, webauthn:extension:largeBlob: true, webauthn:virtualAuthenticators: true}
Session ID: d00427801ab4e9ec6f092fead8c292eb
	at org.openqa.selenium.remote.http.W3CHttpResponseCodec.createException(W3CHttpResponseCodec.java:187)
	at org.openqa.selenium.remote.http.W3CHttpResponseCodec.decode(W3CHttpResponseCodec.java:122)
	at org.openqa.selenium.remote.http.W3CHttpResponseCodec.decode(W3CHttpResponseCodec.java:49)
	at org.openqa.selenium.remote.HttpCommandExecutor.execute(HttpCommandExecutor.java:158)
	at org.openqa.selenium.remote.service.DriverCommandExecutor.execute(DriverCommandExecutor.java:83)
	at org.openqa.selenium.remote.RemoteWebDriver.execute(RemoteWebDriver.java:552)
	at com.kms.katalon.selenium.driver.CChromeDriver.execute(CChromeDriver.java:19)
	at org.openqa.selenium.remote.RemoteWebElement.execute(RemoteWebElement.java:285)
	at org.openqa.selenium.remote.RemoteWebElement.click(RemoteWebElement.java:84)
	at org.openqa.selenium.support.events.EventFiringWebDriver$EventFiringWebElement.lambda$new$0(EventFiringWebDriver.java:404)
	at com.sun.proxy.$Proxy11.click(Unknown Source)
	at org.openqa.selenium.support.events.EventFiringWebDriver$EventFiringWebElement.click(EventFiringWebDriver.java:417)
	at org.openqa.selenium.WebElement$click.call(Unknown Source)
	at com.kms.katalon.core.webui.keyword.builtin.ClickKeyword.clickUntilSuccessWithTimeout(ClickKeyword.groovy:81)
	at com.kms.katalon.core.webui.keyword.builtin.ClickKeyword.clickUntilSuccessWithTimeout(ClickKeyword.groovy)
	at com.kms.katalon.core.webui.keyword.builtin.ClickKeyword$_click_closure1.doCall(ClickKeyword.groovy:67)
	at com.kms.katalon.core.webui.keyword.builtin.ClickKeyword$_click_closure1.call(ClickKeyword.groovy)
	at com.kms.katalon.core.webui.keyword.internal.WebUIKeywordMain.runKeyword(WebUIKeywordMain.groovy:20)
	at com.kms.katalon.core.webui.keyword.builtin.ClickKeyword.click(ClickKeyword.groovy:74)
	at com.kms.katalon.core.webui.keyword.builtin.ClickKeyword.execute(ClickKeyword.groovy:40)
	at com.kms.katalon.core.keyword.internal.KeywordExecutor.executeKeywordForPlatform(KeywordExecutor.groovy:74)
	at com.kms.katalon.core.webui.keyword.WebUiBuiltInKeywords.click(WebUiBuiltInKeywords.groovy:620)
	at com.kms.katalon.core.webui.keyword.WebUiBuiltInKeywords$click$3.call(Unknown Source)
	at Script1675803525686.run(Script1675803525686.groovy:26)
	... 13 more
)
[[ATTACHMENT|C:\\Users\\Admin\\Katalon Studio\\katalon-practice (1)\\Reports\\20230208_221226\\Incredible Connection\\20230208_221242\\1675891199352.png]]]]></system-out>
         <system-err><![CDATA[2023-02-08 22:19:03 - [TEST_CASE][FAILED] - Test Cases/Incredible Connection/Tech For Business: Test Cases/Incredible Connection/Tech For Business FAILED.
Reason:
com.kms.katalon.core.exception.StepFailedException: Unable to click on object 'Object Repository/OR_Incredible Connection/Tech For Business/button_Add to Cart'
	at com.kms.katalon.core.webui.keyword.internal.WebUIKeywordMain.stepFailed(WebUIKeywordMain.groovy:64)
	at com.kms.katalon.core.webui.keyword.internal.WebUIKeywordMain.runKeyword(WebUIKeywordMain.groovy:26)
	at com.kms.katalon.core.webui.keyword.builtin.ClickKeyword.click(ClickKeyword.groovy:74)
	at com.kms.katalon.core.webui.keyword.builtin.ClickKeyword.execute(ClickKeyword.groovy:40)
	at com.kms.katalon.core.keyword.internal.KeywordExecutor.executeKeywordForPlatform(KeywordExecutor.groovy:74)
	at com.kms.katalon.core.webui.keyword.WebUiBuiltInKeywords.click(WebUiBuiltInKeywords.groovy:620)
	at com.kms.katalon.core.webui.keyword.WebUiBuiltInKeywords$click$3.call(Unknown Source)
	at Tech For Business.run(Tech For Business:26)
	at com.kms.katalon.core.main.ScriptEngine.run(ScriptEngine.java:194)
	at com.kms.katalon.core.main.ScriptEngine.runScriptAsRawText(ScriptEngine.java:119)
	at com.kms.katalon.core.main.TestCaseExecutor.runScript(TestCaseExecutor.java:448)
	at com.kms.katalon.core.main.TestCaseExecutor.doExecute(TestCaseExecutor.java:439)
	at com.kms.katalon.core.main.TestCaseExecutor.processExecutionPhase(TestCaseExecutor.java:418)
	at com.kms.katalon.core.main.TestCaseExecutor.accessMainPhase(TestCaseExecutor.java:410)
	at com.kms.katalon.core.main.TestCaseExecutor.execute(TestCaseExecutor.java:285)
	at com.kms.katalon.core.common.CommonExecutor.accessTestCaseMainPhase(CommonExecutor.java:65)
	at com.kms.katalon.core.main.TestSuiteExecutor.accessTestSuiteMainPhase(TestSuiteExecutor.java:151)
	at com.kms.katalon.core.main.TestSuiteExecutor.execute(TestSuiteExecutor.java:106)
	at com.kms.katalon.core.main.TestCaseMain.startTestSuite(TestCaseMain.java:185)
	at com.kms.katalon.core.main.TestCaseMain$startTestSuite$0.call(Unknown Source)
	at TempTestSuite1675890762434.run(TempTestSuite1675890762434.groovy:36)
Caused by: org.openqa.selenium.ElementClickInterceptedException: element click intercepted: Element <button type="submit" title="Add to Cart" class="action tocart">...</button> is not clickable at point (403, 692). Other element would receive the click: <div class="cookie-notice-content">...</div>
  (Session info: chrome=110.0.5481.77)
Build info: version: '3.141.59', revision: 'e82be7d358', time: '2018-11-14T08:25:53'
System info: host: 'DEOLINDO', ip: '192.168.1.171', os.name: 'Windows 10', os.arch: 'amd64', os.version: '10.0', java.version: '1.8.0_282'
Driver info: com.kms.katalon.selenium.driver.CChromeDriver
Capabilities {acceptInsecureCerts: false, browserName: chrome, browserVersion: 110.0.5481.77, chrome: {chromedriverVersion: 110.0.5481.77 (65ed616c6e8e..., userDataDir: C:\Users\Admin\AppData\Loca...}, goog:chromeOptions: {debuggerAddress: localhost:59315}, javascriptEnabled: true, networkConnectionEnabled: false, pageLoadStrategy: normal, platform: WINDOWS, platformName: WINDOWS, proxy: Proxy(), setWindowRect: true, strictFileInteractability: false, timeouts: {implicit: 0, pageLoad: 300000, script: 30000}, unhandledPromptBehavior: dismiss and notify, webauthn:extension:credBlob: true, webauthn:extension:largeBlob: true, webauthn:virtualAuthenticators: true}
Session ID: d00427801ab4e9ec6f092fead8c292eb
	at org.openqa.selenium.remote.http.W3CHttpResponseCodec.createException(W3CHttpResponseCodec.java:187)
	at org.openqa.selenium.remote.http.W3CHttpResponseCodec.decode(W3CHttpResponseCodec.java:122)
	at org.openqa.selenium.remote.http.W3CHttpResponseCodec.decode(W3CHttpResponseCodec.java:49)
	at org.openqa.selenium.remote.HttpCommandExecutor.execute(HttpCommandExecutor.java:158)
	at org.openqa.selenium.remote.service.DriverCommandExecutor.execute(DriverCommandExecutor.java:83)
	at org.openqa.selenium.remote.RemoteWebDriver.execute(RemoteWebDriver.java:552)
	at com.kms.katalon.selenium.driver.CChromeDriver.execute(CChromeDriver.java:19)
	at org.openqa.selenium.remote.RemoteWebElement.execute(RemoteWebElement.java:285)
	at org.openqa.selenium.remote.RemoteWebElement.click(RemoteWebElement.java:84)
	at org.openqa.selenium.support.events.EventFiringWebDriver$EventFiringWebElement.lambda$new$0(EventFiringWebDriver.java:404)
	at com.sun.proxy.$Proxy11.click(Unknown Source)
	at org.openqa.selenium.support.events.EventFiringWebDriver$EventFiringWebElement.click(EventFiringWebDriver.java:417)
	at org.openqa.selenium.WebElement$click.call(Unknown Source)
	at com.kms.katalon.core.webui.keyword.builtin.ClickKeyword.clickUntilSuccessWithTimeout(ClickKeyword.groovy:81)
	at com.kms.katalon.core.webui.keyword.builtin.ClickKeyword.clickUntilSuccessWithTimeout(ClickKeyword.groovy)
	at com.kms.katalon.core.webui.keyword.builtin.ClickKeyword$_click_closure1.doCall(ClickKeyword.groovy:67)
	at com.kms.katalon.core.webui.keyword.builtin.ClickKeyword$_click_closure1.call(ClickKeyword.groovy)
	at com.kms.katalon.core.webui.keyword.internal.WebUIKeywordMain.runKeyword(WebUIKeywordMain.groovy:20)
	... 19 more]]></system-err>
      </testcase>
      <testcase name="Test Cases/Incredible Connection/Track My Order" time="27.962" classname="Test Cases/Incredible Connection/Track My Order" status="PASSED">
         <system-out><![CDATA[2023-02-08 22:19:59 - [TEST_CASE][PASSED] - Test Cases/Incredible Connection/Track My Order: Test Cases/Incredible Connection/Track My Order

2023-02-08 22:20:00 - [TEST_STEP][PASSED] - callTestCase(findTestCase("Incredible Connection/Landing Page"), [:], STOP_ON_FAILURE): Call Test Case 'Test Cases/Incredible Connection/Landing Page' successfully

2023-02-08 22:20:00 - [TEST_CASE][PASSED] - Test Cases/Incredible Connection/Landing Page: Test Cases/Incredible Connection/Landing Page

2023-02-08 22:20:00 - [TEST_STEP][PASSED] - openBrowser(""): Browser is opened with url: ''

2023-02-08 22:20:00 - [MESSAGE][WARNING] - A browser is already opened. Closing browser and opening a new one

2023-02-08 22:20:01 - [MESSAGE][INFO] - Starting 'Chrome' driver

2023-02-08 22:20:01 - [MESSAGE][INFO] - Action delay is set to 0 milliseconds

2023-02-08 22:20:04 - [MESSAGE][PASSED] - Browser is opened with url: ''

2023-02-08 22:20:04 - [TEST_STEP][PASSED] - navigateToUrl("https://www.incredible.co.za/"): Navigate to 'https://www.incredible.co.za/' successfully

2023-02-08 22:20:15 - [MESSAGE][PASSED] - Navigate to 'https://www.incredible.co.za/' successfully

2023-02-08 22:20:15 - [TEST_STEP][PASSED] - takeScreenshotAsCheckpoint("landing_page"): Taking screenshot successfully

2023-02-08 22:20:16 - [MESSAGE][INFO] - 0 hidden object(s)

2023-02-08 22:20:17 - [MESSAGE][PASSED] - Taking screenshot successfully
[[ATTACHMENT|keyes\keyes-landing_page.png]]

2023-02-08 22:20:17 - [MESSAGE][PASSED] - Call Test Case 'Test Cases/Incredible Connection/Landing Page' successfully

2023-02-08 22:20:17 - [TEST_STEP][PASSED] - click(findTestObject("Object Repository/OR_Incredible Connection/Track Order/div_Track my OrderTrack")): Object: 'Object Repository/OR_Incredible Connection/Track Order/div_Track my OrderTrack' is clicked on

2023-02-08 22:20:18 - [MESSAGE][PASSED] - Object: 'Object Repository/OR_Incredible Connection/Track Order/div_Track my OrderTrack' is clicked on

2023-02-08 22:20:18 - [TEST_STEP][PASSED] - setText(findTestObject("Object Repository/OR_Incredible Connection/Track Order/input_Email_email"), "deolindo9@gmail.com"): Text 'deolindo9@gmail.com' is set on object 'Object Repository/OR_Incredible Connection/Track Order/input_Email_email'

2023-02-08 22:20:19 - [MESSAGE][PASSED] - Text 'deolindo9@gmail.com' is set on object 'Object Repository/OR_Incredible Connection/Track Order/input_Email_email'

2023-02-08 22:20:19 - [TEST_STEP][PASSED] - setText(findTestObject("Object Repository/OR_Incredible Connection/Track Order/input_Order Number_order_id"), "97676898"): Text '97676898' is set on object 'Object Repository/OR_Incredible Connection/Track Order/input_Order Number_order_id'

2023-02-08 22:20:20 - [MESSAGE][PASSED] - Text '97676898' is set on object 'Object Repository/OR_Incredible Connection/Track Order/input_Order Number_order_id'

2023-02-08 22:20:20 - [TEST_STEP][PASSED] - click(findTestObject("Object Repository/OR_Incredible Connection/Track Order/button_Track Order")): Object: 'Object Repository/OR_Incredible Connection/Track Order/button_Track Order' is clicked on

2023-02-08 22:20:21 - [MESSAGE][PASSED] - Object: 'Object Repository/OR_Incredible Connection/Track Order/button_Track Order' is clicked on

2023-02-08 22:20:21 - [TEST_STEP][PASSED] - takeScreenshotAsCheckpoint("track_my_order"): Taking screenshot successfully

2023-02-08 22:20:27 - [MESSAGE][INFO] - 0 hidden object(s)

2023-02-08 22:20:27 - [MESSAGE][PASSED] - Taking screenshot successfully
[[ATTACHMENT|keyes\keyes-track_my_order.png]]]]></system-out>
         <system-err><![CDATA[]]></system-err>
      </testcase>
      <testcase name="Test Cases/Incredible Connection/Unsuccessful Login" time="34.172" classname="Test Cases/Incredible Connection/Unsuccessful Login" status="PASSED">
         <system-out><![CDATA[2023-02-08 22:20:27 - [TEST_CASE][PASSED] - Test Cases/Incredible Connection/Unsuccessful Login: Test Cases/Incredible Connection/Unsuccessful Login

2023-02-08 22:20:28 - [TEST_STEP][PASSED] - callTestCase(findTestCase("Incredible Connection/Landing Page"), [:], STOP_ON_FAILURE): Call Test Case 'Test Cases/Incredible Connection/Landing Page' successfully

2023-02-08 22:20:28 - [TEST_CASE][PASSED] - Test Cases/Incredible Connection/Landing Page: Test Cases/Incredible Connection/Landing Page

2023-02-08 22:20:28 - [TEST_STEP][PASSED] - openBrowser(""): Browser is opened with url: ''

2023-02-08 22:20:28 - [MESSAGE][WARNING] - A browser is already opened. Closing browser and opening a new one

2023-02-08 22:20:29 - [MESSAGE][INFO] - Starting 'Chrome' driver

2023-02-08 22:20:29 - [MESSAGE][INFO] - Action delay is set to 0 milliseconds

2023-02-08 22:20:33 - [MESSAGE][PASSED] - Browser is opened with url: ''

2023-02-08 22:20:33 - [TEST_STEP][PASSED] - navigateToUrl("https://www.incredible.co.za/"): Navigate to 'https://www.incredible.co.za/' successfully

2023-02-08 22:20:44 - [MESSAGE][PASSED] - Navigate to 'https://www.incredible.co.za/' successfully

2023-02-08 22:20:44 - [TEST_STEP][PASSED] - takeScreenshotAsCheckpoint("landing_page"): Taking screenshot successfully

2023-02-08 22:20:45 - [MESSAGE][INFO] - 0 hidden object(s)

2023-02-08 22:20:45 - [MESSAGE][PASSED] - Taking screenshot successfully
[[ATTACHMENT|keyes\keyes-landing_page.png]]

2023-02-08 22:20:45 - [MESSAGE][PASSED] - Call Test Case 'Test Cases/Incredible Connection/Landing Page' successfully

2023-02-08 22:20:45 - [TEST_STEP][PASSED] - click(findTestObject("Object Repository/OR_Incredible Connection/Page_Home - Incredible Connection/div_My Account")): Object: 'Object Repository/OR_Incredible Connection/Page_Home - Incredible Connection/div_My Account' is clicked on

2023-02-08 22:20:46 - [MESSAGE][PASSED] - Object: 'Object Repository/OR_Incredible Connection/Page_Home - Incredible Connection/div_My Account' is clicked on

2023-02-08 22:20:46 - [TEST_STEP][PASSED] - click(findTestObject("Object Repository/OR_Incredible Connection/Page_Home - Incredible Connection/a_Sign In")): Object: 'Object Repository/OR_Incredible Connection/Page_Home - Incredible Connection/a_Sign In' is clicked on

2023-02-08 22:20:49 - [MESSAGE][PASSED] - Object: 'Object Repository/OR_Incredible Connection/Page_Home - Incredible Connection/a_Sign In' is clicked on

2023-02-08 22:20:49 - [TEST_STEP][PASSED] - setText(findTestObject("Object Repository/OR_Incredible Connection/Page_Customer Login - Incredible Connection/input_Email Address_loginusername"), "test@test.com"): Text 'test@test.com' is set on object 'Object Repository/OR_Incredible Connection/Page_Customer Login - Incredible Connection/input_Email Address_loginusername'

2023-02-08 22:20:55 - [MESSAGE][PASSED] - Text 'test@test.com' is set on object 'Object Repository/OR_Incredible Connection/Page_Customer Login - Incredible Connection/input_Email Address_loginusername'

2023-02-08 22:20:55 - [TEST_STEP][PASSED] - setEncryptedText(findTestObject("Object Repository/OR_Incredible Connection/Page_Customer Login - Incredible Connection/input_Password_loginpassword"), "iFGeFYmXIrWl+1q0scI6aQ=="): Text ****** has been set on object 'Object Repository/OR_Incredible Connection/Page_Customer Login - Incredible Connection/input_Password_loginpassword'

2023-02-08 22:20:55 - [MESSAGE][PASSED] - Text ****** has been set on object 'Object Repository/OR_Incredible Connection/Page_Customer Login - Incredible Connection/input_Password_loginpassword'

2023-02-08 22:20:55 - [TEST_STEP][PASSED] - click(findTestObject("Object Repository/OR_Incredible Connection/Page_Customer Login - Incredible Connection/button_Sign In")): Object: 'Object Repository/OR_Incredible Connection/Page_Customer Login - Incredible Connection/button_Sign In' is clicked on

2023-02-08 22:20:56 - [MESSAGE][PASSED] - Object: 'Object Repository/OR_Incredible Connection/Page_Customer Login - Incredible Connection/button_Sign In' is clicked on

2023-02-08 22:20:56 - [TEST_STEP][PASSED] - verifyElementText(findTestObject("Object Repository/OR_Incredible Connection/Page_Customer Login - Incredible Connection/div_Your account sign-in was incorrect. Ple_4353bf"), "Your account sign-in was incorrect. Please try again."): Actual text and expected text of test object 'Object Repository/OR_Incredible Connection/Page_Customer Login - Incredible Connection/div_Your account sign-in was incorrect. Ple_4353bf' are matched.

2023-02-08 22:21:01 - [MESSAGE][PASSED] - Actual text and expected text of test object 'Object Repository/OR_Incredible Connection/Page_Customer Login - Incredible Connection/div_Your account sign-in was incorrect. Ple_4353bf' are matched.

2023-02-08 22:21:01 - [TEST_STEP][PASSED] - takeScreenshotAsCheckpoint("unsuccessful_login"): Taking screenshot successfully

2023-02-08 22:21:01 - [MESSAGE][INFO] - 0 hidden object(s)

2023-02-08 22:21:02 - [MESSAGE][PASSED] - Taking screenshot successfully
[[ATTACHMENT|keyes\keyes-unsuccessful_login.png]]]]></system-out>
         <system-err><![CDATA[]]></system-err>
      </testcase>
      <testcase name="Test Cases/Incredible Connection/Voucher" time="403.967" classname="Test Cases/Incredible Connection/Voucher" status="PASSED">
         <system-out><![CDATA[2023-02-08 22:21:02 - [TEST_CASE][PASSED] - Test Cases/Incredible Connection/Voucher: Test Cases/Incredible Connection/Voucher

2023-02-08 22:21:02 - [TEST_STEP][PASSED] - callTestCase(findTestCase("Incredible Connection/Landing Page"), [:], STOP_ON_FAILURE): Call Test Case 'Test Cases/Incredible Connection/Landing Page' successfully

2023-02-08 22:21:02 - [TEST_CASE][PASSED] - Test Cases/Incredible Connection/Landing Page: Test Cases/Incredible Connection/Landing Page

2023-02-08 22:21:02 - [TEST_STEP][PASSED] - openBrowser(""): Browser is opened with url: ''

2023-02-08 22:21:02 - [MESSAGE][WARNING] - A browser is already opened. Closing browser and opening a new one

2023-02-08 22:21:03 - [MESSAGE][INFO] - Starting 'Chrome' driver

2023-02-08 22:21:03 - [MESSAGE][INFO] - Action delay is set to 0 milliseconds

2023-02-08 22:21:07 - [MESSAGE][PASSED] - Browser is opened with url: ''

2023-02-08 22:21:07 - [TEST_STEP][PASSED] - navigateToUrl("https://www.incredible.co.za/"): Navigate to 'https://www.incredible.co.za/' successfully

2023-02-08 22:21:18 - [MESSAGE][PASSED] - Navigate to 'https://www.incredible.co.za/' successfully

2023-02-08 22:21:18 - [TEST_STEP][PASSED] - takeScreenshotAsCheckpoint("landing_page"): Taking screenshot successfully

2023-02-08 22:21:19 - [MESSAGE][INFO] - 0 hidden object(s)

2023-02-08 22:21:19 - [MESSAGE][PASSED] - Taking screenshot successfully
[[ATTACHMENT|keyes\keyes-landing_page.png]]

2023-02-08 22:21:19 - [MESSAGE][PASSED] - Call Test Case 'Test Cases/Incredible Connection/Landing Page' successfully

2023-02-08 22:21:19 - [TEST_STEP][PASSED] - maximizeWindow(): Current window maximized

2023-02-08 22:21:20 - [MESSAGE][PASSED] - Current window maximized

2023-02-08 22:21:20 - [TEST_STEP][PASSED] - click(findTestObject("Object Repository/OR_Incredible Connection/Voucher/a_Buy  Get Registration")): Object: 'Object Repository/OR_Incredible Connection/Voucher/a_Buy  Get Registration' is clicked on

2023-02-08 22:21:25 - [MESSAGE][PASSED] - Object: 'Object Repository/OR_Incredible Connection/Voucher/a_Buy  Get Registration' is clicked on

2023-02-08 22:21:25 - [TEST_STEP][PASSED] - setText(findTestObject("Object Repository/OR_Incredible Connection/Voucher/input_First Name_field149"), "Voucher"): Text 'Voucher' is set on object 'Object Repository/OR_Incredible Connection/Voucher/input_First Name_field149'

2023-02-08 22:21:56 - [MESSAGE][INFO] - Unable to find the element located by 'By.xpath: //input[@id='fieldHyd5vw149']'. Please recheck the objects properties to make sure the desired element is located. 

2023-02-08 22:21:56 - [MESSAGE][WARNING] - [SELF-HEALING] Failed to find element with id 'Object Repository/OR_Incredible Connection/Voucher/input_First Name_field149'. Try using Self-healing.

2023-02-08 22:21:56 - [MESSAGE][WARNING] - [SELF-HEALING] The current locator of test object 'Object Repository/OR_Incredible Connection/Voucher/input_First Name_field149' was broken. Propose an alternative one: '//div/div/div/input'.

2023-02-08 22:22:28 - [MESSAGE][INFO] - Unable to find the element located by 'By.xpath: //input[@id='fieldHyd5vw149']'. Please recheck the objects properties to make sure the desired element is located. 

2023-02-08 22:22:28 - [MESSAGE][WARNING] - [SELF-HEALING] Failed to find element with id 'Object Repository/OR_Incredible Connection/Voucher/input_First Name_field149'. Try using Self-healing.

2023-02-08 22:22:28 - [MESSAGE][WARNING] - [SELF-HEALING] The current locator of test object 'Object Repository/OR_Incredible Connection/Voucher/input_First Name_field149' was broken. Propose an alternative one: '//div/div/div/input'.

2023-02-08 22:22:28 - [MESSAGE][PASSED] - Text 'Voucher' is set on object 'Object Repository/OR_Incredible Connection/Voucher/input_First Name_field149'

2023-02-08 22:22:28 - [TEST_STEP][PASSED] - setText(findTestObject("Object Repository/OR_Incredible Connection/Voucher/input_CellPhone_field150"), "0784492053"): Text '0784492053' is set on object 'Object Repository/OR_Incredible Connection/Voucher/input_CellPhone_field150'

2023-02-08 22:22:59 - [MESSAGE][INFO] - Unable to find the element located by 'By.xpath: //input[@id='fieldHyd5vw150']'. Please recheck the objects properties to make sure the desired element is located. 

2023-02-08 22:22:59 - [MESSAGE][WARNING] - [SELF-HEALING] Failed to find element with id 'Object Repository/OR_Incredible Connection/Voucher/input_CellPhone_field150'. Try using Self-healing.

2023-02-08 22:22:59 - [MESSAGE][WARNING] - [SELF-HEALING] The current locator of test object 'Object Repository/OR_Incredible Connection/Voucher/input_CellPhone_field150' was broken. Propose an alternative one: '//div[2]/div/input'.

2023-02-08 22:23:31 - [MESSAGE][INFO] - Unable to find the element located by 'By.xpath: //input[@id='fieldHyd5vw150']'. Please recheck the objects properties to make sure the desired element is located. 

2023-02-08 22:23:31 - [MESSAGE][WARNING] - [SELF-HEALING] Failed to find element with id 'Object Repository/OR_Incredible Connection/Voucher/input_CellPhone_field150'. Try using Self-healing.

2023-02-08 22:23:31 - [MESSAGE][WARNING] - [SELF-HEALING] The current locator of test object 'Object Repository/OR_Incredible Connection/Voucher/input_CellPhone_field150' was broken. Propose an alternative one: '//div[2]/div/input'.

2023-02-08 22:23:31 - [MESSAGE][PASSED] - Text '0784492053' is set on object 'Object Repository/OR_Incredible Connection/Voucher/input_CellPhone_field150'

2023-02-08 22:23:31 - [TEST_STEP][PASSED] - click(findTestObject("Object Repository/OR_Incredible Connection/Voucher/div_Cookie and privacy policy_btn-cookie-allow")): Object: 'Object Repository/OR_Incredible Connection/Voucher/div_Cookie and privacy policy_btn-cookie-allow' is clicked on

2023-02-08 22:23:31 - [MESSAGE][PASSED] - Object: 'Object Repository/OR_Incredible Connection/Voucher/div_Cookie and privacy policy_btn-cookie-allow' is clicked on

2023-02-08 22:23:31 - [TEST_STEP][PASSED] - setText(findTestObject("Object Repository/OR_Incredible Connection/Voucher/input_Last name_field151"), "Test"): Text 'Test' is set on object 'Object Repository/OR_Incredible Connection/Voucher/input_Last name_field151'

2023-02-08 22:24:03 - [MESSAGE][INFO] - Unable to find the element located by 'By.xpath: //input[@id='fieldHyd5vw151']'. Please recheck the objects properties to make sure the desired element is located. 

2023-02-08 22:24:03 - [MESSAGE][WARNING] - [SELF-HEALING] Failed to find element with id 'Object Repository/OR_Incredible Connection/Voucher/input_Last name_field151'. Try using Self-healing.

2023-02-08 22:24:03 - [MESSAGE][WARNING] - [SELF-HEALING] The current locator of test object 'Object Repository/OR_Incredible Connection/Voucher/input_Last name_field151' was broken. Propose an alternative one: '//div[3]/div/input'.

2023-02-08 22:24:34 - [MESSAGE][INFO] - Unable to find the element located by 'By.xpath: //input[@id='fieldHyd5vw151']'. Please recheck the objects properties to make sure the desired element is located. 

2023-02-08 22:24:34 - [MESSAGE][WARNING] - [SELF-HEALING] Failed to find element with id 'Object Repository/OR_Incredible Connection/Voucher/input_Last name_field151'. Try using Self-healing.

2023-02-08 22:24:34 - [MESSAGE][WARNING] - [SELF-HEALING] The current locator of test object 'Object Repository/OR_Incredible Connection/Voucher/input_Last name_field151' was broken. Propose an alternative one: '//div[3]/div/input'.

2023-02-08 22:24:35 - [MESSAGE][PASSED] - Text 'Test' is set on object 'Object Repository/OR_Incredible Connection/Voucher/input_Last name_field151'

2023-02-08 22:24:35 - [TEST_STEP][PASSED] - setText(findTestObject("Object Repository/OR_Incredible Connection/Voucher/input_Street Address_field152"), "Test address"): Text 'Test address' is set on object 'Object Repository/OR_Incredible Connection/Voucher/input_Street Address_field152'

2023-02-08 22:25:06 - [MESSAGE][INFO] - Unable to find the element located by 'By.xpath: //input[@id='fieldHyd5vw152']'. Please recheck the objects properties to make sure the desired element is located. 

2023-02-08 22:25:06 - [MESSAGE][WARNING] - [SELF-HEALING] Failed to find element with id 'Object Repository/OR_Incredible Connection/Voucher/input_Street Address_field152'. Try using Self-healing.

2023-02-08 22:25:06 - [MESSAGE][WARNING] - [SELF-HEALING] The current locator of test object 'Object Repository/OR_Incredible Connection/Voucher/input_Street Address_field152' was broken. Propose an alternative one: '//div[4]/div/input'.

2023-02-08 22:25:37 - [MESSAGE][INFO] - Unable to find the element located by 'By.xpath: //input[@id='fieldHyd5vw152']'. Please recheck the objects properties to make sure the desired element is located. 

2023-02-08 22:25:37 - [MESSAGE][WARNING] - [SELF-HEALING] Failed to find element with id 'Object Repository/OR_Incredible Connection/Voucher/input_Street Address_field152'. Try using Self-healing.

2023-02-08 22:25:38 - [MESSAGE][WARNING] - [SELF-HEALING] The current locator of test object 'Object Repository/OR_Incredible Connection/Voucher/input_Street Address_field152' was broken. Propose an alternative one: '//div[4]/div/input'.

2023-02-08 22:25:38 - [MESSAGE][PASSED] - Text 'Test address' is set on object 'Object Repository/OR_Incredible Connection/Voucher/input_Street Address_field152'

2023-02-08 22:25:38 - [TEST_STEP][PASSED] - setText(findTestObject("Object Repository/OR_Incredible Connection/Voucher/input_E-mail Address_field153"), "test@test.com"): Text 'test@test.com' is set on object 'Object Repository/OR_Incredible Connection/Voucher/input_E-mail Address_field153'

2023-02-08 22:26:09 - [MESSAGE][INFO] - Unable to find the element located by 'By.xpath: //input[@id='fieldHyd5vw153']'. Please recheck the objects properties to make sure the desired element is located. 

2023-02-08 22:26:09 - [MESSAGE][WARNING] - [SELF-HEALING] Failed to find element with id 'Object Repository/OR_Incredible Connection/Voucher/input_E-mail Address_field153'. Try using Self-healing.

2023-02-08 22:26:09 - [MESSAGE][WARNING] - [SELF-HEALING] The current locator of test object 'Object Repository/OR_Incredible Connection/Voucher/input_E-mail Address_field153' was broken. Propose an alternative one: '//div[5]/div/input'.

2023-02-08 22:26:41 - [MESSAGE][INFO] - Unable to find the element located by 'By.xpath: //input[@id='fieldHyd5vw153']'. Please recheck the objects properties to make sure the desired element is located. 

2023-02-08 22:26:41 - [MESSAGE][WARNING] - [SELF-HEALING] Failed to find element with id 'Object Repository/OR_Incredible Connection/Voucher/input_E-mail Address_field153'. Try using Self-healing.

2023-02-08 22:26:41 - [MESSAGE][WARNING] - [SELF-HEALING] The current locator of test object 'Object Repository/OR_Incredible Connection/Voucher/input_E-mail Address_field153' was broken. Propose an alternative one: '//div[5]/div/input'.

2023-02-08 22:26:41 - [MESSAGE][PASSED] - Text 'test@test.com' is set on object 'Object Repository/OR_Incredible Connection/Voucher/input_E-mail Address_field153'

2023-02-08 22:26:41 - [TEST_STEP][PASSED] - click(findTestObject("Object Repository/OR_Incredible Connection/Voucher/span_Submit")): Object: 'Object Repository/OR_Incredible Connection/Voucher/span_Submit' is clicked on

2023-02-08 22:27:12 - [MESSAGE][INFO] - Unable to find the element located by 'By.xpath: //button[@id='webform_Hyd5vw_submit_button']/span'. Please recheck the objects properties to make sure the desired element is located. 

2023-02-08 22:27:12 - [MESSAGE][WARNING] - [SELF-HEALING] Failed to find element with id 'Object Repository/OR_Incredible Connection/Voucher/span_Submit'. Try using Self-healing.

2023-02-08 22:27:13 - [MESSAGE][WARNING] - [SELF-HEALING] The current locator of test object 'Object Repository/OR_Incredible Connection/Voucher/span_Submit' was broken. Propose an alternative one: '(.//*[normalize-space(text()) and normalize-space(.)='I accept Terms & Conditions'])[1]/following::span[1]'.

2023-02-08 22:27:13 - [MESSAGE][PASSED] - Object: 'Object Repository/OR_Incredible Connection/Voucher/span_Submit' is clicked on

2023-02-08 22:27:13 - [TEST_STEP][PASSED] - verifyElementText(findTestObject("Object Repository/OR_Incredible Connection/Voucher/div_This is a required field"), "This is a required field."): Actual text and expected text of test object 'Object Repository/OR_Incredible Connection/Voucher/div_This is a required field' are matched.

2023-02-08 22:27:44 - [MESSAGE][INFO] - Unable to find the element located by 'By.xpath: //div[@id='advice-required-entry-fieldHyd5vw155']'. Please recheck the objects properties to make sure the desired element is located. 

2023-02-08 22:27:44 - [MESSAGE][WARNING] - [SELF-HEALING] Failed to find element with id 'Object Repository/OR_Incredible Connection/Voucher/div_This is a required field'. Try using Self-healing.

2023-02-08 22:27:45 - [MESSAGE][WARNING] - [SELF-HEALING] The current locator of test object 'Object Repository/OR_Incredible Connection/Voucher/div_This is a required field' was broken. Propose an alternative one: '(.//*[normalize-space(text()) and normalize-space(.)='RSA ID / Passport Number'])[1]/following::div[2]'.

2023-02-08 22:27:45 - [MESSAGE][PASSED] - Actual text and expected text of test object 'Object Repository/OR_Incredible Connection/Voucher/div_This is a required field' are matched.

2023-02-08 22:27:45 - [TEST_STEP][PASSED] - takeScreenshotAsCheckpoint("voucher"): Taking screenshot successfully

2023-02-08 22:27:45 - [MESSAGE][INFO] - 0 hidden object(s)

2023-02-08 22:27:46 - [MESSAGE][PASSED] - Taking screenshot successfully
[[ATTACHMENT|keyes\keyes-voucher.png]]]]></system-out>
         <system-err><![CDATA[]]></system-err>
      </testcase>
      <testcase name="Test Cases/Incredible Connection/Warranty Registration" time="56.761" classname="Test Cases/Incredible Connection/Warranty Registration" status="FAILED">
         <failure type="FAILED" message="Test Cases/Incredible Connection/Warranty Registration FAILED.
Reason:
com.kms.katalon.core.exception.StepFailedException: Unable to select option by value 'Western Cape' of object 'Object Repository/OR_Incredible Connection/Warranties Registration/select_Eastern CapeFree StateGautengKwaZulu_fc21b0'  using regular expression
	at com.kms.katalon.core.webui.keyword.internal.WebUIKeywordMain.stepFailed(WebUIKeywordMain.groovy:64)
	at com.kms.katalon.core.webui.keyword.internal.WebUIKeywordMain.runKeyword(WebUIKeywordMain.groovy:26)
	at com.kms.katalon.core.webui.keyword.builtin.SelectOptionByValueKeyword.selectOptionByValue(SelectOptionByValueKeyword.groovy:99)
	at com.kms.katalon.core.webui.keyword.builtin.SelectOptionByValueKeyword.execute(SelectOptionByValueKeyword.groovy:71)
	at com.kms.katalon.core.keyword.internal.KeywordExecutor.executeKeywordForPlatform(KeywordExecutor.groovy:74)
	at com.kms.katalon.core.webui.keyword.WebUiBuiltInKeywords.selectOptionByValue(WebUiBuiltInKeywords.groovy:1168)
	at com.kms.katalon.core.webui.keyword.WebUiBuiltInKeywords$selectOptionByValue$7.call(Unknown Source)
	at Warranty Registration.run(Warranty Registration:24)
	at com.kms.katalon.core.main.ScriptEngine.run(ScriptEngine.java:194)
	at com.kms.katalon.core.main.ScriptEngine.runScriptAsRawText(ScriptEngine.java:119)
	at com.kms.katalon.core.main.TestCaseExecutor.runScript(TestCaseExecutor.java:448)
	at com.kms.katalon.core.main.TestCaseExecutor.doExecute(TestCaseExecutor.java:439)
	at com.kms.katalon.core.main.TestCaseExecutor.processExecutionPhase(TestCaseExecutor.java:418)
	at com.kms.katalon.core.main.TestCaseExecutor.accessMainPhase(TestCaseExecutor.java:410)
	at com.kms.katalon.core.main.TestCaseExecutor.execute(TestCaseExecutor.java:285)
	at com.kms.katalon.core.common.CommonExecutor.accessTestCaseMainPhase(CommonExecutor.java:65)
	at com.kms.katalon.core.main.TestSuiteExecutor.accessTestSuiteMainPhase(TestSuiteExecutor.java:151)
	at com.kms.katalon.core.main.TestSuiteExecutor.execute(TestSuiteExecutor.java:106)
	at com.kms.katalon.core.main.TestCaseMain.startTestSuite(TestCaseMain.java:185)
	at com.kms.katalon.core.main.TestCaseMain$startTestSuite$0.call(Unknown Source)
	at TempTestSuite1675890762434.run(TempTestSuite1675890762434.groovy:36)
Caused by: com.kms.katalon.core.webui.exception.WebElementNotFoundException: Web element with id: 'Object Repository/OR_Incredible Connection/Warranties Registration/select_Eastern CapeFree StateGautengKwaZulu_fc21b0' located by '//select[@id='fieldOmUXQF6']' not found
	at com.kms.katalon.core.webui.common.WebUiCommonHelper.findWebElement(WebUiCommonHelper.java:1370)
	at com.kms.katalon.core.webui.keyword.internal.WebUIAbstractKeyword.findWebElement(WebUIAbstractKeyword.groovy:27)
	at com.kms.katalon.core.webui.keyword.internal.WebUIAbstractKeyword.findWebElement(WebUIAbstractKeyword.groovy:26)
	at com.kms.katalon.core.webui.keyword.builtin.SelectOptionByValueKeyword$_selectOptionByValue_closure1.doCall(SelectOptionByValueKeyword.groovy:86)
	at com.kms.katalon.core.webui.keyword.builtin.SelectOptionByValueKeyword$_selectOptionByValue_closure1.call(SelectOptionByValueKeyword.groovy)
	at com.kms.katalon.core.webui.keyword.internal.WebUIKeywordMain.runKeyword(WebUIKeywordMain.groovy:20)
	... 19 more
"/>
         <system-out><![CDATA[2023-02-08 22:27:46 - [TEST_CASE][FAILED] - Test Cases/Incredible Connection/Warranty Registration: Test Cases/Incredible Connection/Warranty Registration FAILED.
Reason:
com.kms.katalon.core.exception.StepFailedException: Unable to select option by value 'Western Cape' of object 'Object Repository/OR_Incredible Connection/Warranties Registration/select_Eastern CapeFree StateGautengKwaZulu_fc21b0'  using regular expression
	at com.kms.katalon.core.webui.keyword.internal.WebUIKeywordMain.stepFailed(WebUIKeywordMain.groovy:64)
	at com.kms.katalon.core.webui.keyword.internal.WebUIKeywordMain.runKeyword(WebUIKeywordMain.groovy:26)
	at com.kms.katalon.core.webui.keyword.builtin.SelectOptionByValueKeyword.selectOptionByValue(SelectOptionByValueKeyword.groovy:99)
	at com.kms.katalon.core.webui.keyword.builtin.SelectOptionByValueKeyword.execute(SelectOptionByValueKeyword.groovy:71)
	at com.kms.katalon.core.keyword.internal.KeywordExecutor.executeKeywordForPlatform(KeywordExecutor.groovy:74)
	at com.kms.katalon.core.webui.keyword.WebUiBuiltInKeywords.selectOptionByValue(WebUiBuiltInKeywords.groovy:1168)
	at com.kms.katalon.core.webui.keyword.WebUiBuiltInKeywords$selectOptionByValue$7.call(Unknown Source)
	at Warranty Registration.run(Warranty Registration:24)
	at com.kms.katalon.core.main.ScriptEngine.run(ScriptEngine.java:194)
	at com.kms.katalon.core.main.ScriptEngine.runScriptAsRawText(ScriptEngine.java:119)
	at com.kms.katalon.core.main.TestCaseExecutor.runScript(TestCaseExecutor.java:448)
	at com.kms.katalon.core.main.TestCaseExecutor.doExecute(TestCaseExecutor.java:439)
	at com.kms.katalon.core.main.TestCaseExecutor.processExecutionPhase(TestCaseExecutor.java:418)
	at com.kms.katalon.core.main.TestCaseExecutor.accessMainPhase(TestCaseExecutor.java:410)
	at com.kms.katalon.core.main.TestCaseExecutor.execute(TestCaseExecutor.java:285)
	at com.kms.katalon.core.common.CommonExecutor.accessTestCaseMainPhase(CommonExecutor.java:65)
	at com.kms.katalon.core.main.TestSuiteExecutor.accessTestSuiteMainPhase(TestSuiteExecutor.java:151)
	at com.kms.katalon.core.main.TestSuiteExecutor.execute(TestSuiteExecutor.java:106)
	at com.kms.katalon.core.main.TestCaseMain.startTestSuite(TestCaseMain.java:185)
	at com.kms.katalon.core.main.TestCaseMain$startTestSuite$0.call(Unknown Source)
	at TempTestSuite1675890762434.run(TempTestSuite1675890762434.groovy:36)
Caused by: com.kms.katalon.core.webui.exception.WebElementNotFoundException: Web element with id: 'Object Repository/OR_Incredible Connection/Warranties Registration/select_Eastern CapeFree StateGautengKwaZulu_fc21b0' located by '//select[@id='fieldOmUXQF6']' not found
	at com.kms.katalon.core.webui.common.WebUiCommonHelper.findWebElement(WebUiCommonHelper.java:1370)
	at com.kms.katalon.core.webui.keyword.internal.WebUIAbstractKeyword.findWebElement(WebUIAbstractKeyword.groovy:27)
	at com.kms.katalon.core.webui.keyword.internal.WebUIAbstractKeyword.findWebElement(WebUIAbstractKeyword.groovy:26)
	at com.kms.katalon.core.webui.keyword.builtin.SelectOptionByValueKeyword$_selectOptionByValue_closure1.doCall(SelectOptionByValueKeyword.groovy:86)
	at com.kms.katalon.core.webui.keyword.builtin.SelectOptionByValueKeyword$_selectOptionByValue_closure1.call(SelectOptionByValueKeyword.groovy)
	at com.kms.katalon.core.webui.keyword.internal.WebUIKeywordMain.runKeyword(WebUIKeywordMain.groovy:20)
	... 19 more


2023-02-08 22:27:46 - [TEST_STEP][PASSED] - callTestCase(findTestCase("Incredible Connection/Landing Page"), [:], STOP_ON_FAILURE): Call Test Case 'Test Cases/Incredible Connection/Landing Page' successfully

2023-02-08 22:27:46 - [TEST_CASE][PASSED] - Test Cases/Incredible Connection/Landing Page: Test Cases/Incredible Connection/Landing Page

2023-02-08 22:27:46 - [TEST_STEP][PASSED] - openBrowser(""): Browser is opened with url: ''

2023-02-08 22:27:46 - [MESSAGE][WARNING] - A browser is already opened. Closing browser and opening a new one

2023-02-08 22:27:47 - [MESSAGE][INFO] - Starting 'Chrome' driver

2023-02-08 22:27:47 - [MESSAGE][INFO] - Action delay is set to 0 milliseconds

2023-02-08 22:27:51 - [MESSAGE][PASSED] - Browser is opened with url: ''

2023-02-08 22:27:51 - [TEST_STEP][PASSED] - navigateToUrl("https://www.incredible.co.za/"): Navigate to 'https://www.incredible.co.za/' successfully

2023-02-08 22:28:03 - [MESSAGE][PASSED] - Navigate to 'https://www.incredible.co.za/' successfully

2023-02-08 22:28:03 - [TEST_STEP][PASSED] - takeScreenshotAsCheckpoint("landing_page"): Taking screenshot successfully

2023-02-08 22:28:04 - [MESSAGE][INFO] - 0 hidden object(s)

2023-02-08 22:28:05 - [MESSAGE][PASSED] - Taking screenshot successfully
[[ATTACHMENT|keyes\keyes-landing_page.png]]

2023-02-08 22:28:05 - [MESSAGE][PASSED] - Call Test Case 'Test Cases/Incredible Connection/Landing Page' successfully

2023-02-08 22:28:05 - [TEST_STEP][PASSED] - maximizeWindow(): Current window maximized

2023-02-08 22:28:06 - [MESSAGE][PASSED] - Current window maximized

2023-02-08 22:28:06 - [TEST_STEP][FAILED] - selectOptionByValue(findTestObject("Object Repository/OR_Incredible Connection/Warranties Registration/select_Eastern CapeFree StateGautengKwaZulu_fc21b0"), "Western Cape", true): Unable to select option by value 'Western Cape' of object 'Object Repository/OR_Incredible Connection/Warranties Registration/select_Eastern CapeFree StateGautengKwaZulu_fc21b0'  using regular expression (Root cause: com.kms.katalon.core.exception.StepFailedException: Unable to select option by value 'Western Cape' of object 'Object Repository/OR_Incredible Connection/Warranties Registration/select_Eastern CapeFree StateGautengKwaZulu_fc21b0'  using regular expression
	at com.kms.katalon.core.webui.keyword.internal.WebUIKeywordMain.stepFailed(WebUIKeywordMain.groovy:64)
	at com.kms.katalon.core.webui.keyword.internal.WebUIKeywordMain.runKeyword(WebUIKeywordMain.groovy:26)
	at com.kms.katalon.core.webui.keyword.builtin.SelectOptionByValueKeyword.selectOptionByValue(SelectOptionByValueKeyword.groovy:99)
	at com.kms.katalon.core.webui.keyword.builtin.SelectOptionByValueKeyword.execute(SelectOptionByValueKeyword.groovy:71)
	at com.kms.katalon.core.keyword.internal.KeywordExecutor.executeKeywordForPlatform(KeywordExecutor.groovy:74)
	at com.kms.katalon.core.webui.keyword.WebUiBuiltInKeywords.selectOptionByValue(WebUiBuiltInKeywords.groovy:1168)
	at com.kms.katalon.core.webui.keyword.WebUiBuiltInKeywords$selectOptionByValue$7.call(Unknown Source)
	at Warranty Registration.run(Warranty Registration:24)
	at com.kms.katalon.core.main.ScriptEngine.run(ScriptEngine.java:194)
	at com.kms.katalon.core.main.ScriptEngine.runScriptAsRawText(ScriptEngine.java:119)
	at com.kms.katalon.core.main.TestCaseExecutor.runScript(TestCaseExecutor.java:448)
	at com.kms.katalon.core.main.TestCaseExecutor.doExecute(TestCaseExecutor.java:439)
	at com.kms.katalon.core.main.TestCaseExecutor.processExecutionPhase(TestCaseExecutor.java:418)
	at com.kms.katalon.core.main.TestCaseExecutor.accessMainPhase(TestCaseExecutor.java:410)
	at com.kms.katalon.core.main.TestCaseExecutor.execute(TestCaseExecutor.java:285)
	at com.kms.katalon.core.common.CommonExecutor.accessTestCaseMainPhase(CommonExecutor.java:65)
	at com.kms.katalon.core.main.TestSuiteExecutor.accessTestSuiteMainPhase(TestSuiteExecutor.java:151)
	at com.kms.katalon.core.main.TestSuiteExecutor.execute(TestSuiteExecutor.java:106)
	at com.kms.katalon.core.main.TestCaseMain.startTestSuite(TestCaseMain.java:185)
	at com.kms.katalon.core.main.TestCaseMain$startTestSuite$0.call(Unknown Source)
	at TempTestSuite1675890762434.run(TempTestSuite1675890762434.groovy:36)
Caused by: com.kms.katalon.core.webui.exception.WebElementNotFoundException: Web element with id: 'Object Repository/OR_Incredible Connection/Warranties Registration/select_Eastern CapeFree StateGautengKwaZulu_fc21b0' located by '//select[@id='fieldOmUXQF6']' not found
	at com.kms.katalon.core.webui.common.WebUiCommonHelper.findWebElement(WebUiCommonHelper.java:1370)
	at com.kms.katalon.core.webui.keyword.internal.WebUIAbstractKeyword.findWebElement(WebUIAbstractKeyword.groovy:27)
	at com.kms.katalon.core.webui.keyword.internal.WebUIAbstractKeyword.findWebElement(WebUIAbstractKeyword.groovy:26)
	at com.kms.katalon.core.webui.keyword.builtin.SelectOptionByValueKeyword$_selectOptionByValue_closure1.doCall(SelectOptionByValueKeyword.groovy:86)
	at com.kms.katalon.core.webui.keyword.builtin.SelectOptionByValueKeyword$_selectOptionByValue_closure1.call(SelectOptionByValueKeyword.groovy)
	at com.kms.katalon.core.webui.keyword.internal.WebUIKeywordMain.runKeyword(WebUIKeywordMain.groovy:20)
	at com.kms.katalon.core.webui.keyword.builtin.SelectOptionByValueKeyword.selectOptionByValue(SelectOptionByValueKeyword.groovy:99)
	at com.kms.katalon.core.webui.keyword.builtin.SelectOptionByValueKeyword.execute(SelectOptionByValueKeyword.groovy:71)
	at com.kms.katalon.core.keyword.internal.KeywordExecutor.executeKeywordForPlatform(KeywordExecutor.groovy:74)
	at com.kms.katalon.core.webui.keyword.WebUiBuiltInKeywords.selectOptionByValue(WebUiBuiltInKeywords.groovy:1168)
	at com.kms.katalon.core.webui.keyword.WebUiBuiltInKeywords$selectOptionByValue$7.call(Unknown Source)
	at Script1675804697607.run(Script1675804697607.groovy:24)
	... 13 more
)

2023-02-08 22:28:37 - [MESSAGE][INFO] - Unable to find the element located by 'By.xpath: //select[@id='fieldOmUXQF6']'. Please recheck the objects properties to make sure the desired element is located. 

2023-02-08 22:28:37 - [MESSAGE][WARNING] - [SELF-HEALING] Failed to find element with id 'Object Repository/OR_Incredible Connection/Warranties Registration/select_Eastern CapeFree StateGautengKwaZulu_fc21b0'. Try using Self-healing.

2023-02-08 22:28:37 - [MESSAGE][INFO] - [SELF-HEALING] Failed Locator: '//select[@id='fieldOmUXQF6']'.

2023-02-08 22:28:38 - [MESSAGE][INFO] - [SELF-HEALING] Failed Locator: '//div[@id='field_OmUXQF6']/div/select'.

2023-02-08 22:28:38 - [MESSAGE][INFO] - [SELF-HEALING] Failed Locator: '(.//*[normalize-space(text()) and normalize-space(.)='Province'])[1]/following::select[1]'.

2023-02-08 22:28:38 - [MESSAGE][INFO] - [SELF-HEALING] Failed Locator: '(.//*[normalize-space(text()) and normalize-space(.)='E-mail Address'])[1]/following::select[1]'.

2023-02-08 22:28:39 - [MESSAGE][INFO] - [SELF-HEALING] Failed Locator: '(.//*[normalize-space(text()) and normalize-space(.)='ID / Passport Number'])[1]/preceding::select[1]'.

2023-02-08 22:28:39 - [MESSAGE][INFO] - [SELF-HEALING] Failed Locator: '(.//*[normalize-space(text()) and normalize-space(.)='City'])[1]/preceding::select[1]'.

2023-02-08 22:28:39 - [MESSAGE][INFO] - [SELF-HEALING] Failed Locator: '//select'.

2023-02-08 22:28:39 - [MESSAGE][INFO] - [SELF-HEALING] Failed Locator: '//select[@name = 'field[6]' and @id = 'fieldOmUXQF6' and (text() = '

Eastern Cape
Free State
Gauteng
KwaZulu-Natal
Limpopo
Mpumalanga
Northern Cape
North-West
Western Cape
Namibia
Botswana

' or . = '

Eastern Cape
Free State
Gauteng
KwaZulu-Natal
Limpopo
Mpumalanga
Northern Cape
North-West
Western Cape
Namibia
Botswana

')]'.

2023-02-08 22:28:40 - [MESSAGE][INFO] - Unable to find the element located by 'By.xpath: //*[@name = 'field[6]' and @id = 'fieldOmUXQF6' and (text() = '

Eastern Cape
Free State
Gauteng
KwaZulu-Natal
Limpopo
Mpumalanga
Northern Cape
North-West
Western Cape
Namibia
Botswana

' or . = '

Eastern Cape
Free State
Gauteng
KwaZulu-Natal
Limpopo
Mpumalanga
Northern Cape
North-West
Western Cape
Namibia
Botswana

')]'. Please recheck the objects properties to make sure the desired element is located. 

2023-02-08 22:28:42 - [MESSAGE][INFO] - Unable to find the element located by 'By.cssSelector: #fieldOmUXQF6'. Please recheck the objects properties to make sure the desired element is located. 

2023-02-08 22:28:42 - [MESSAGE][FAILED] - Unable to select option by value 'Western Cape' of object 'Object Repository/OR_Incredible Connection/Warranties Registration/select_Eastern CapeFree StateGautengKwaZulu_fc21b0'  using regular expression (Root cause: com.kms.katalon.core.exception.StepFailedException: Unable to select option by value 'Western Cape' of object 'Object Repository/OR_Incredible Connection/Warranties Registration/select_Eastern CapeFree StateGautengKwaZulu_fc21b0'  using regular expression
	at com.kms.katalon.core.webui.keyword.internal.WebUIKeywordMain.stepFailed(WebUIKeywordMain.groovy:64)
	at com.kms.katalon.core.webui.keyword.internal.WebUIKeywordMain.runKeyword(WebUIKeywordMain.groovy:26)
	at com.kms.katalon.core.webui.keyword.builtin.SelectOptionByValueKeyword.selectOptionByValue(SelectOptionByValueKeyword.groovy:99)
	at com.kms.katalon.core.webui.keyword.builtin.SelectOptionByValueKeyword.execute(SelectOptionByValueKeyword.groovy:71)
	at com.kms.katalon.core.keyword.internal.KeywordExecutor.executeKeywordForPlatform(KeywordExecutor.groovy:74)
	at com.kms.katalon.core.webui.keyword.WebUiBuiltInKeywords.selectOptionByValue(WebUiBuiltInKeywords.groovy:1168)
	at com.kms.katalon.core.webui.keyword.WebUiBuiltInKeywords$selectOptionByValue$7.call(Unknown Source)
	at Warranty Registration.run(Warranty Registration:24)
	at com.kms.katalon.core.main.ScriptEngine.run(ScriptEngine.java:194)
	at com.kms.katalon.core.main.ScriptEngine.runScriptAsRawText(ScriptEngine.java:119)
	at com.kms.katalon.core.main.TestCaseExecutor.runScript(TestCaseExecutor.java:448)
	at com.kms.katalon.core.main.TestCaseExecutor.doExecute(TestCaseExecutor.java:439)
	at com.kms.katalon.core.main.TestCaseExecutor.processExecutionPhase(TestCaseExecutor.java:418)
	at com.kms.katalon.core.main.TestCaseExecutor.accessMainPhase(TestCaseExecutor.java:410)
	at com.kms.katalon.core.main.TestCaseExecutor.execute(TestCaseExecutor.java:285)
	at com.kms.katalon.core.common.CommonExecutor.accessTestCaseMainPhase(CommonExecutor.java:65)
	at com.kms.katalon.core.main.TestSuiteExecutor.accessTestSuiteMainPhase(TestSuiteExecutor.java:151)
	at com.kms.katalon.core.main.TestSuiteExecutor.execute(TestSuiteExecutor.java:106)
	at com.kms.katalon.core.main.TestCaseMain.startTestSuite(TestCaseMain.java:185)
	at com.kms.katalon.core.main.TestCaseMain$startTestSuite$0.call(Unknown Source)
	at TempTestSuite1675890762434.run(TempTestSuite1675890762434.groovy:36)
Caused by: com.kms.katalon.core.webui.exception.WebElementNotFoundException: Web element with id: 'Object Repository/OR_Incredible Connection/Warranties Registration/select_Eastern CapeFree StateGautengKwaZulu_fc21b0' located by '//select[@id='fieldOmUXQF6']' not found
	at com.kms.katalon.core.webui.common.WebUiCommonHelper.findWebElement(WebUiCommonHelper.java:1370)
	at com.kms.katalon.core.webui.keyword.internal.WebUIAbstractKeyword.findWebElement(WebUIAbstractKeyword.groovy:27)
	at com.kms.katalon.core.webui.keyword.internal.WebUIAbstractKeyword.findWebElement(WebUIAbstractKeyword.groovy:26)
	at com.kms.katalon.core.webui.keyword.builtin.SelectOptionByValueKeyword$_selectOptionByValue_closure1.doCall(SelectOptionByValueKeyword.groovy:86)
	at com.kms.katalon.core.webui.keyword.builtin.SelectOptionByValueKeyword$_selectOptionByValue_closure1.call(SelectOptionByValueKeyword.groovy)
	at com.kms.katalon.core.webui.keyword.internal.WebUIKeywordMain.runKeyword(WebUIKeywordMain.groovy:20)
	at com.kms.katalon.core.webui.keyword.builtin.SelectOptionByValueKeyword.selectOptionByValue(SelectOptionByValueKeyword.groovy:99)
	at com.kms.katalon.core.webui.keyword.builtin.SelectOptionByValueKeyword.execute(SelectOptionByValueKeyword.groovy:71)
	at com.kms.katalon.core.keyword.internal.KeywordExecutor.executeKeywordForPlatform(KeywordExecutor.groovy:74)
	at com.kms.katalon.core.webui.keyword.WebUiBuiltInKeywords.selectOptionByValue(WebUiBuiltInKeywords.groovy:1168)
	at com.kms.katalon.core.webui.keyword.WebUiBuiltInKeywords$selectOptionByValue$7.call(Unknown Source)
	at Script1675804697607.run(Script1675804697607.groovy:24)
	... 13 more
)
[[ATTACHMENT|C:\\Users\\Admin\\Katalon Studio\\katalon-practice (1)\\Reports\\20230208_221226\\Incredible Connection\\20230208_221242\\1675891722077.png]]]]></system-out>
         <system-err><![CDATA[2023-02-08 22:27:46 - [TEST_CASE][FAILED] - Test Cases/Incredible Connection/Warranty Registration: Test Cases/Incredible Connection/Warranty Registration FAILED.
Reason:
com.kms.katalon.core.exception.StepFailedException: Unable to select option by value 'Western Cape' of object 'Object Repository/OR_Incredible Connection/Warranties Registration/select_Eastern CapeFree StateGautengKwaZulu_fc21b0'  using regular expression
	at com.kms.katalon.core.webui.keyword.internal.WebUIKeywordMain.stepFailed(WebUIKeywordMain.groovy:64)
	at com.kms.katalon.core.webui.keyword.internal.WebUIKeywordMain.runKeyword(WebUIKeywordMain.groovy:26)
	at com.kms.katalon.core.webui.keyword.builtin.SelectOptionByValueKeyword.selectOptionByValue(SelectOptionByValueKeyword.groovy:99)
	at com.kms.katalon.core.webui.keyword.builtin.SelectOptionByValueKeyword.execute(SelectOptionByValueKeyword.groovy:71)
	at com.kms.katalon.core.keyword.internal.KeywordExecutor.executeKeywordForPlatform(KeywordExecutor.groovy:74)
	at com.kms.katalon.core.webui.keyword.WebUiBuiltInKeywords.selectOptionByValue(WebUiBuiltInKeywords.groovy:1168)
	at com.kms.katalon.core.webui.keyword.WebUiBuiltInKeywords$selectOptionByValue$7.call(Unknown Source)
	at Warranty Registration.run(Warranty Registration:24)
	at com.kms.katalon.core.main.ScriptEngine.run(ScriptEngine.java:194)
	at com.kms.katalon.core.main.ScriptEngine.runScriptAsRawText(ScriptEngine.java:119)
	at com.kms.katalon.core.main.TestCaseExecutor.runScript(TestCaseExecutor.java:448)
	at com.kms.katalon.core.main.TestCaseExecutor.doExecute(TestCaseExecutor.java:439)
	at com.kms.katalon.core.main.TestCaseExecutor.processExecutionPhase(TestCaseExecutor.java:418)
	at com.kms.katalon.core.main.TestCaseExecutor.accessMainPhase(TestCaseExecutor.java:410)
	at com.kms.katalon.core.main.TestCaseExecutor.execute(TestCaseExecutor.java:285)
	at com.kms.katalon.core.common.CommonExecutor.accessTestCaseMainPhase(CommonExecutor.java:65)
	at com.kms.katalon.core.main.TestSuiteExecutor.accessTestSuiteMainPhase(TestSuiteExecutor.java:151)
	at com.kms.katalon.core.main.TestSuiteExecutor.execute(TestSuiteExecutor.java:106)
	at com.kms.katalon.core.main.TestCaseMain.startTestSuite(TestCaseMain.java:185)
	at com.kms.katalon.core.main.TestCaseMain$startTestSuite$0.call(Unknown Source)
	at TempTestSuite1675890762434.run(TempTestSuite1675890762434.groovy:36)
Caused by: com.kms.katalon.core.webui.exception.WebElementNotFoundException: Web element with id: 'Object Repository/OR_Incredible Connection/Warranties Registration/select_Eastern CapeFree StateGautengKwaZulu_fc21b0' located by '//select[@id='fieldOmUXQF6']' not found
	at com.kms.katalon.core.webui.common.WebUiCommonHelper.findWebElement(WebUiCommonHelper.java:1370)
	at com.kms.katalon.core.webui.keyword.internal.WebUIAbstractKeyword.findWebElement(WebUIAbstractKeyword.groovy:27)
	at com.kms.katalon.core.webui.keyword.internal.WebUIAbstractKeyword.findWebElement(WebUIAbstractKeyword.groovy:26)
	at com.kms.katalon.core.webui.keyword.builtin.SelectOptionByValueKeyword$_selectOptionByValue_closure1.doCall(SelectOptionByValueKeyword.groovy:86)
	at com.kms.katalon.core.webui.keyword.builtin.SelectOptionByValueKeyword$_selectOptionByValue_closure1.call(SelectOptionByValueKeyword.groovy)
	at com.kms.katalon.core.webui.keyword.internal.WebUIKeywordMain.runKeyword(WebUIKeywordMain.groovy:20)
	... 19 more]]></system-err>
      </testcase>
      <system-out><![CDATA[2023-02-08 22:12:54 - [TEST_SUITE][FAILED] - Incredible Connection: Test Cases/Incredible Connection/Gaming FAILED.
Reason:
com.kms.katalon.core.exception.StepFailedException: Unable to click on object 'Object Repository/OR_Incredible Connection/Games/a_PlayStation'
	at com.kms.katalon.core.webui.keyword.internal.WebUIKeywordMain.stepFailed(WebUIKeywordMain.groovy:64)
	at com.kms.katalon.core.webui.keyword.internal.WebUIKeywordMain.runKeyword(WebUIKeywordMain.groovy:26)
	at com.kms.katalon.core.webui.keyword.builtin.ClickKeyword.click(ClickKeyword.groovy:74)
	at com.kms.katalon.core.webui.keyword.builtin.ClickKeyword.execute(ClickKeyword.groovy:40)
	at com.kms.katalon.core.keyword.internal.KeywordExecutor.executeKeywordForPlatform(KeywordExecutor.groovy:74)
	at com.kms.katalon.core.webui.keyword.WebUiBuiltInKeywords.click(WebUiBuiltInKeywords.groovy:620)
	at com.kms.katalon.core.webui.keyword.WebUiBuiltInKeywords$click$3.call(Unknown Source)
	at Gaming.run(Gaming:24)
	at com.kms.katalon.core.main.ScriptEngine.run(ScriptEngine.java:194)
	at com.kms.katalon.core.main.ScriptEngine.runScriptAsRawText(ScriptEngine.java:119)
	at com.kms.katalon.core.main.TestCaseExecutor.runScript(TestCaseExecutor.java:448)
	at com.kms.katalon.core.main.TestCaseExecutor.doExecute(TestCaseExecutor.java:439)
	at com.kms.katalon.core.main.TestCaseExecutor.processExecutionPhase(TestCaseExecutor.java:418)
	at com.kms.katalon.core.main.TestCaseExecutor.accessMainPhase(TestCaseExecutor.java:410)
	at com.kms.katalon.core.main.TestCaseExecutor.execute(TestCaseExecutor.java:285)
	at com.kms.katalon.core.common.CommonExecutor.accessTestCaseMainPhase(CommonExecutor.java:65)
	at com.kms.katalon.core.main.TestSuiteExecutor.accessTestSuiteMainPhase(TestSuiteExecutor.java:151)
	at com.kms.katalon.core.main.TestSuiteExecutor.execute(TestSuiteExecutor.java:106)
	at com.kms.katalon.core.main.TestCaseMain.startTestSuite(TestCaseMain.java:185)
	at com.kms.katalon.core.main.TestCaseMain$startTestSuite$0.call(Unknown Source)
	at TempTestSuite1675890762434.run(TempTestSuite1675890762434.groovy:36)
Caused by: org.openqa.selenium.ElementClickInterceptedException: element click intercepted: Element <a class="v-navigation__link v-navigation__link--level3 v-navigation__link--url-playstation v-navigation__link--nav-1-4-2-1" href="https://www.incredible.co.za/products/gaming/games/playstation">...</a> is not clickable at point (951, 76). Other element would receive the click: <ul>...</ul>
  (Session info: chrome=110.0.5481.77)
Build info: version: '3.141.59', revision: 'e82be7d358', time: '2018-11-14T08:25:53'
System info: host: 'DEOLINDO', ip: '192.168.1.171', os.name: 'Windows 10', os.arch: 'amd64', os.version: '10.0', java.version: '1.8.0_282'
Driver info: com.kms.katalon.selenium.driver.CChromeDriver
Capabilities {acceptInsecureCerts: false, browserName: chrome, browserVersion: 110.0.5481.77, chrome: {chromedriverVersion: 110.0.5481.77 (65ed616c6e8e..., userDataDir: C:\Users\Admin\AppData\Loca...}, goog:chromeOptions: {debuggerAddress: localhost:58812}, javascriptEnabled: true, networkConnectionEnabled: false, pageLoadStrategy: normal, platform: WINDOWS, platformName: WINDOWS, proxy: Proxy(), setWindowRect: true, strictFileInteractability: false, timeouts: {implicit: 0, pageLoad: 300000, script: 30000}, unhandledPromptBehavior: dismiss and notify, webauthn:extension:credBlob: true, webauthn:extension:largeBlob: true, webauthn:virtualAuthenticators: true}
Session ID: a97d66ae88701527fbae1c49c926b761
	at org.openqa.selenium.remote.http.W3CHttpResponseCodec.createException(W3CHttpResponseCodec.java:187)
	at org.openqa.selenium.remote.http.W3CHttpResponseCodec.decode(W3CHttpResponseCodec.java:122)
	at org.openqa.selenium.remote.http.W3CHttpResponseCodec.decode(W3CHttpResponseCodec.java:49)
	at org.openqa.selenium.remote.HttpCommandExecutor.execute(HttpCommandExecutor.java:158)
	at org.openqa.selenium.remote.service.DriverCommandExecutor.execute(DriverCommandExecutor.java:83)
	at org.openqa.selenium.remote.RemoteWebDriver.execute(RemoteWebDriver.java:552)
	at com.kms.katalon.selenium.driver.CChromeDriver.execute(CChromeDriver.java:19)
	at org.openqa.selenium.remote.RemoteWebElement.execute(RemoteWebElement.java:285)
	at org.openqa.selenium.remote.RemoteWebElement.click(RemoteWebElement.java:84)
	at org.openqa.selenium.support.events.EventFiringWebDriver$EventFiringWebElement.lambda$new$0(EventFiringWebDriver.java:404)
	at com.sun.proxy.$Proxy11.click(Unknown Source)
	at org.openqa.selenium.support.events.EventFiringWebDriver$EventFiringWebElement.click(EventFiringWebDriver.java:417)
	at org.openqa.selenium.WebElement$click.call(Unknown Source)
	at com.kms.katalon.core.webui.keyword.builtin.ClickKeyword.clickUntilSuccessWithTimeout(ClickKeyword.groovy:81)
	at com.kms.katalon.core.webui.keyword.builtin.ClickKeyword.clickUntilSuccessWithTimeout(ClickKeyword.groovy)
	at com.kms.katalon.core.webui.keyword.builtin.ClickKeyword$_click_closure1.doCall(ClickKeyword.groovy:67)
	at com.kms.katalon.core.webui.keyword.builtin.ClickKeyword$_click_closure1.call(ClickKeyword.groovy)
	at com.kms.katalon.core.webui.keyword.internal.WebUIKeywordMain.runKeyword(WebUIKeywordMain.groovy:20)
	... 19 more]]></system-out>
      <system-err><![CDATA[2023-02-08 22:12:54 - [TEST_SUITE][FAILED] - Incredible Connection: Test Cases/Incredible Connection/Gaming FAILED.
Reason:
com.kms.katalon.core.exception.StepFailedException: Unable to click on object 'Object Repository/OR_Incredible Connection/Games/a_PlayStation'
	at com.kms.katalon.core.webui.keyword.internal.WebUIKeywordMain.stepFailed(WebUIKeywordMain.groovy:64)
	at com.kms.katalon.core.webui.keyword.internal.WebUIKeywordMain.runKeyword(WebUIKeywordMain.groovy:26)
	at com.kms.katalon.core.webui.keyword.builtin.ClickKeyword.click(ClickKeyword.groovy:74)
	at com.kms.katalon.core.webui.keyword.builtin.ClickKeyword.execute(ClickKeyword.groovy:40)
	at com.kms.katalon.core.keyword.internal.KeywordExecutor.executeKeywordForPlatform(KeywordExecutor.groovy:74)
	at com.kms.katalon.core.webui.keyword.WebUiBuiltInKeywords.click(WebUiBuiltInKeywords.groovy:620)
	at com.kms.katalon.core.webui.keyword.WebUiBuiltInKeywords$click$3.call(Unknown Source)
	at Gaming.run(Gaming:24)
	at com.kms.katalon.core.main.ScriptEngine.run(ScriptEngine.java:194)
	at com.kms.katalon.core.main.ScriptEngine.runScriptAsRawText(ScriptEngine.java:119)
	at com.kms.katalon.core.main.TestCaseExecutor.runScript(TestCaseExecutor.java:448)
	at com.kms.katalon.core.main.TestCaseExecutor.doExecute(TestCaseExecutor.java:439)
	at com.kms.katalon.core.main.TestCaseExecutor.processExecutionPhase(TestCaseExecutor.java:418)
	at com.kms.katalon.core.main.TestCaseExecutor.accessMainPhase(TestCaseExecutor.java:410)
	at com.kms.katalon.core.main.TestCaseExecutor.execute(TestCaseExecutor.java:285)
	at com.kms.katalon.core.common.CommonExecutor.accessTestCaseMainPhase(CommonExecutor.java:65)
	at com.kms.katalon.core.main.TestSuiteExecutor.accessTestSuiteMainPhase(TestSuiteExecutor.java:151)
	at com.kms.katalon.core.main.TestSuiteExecutor.execute(TestSuiteExecutor.java:106)
	at com.kms.katalon.core.main.TestCaseMain.startTestSuite(TestCaseMain.java:185)
	at com.kms.katalon.core.main.TestCaseMain$startTestSuite$0.call(Unknown Source)
	at TempTestSuite1675890762434.run(TempTestSuite1675890762434.groovy:36)
Caused by: org.openqa.selenium.ElementClickInterceptedException: element click intercepted: Element <a class="v-navigation__link v-navigation__link--level3 v-navigation__link--url-playstation v-navigation__link--nav-1-4-2-1" href="https://www.incredible.co.za/products/gaming/games/playstation">...</a> is not clickable at point (951, 76). Other element would receive the click: <ul>...</ul>
  (Session info: chrome=110.0.5481.77)
Build info: version: '3.141.59', revision: 'e82be7d358', time: '2018-11-14T08:25:53'
System info: host: 'DEOLINDO', ip: '192.168.1.171', os.name: 'Windows 10', os.arch: 'amd64', os.version: '10.0', java.version: '1.8.0_282'
Driver info: com.kms.katalon.selenium.driver.CChromeDriver
Capabilities {acceptInsecureCerts: false, browserName: chrome, browserVersion: 110.0.5481.77, chrome: {chromedriverVersion: 110.0.5481.77 (65ed616c6e8e..., userDataDir: C:\Users\Admin\AppData\Loca...}, goog:chromeOptions: {debuggerAddress: localhost:58812}, javascriptEnabled: true, networkConnectionEnabled: false, pageLoadStrategy: normal, platform: WINDOWS, platformName: WINDOWS, proxy: Proxy(), setWindowRect: true, strictFileInteractability: false, timeouts: {implicit: 0, pageLoad: 300000, script: 30000}, unhandledPromptBehavior: dismiss and notify, webauthn:extension:credBlob: true, webauthn:extension:largeBlob: true, webauthn:virtualAuthenticators: true}
Session ID: a97d66ae88701527fbae1c49c926b761
	at org.openqa.selenium.remote.http.W3CHttpResponseCodec.createException(W3CHttpResponseCodec.java:187)
	at org.openqa.selenium.remote.http.W3CHttpResponseCodec.decode(W3CHttpResponseCodec.java:122)
	at org.openqa.selenium.remote.http.W3CHttpResponseCodec.decode(W3CHttpResponseCodec.java:49)
	at org.openqa.selenium.remote.HttpCommandExecutor.execute(HttpCommandExecutor.java:158)
	at org.openqa.selenium.remote.service.DriverCommandExecutor.execute(DriverCommandExecutor.java:83)
	at org.openqa.selenium.remote.RemoteWebDriver.execute(RemoteWebDriver.java:552)
	at com.kms.katalon.selenium.driver.CChromeDriver.execute(CChromeDriver.java:19)
	at org.openqa.selenium.remote.RemoteWebElement.execute(RemoteWebElement.java:285)
	at org.openqa.selenium.remote.RemoteWebElement.click(RemoteWebElement.java:84)
	at org.openqa.selenium.support.events.EventFiringWebDriver$EventFiringWebElement.lambda$new$0(EventFiringWebDriver.java:404)
	at com.sun.proxy.$Proxy11.click(Unknown Source)
	at org.openqa.selenium.support.events.EventFiringWebDriver$EventFiringWebElement.click(EventFiringWebDriver.java:417)
	at org.openqa.selenium.WebElement$click.call(Unknown Source)
	at com.kms.katalon.core.webui.keyword.builtin.ClickKeyword.clickUntilSuccessWithTimeout(ClickKeyword.groovy:81)
	at com.kms.katalon.core.webui.keyword.builtin.ClickKeyword.clickUntilSuccessWithTimeout(ClickKeyword.groovy)
	at com.kms.katalon.core.webui.keyword.builtin.ClickKeyword$_click_closure1.doCall(ClickKeyword.groovy:67)
	at com.kms.katalon.core.webui.keyword.builtin.ClickKeyword$_click_closure1.call(ClickKeyword.groovy)
	at com.kms.katalon.core.webui.keyword.internal.WebUIKeywordMain.runKeyword(WebUIKeywordMain.groovy:20)
	... 19 more]]></system-err>
   </testsuite>
</testsuites>
