<?xml version="1.0" encoding="UTF-8"?>
<testsuites name="Telerik" time="607.896" tests="25" failures="3" errors="0">
   <testsuite name="Telerik" tests="25" failures="3" errors="0" time="607.896" skipped="0" timestamp="2023-02-08 23:08:15" hostname="Admin - DEOLINDO.home" id="Test Suites/Telerik">
      <properties>
         <property name="deviceName" value=""/>
         <property name="devicePlatform" value=""/>
         <property name="logFolder" value="C:\\Users\\Admin\\Katalon Studio\\katalon-practice (1)\\Reports\\20230208_230653\\Telerik\\20230208_230737"/>
         <property name="logFiles" value="C:\\Users\\Admin\\Katalon Studio\\katalon-practice (1)\\Reports\\20230208_230653\\Telerik\\20230208_230737\\execution0.log"/>
         <property name="attachments" value="C:\\Users\\Admin\\Katalon Studio\\katalon-practice (1)\\Reports\\20230208_230653\\Telerik\\20230208_230737\\1675894398150.png, C:\\Users\\Admin\\Katalon Studio\\katalon-practice (1)\\Reports\\20230208_230653\\Telerik\\20230208_230737\\1675894618298.png, C:\\Users\\Admin\\Katalon Studio\\katalon-practice (1)\\Reports\\20230208_230653\\Telerik\\20230208_230737\\1675894654928.png"/>
         <property name="hostName" value="Admin - DEOLINDO.home"/>
         <property name="os" value="Windows 10 64bit"/>
         <property name="katalonVersion" value="8.5.5.208"/>
         <property name="browser" value="Chrome 110.0.0.0"/>
         <property name="hostAddress" value="192.168.1.171"/>
         <property name="sessionId" value="2a2b95469692c5909772214850ab9d7e"/>
         <property name="seleniumVersion" value="3.141.59"/>
         <property name="proxyInformation" value="ProxyInformation { proxyOption=NO_PROXY, proxyServerType=HTTP, username=, password=********, proxyServerAddress=, proxyServerPort=0, executionList=&quot;&quot;, isApplyToDesiredCapabilities=true }"/>
         <property name="platform" value="Windows 10"/>
      </properties>
      <testcase name="Test Cases/Telerik/Blogs" time="143.695" classname="Test Cases/Telerik/Blogs" status="PASSED">
         <system-out><![CDATA[2023-02-08 23:08:15 - [TEST_CASE][PASSED] - Test Cases/Telerik/Blogs: Test Cases/Telerik/Blogs

2023-02-08 23:08:19 - [TEST_STEP][PASSED] - callTestCase(findTestCase("Telerik/Open URL"), [:], STOP_ON_FAILURE): Call Test Case 'Test Cases/Telerik/Open URL' successfully

2023-02-08 23:08:19 - [TEST_CASE][PASSED] - Test Cases/Telerik/Open URL: Test Cases/Telerik/Open URL

2023-02-08 23:08:22 - [TEST_STEP][PASSED] - openBrowser(""): Browser is opened with url: ''

2023-02-08 23:08:23 - [MESSAGE][INFO] - Starting 'Chrome' driver

2023-02-08 23:08:23 - [MESSAGE][INFO] - Action delay is set to 0 milliseconds

2023-02-08 23:09:13 - [MESSAGE][PASSED] - Browser is opened with url: ''

2023-02-08 23:09:13 - [TEST_STEP][PASSED] - navigateToUrl("https://www.telerik.com/support/demos"): Navigate to 'https://www.telerik.com/support/demos' successfully

2023-02-08 23:09:34 - [MESSAGE][PASSED] - Navigate to 'https://www.telerik.com/support/demos' successfully

2023-02-08 23:09:35 - [MESSAGE][PASSED] - Call Test Case 'Test Cases/Telerik/Open URL' successfully

2023-02-08 23:09:35 - [TEST_STEP][PASSED] - maximizeWindow(): Current window maximized

2023-02-08 23:09:38 - [MESSAGE][PASSED] - Current window maximized

2023-02-08 23:09:38 - [TEST_STEP][PASSED] - click(findTestObject("Object Repository/Telerik/Blogs/a_Get A Free Trial")): Object: 'Object Repository/Telerik/Blogs/a_Get A Free Trial' is clicked on

2023-02-08 23:10:26 - [MESSAGE][PASSED] - Object: 'Object Repository/Telerik/Blogs/a_Get A Free Trial' is clicked on

2023-02-08 23:10:26 - [TEST_STEP][PASSED] - click(findTestObject("Object Repository/Telerik/Blogs/a_Try now")): Object: 'Object Repository/Telerik/Blogs/a_Try now' is clicked on

2023-02-08 23:10:39 - [MESSAGE][PASSED] - Object: 'Object Repository/Telerik/Blogs/a_Try now' is clicked on]]></system-out>
         <system-err><![CDATA[]]></system-err>
      </testcase>
      <testcase name="Test Cases/Telerik/catorze" time="18.369" classname="Test Cases/Telerik/catorze" status="PASSED">
         <system-out><![CDATA[2023-02-08 23:10:39 - [TEST_CASE][PASSED] - Test Cases/Telerik/catorze: Test Cases/Telerik/catorze

2023-02-08 23:10:40 - [TEST_STEP][PASSED] - openBrowser(""): Browser is opened with url: ''

2023-02-08 23:10:40 - [MESSAGE][WARNING] - A browser is already opened. Closing browser and opening a new one

2023-02-08 23:10:41 - [MESSAGE][INFO] - Starting 'Chrome' driver

2023-02-08 23:10:41 - [MESSAGE][INFO] - Action delay is set to 0 milliseconds

2023-02-08 23:10:49 - [MESSAGE][PASSED] - Browser is opened with url: ''

2023-02-08 23:10:49 - [TEST_STEP][PASSED] - navigateToUrl("https://www.telerik.com/support/demos"): Navigate to 'https://www.telerik.com/support/demos' successfully

2023-02-08 23:10:57 - [MESSAGE][PASSED] - Navigate to 'https://www.telerik.com/support/demos' successfully]]></system-out>
         <system-err><![CDATA[]]></system-err>
      </testcase>
      <testcase name="Test Cases/Telerik/cinco" time="14.12" classname="Test Cases/Telerik/cinco" status="PASSED">
         <system-out><![CDATA[2023-02-08 23:10:57 - [TEST_CASE][PASSED] - Test Cases/Telerik/cinco: Test Cases/Telerik/cinco

2023-02-08 23:10:58 - [TEST_STEP][PASSED] - openBrowser(""): Browser is opened with url: ''

2023-02-08 23:10:58 - [MESSAGE][WARNING] - A browser is already opened. Closing browser and opening a new one

2023-02-08 23:11:00 - [MESSAGE][INFO] - Starting 'Chrome' driver

2023-02-08 23:11:00 - [MESSAGE][INFO] - Action delay is set to 0 milliseconds

2023-02-08 23:11:04 - [MESSAGE][PASSED] - Browser is opened with url: ''

2023-02-08 23:11:04 - [TEST_STEP][PASSED] - navigateToUrl("https://www.telerik.com/support/demos"): Navigate to 'https://www.telerik.com/support/demos' successfully

2023-02-08 23:11:12 - [MESSAGE][PASSED] - Navigate to 'https://www.telerik.com/support/demos' successfully]]></system-out>
         <system-err><![CDATA[]]></system-err>
      </testcase>
      <testcase name="Test Cases/Telerik/Create Account" time="33.796" classname="Test Cases/Telerik/Create Account" status="PASSED">
         <system-out><![CDATA[2023-02-08 23:11:12 - [TEST_CASE][PASSED] - Test Cases/Telerik/Create Account: Test Cases/Telerik/Create Account

2023-02-08 23:11:12 - [TEST_STEP][PASSED] - callTestCase(findTestCase("Telerik/Open URL"), [:], STOP_ON_FAILURE): Call Test Case 'Test Cases/Telerik/Open URL' successfully

2023-02-08 23:11:12 - [TEST_CASE][PASSED] - Test Cases/Telerik/Open URL: Test Cases/Telerik/Open URL

2023-02-08 23:11:12 - [TEST_STEP][PASSED] - openBrowser(""): Browser is opened with url: ''

2023-02-08 23:11:12 - [MESSAGE][WARNING] - A browser is already opened. Closing browser and opening a new one

2023-02-08 23:11:18 - [MESSAGE][INFO] - Starting 'Chrome' driver

2023-02-08 23:11:18 - [MESSAGE][INFO] - Action delay is set to 0 milliseconds

2023-02-08 23:11:21 - [MESSAGE][PASSED] - Browser is opened with url: ''

2023-02-08 23:11:21 - [TEST_STEP][PASSED] - navigateToUrl("https://www.telerik.com/support/demos"): Navigate to 'https://www.telerik.com/support/demos' successfully

2023-02-08 23:11:27 - [MESSAGE][PASSED] - Navigate to 'https://www.telerik.com/support/demos' successfully

2023-02-08 23:11:27 - [MESSAGE][PASSED] - Call Test Case 'Test Cases/Telerik/Open URL' successfully

2023-02-08 23:11:27 - [TEST_STEP][PASSED] - maximizeWindow(): Current window maximized

2023-02-08 23:11:28 - [MESSAGE][PASSED] - Current window maximized

2023-02-08 23:11:28 - [TEST_STEP][PASSED] - click(findTestObject("Object Repository/Telerik/Docs and Support/a_Login")): Object: 'Object Repository/Telerik/Docs and Support/a_Login' is clicked on

2023-02-08 23:11:37 - [MESSAGE][PASSED] - Object: 'Object Repository/Telerik/Docs and Support/a_Login' is clicked on

2023-02-08 23:11:37 - [TEST_STEP][PASSED] - setText(findTestObject("Object Repository/Telerik/Create Account/input_Work or Telerik Account Email_email"), "test@test.com"): Text 'test@test.com' is set on object 'Object Repository/Telerik/Create Account/input_Work or Telerik Account Email_email'

2023-02-08 23:11:42 - [MESSAGE][PASSED] - Text 'test@test.com' is set on object 'Object Repository/Telerik/Create Account/input_Work or Telerik Account Email_email'

2023-02-08 23:11:42 - [TEST_STEP][PASSED] - click(findTestObject("Object Repository/Telerik/Create Account/button_Next")): Object: 'Object Repository/Telerik/Create Account/button_Next' is clicked on

2023-02-08 23:11:42 - [MESSAGE][PASSED] - Object: 'Object Repository/Telerik/Create Account/button_Next' is clicked on

2023-02-08 23:11:42 - [TEST_STEP][PASSED] - setEncryptedText(findTestObject("Object Repository/Telerik/Create Account/input_Password_password"), "iFGeFYmXIrUhQZHvW7P22w=="): Text ****** has been set on object 'Object Repository/Telerik/Create Account/input_Password_password'

2023-02-08 23:11:45 - [MESSAGE][PASSED] - Text ****** has been set on object 'Object Repository/Telerik/Create Account/input_Password_password'

2023-02-08 23:11:45 - [TEST_STEP][PASSED] - click(findTestObject("Object Repository/Telerik/Create Account/button_Log in Now")): Object: 'Object Repository/Telerik/Create Account/button_Log in Now' is clicked on

2023-02-08 23:11:45 - [MESSAGE][PASSED] - Object: 'Object Repository/Telerik/Create Account/button_Log in Now' is clicked on]]></system-out>
         <system-err><![CDATA[]]></system-err>
      </testcase>
      <testcase name="Test Cases/Telerik/desanove" time="11.723" classname="Test Cases/Telerik/desanove" status="PASSED">
         <system-out><![CDATA[2023-02-08 23:11:45 - [TEST_CASE][PASSED] - Test Cases/Telerik/desanove: Test Cases/Telerik/desanove

2023-02-08 23:11:46 - [TEST_STEP][PASSED] - openBrowser(""): Browser is opened with url: ''

2023-02-08 23:11:46 - [MESSAGE][WARNING] - A browser is already opened. Closing browser and opening a new one

2023-02-08 23:11:48 - [MESSAGE][INFO] - Starting 'Chrome' driver

2023-02-08 23:11:48 - [MESSAGE][INFO] - Action delay is set to 0 milliseconds

2023-02-08 23:11:51 - [MESSAGE][PASSED] - Browser is opened with url: ''

2023-02-08 23:11:51 - [TEST_STEP][PASSED] - navigateToUrl("https://www.telerik.com/support/demos"): Navigate to 'https://www.telerik.com/support/demos' successfully

2023-02-08 23:11:57 - [MESSAGE][PASSED] - Navigate to 'https://www.telerik.com/support/demos' successfully]]></system-out>
         <system-err><![CDATA[]]></system-err>
      </testcase>
      <testcase name="Test Cases/Telerik/desasseis" time="11.73" classname="Test Cases/Telerik/desasseis" status="PASSED">
         <system-out><![CDATA[2023-02-08 23:11:57 - [TEST_CASE][PASSED] - Test Cases/Telerik/desasseis: Test Cases/Telerik/desasseis

2023-02-08 23:11:58 - [TEST_STEP][PASSED] - openBrowser(""): Browser is opened with url: ''

2023-02-08 23:11:58 - [MESSAGE][WARNING] - A browser is already opened. Closing browser and opening a new one

2023-02-08 23:11:59 - [MESSAGE][INFO] - Starting 'Chrome' driver

2023-02-08 23:11:59 - [MESSAGE][INFO] - Action delay is set to 0 milliseconds

2023-02-08 23:12:03 - [MESSAGE][PASSED] - Browser is opened with url: ''

2023-02-08 23:12:03 - [TEST_STEP][PASSED] - navigateToUrl("https://www.telerik.com/support/demos"): Navigate to 'https://www.telerik.com/support/demos' successfully

2023-02-08 23:12:09 - [MESSAGE][PASSED] - Navigate to 'https://www.telerik.com/support/demos' successfully]]></system-out>
         <system-err><![CDATA[]]></system-err>
      </testcase>
      <testcase name="Test Cases/Telerik/desoito" time="11.682" classname="Test Cases/Telerik/desoito" status="PASSED">
         <system-out><![CDATA[2023-02-08 23:12:09 - [TEST_CASE][PASSED] - Test Cases/Telerik/desoito: Test Cases/Telerik/desoito

2023-02-08 23:12:10 - [TEST_STEP][PASSED] - openBrowser(""): Browser is opened with url: ''

2023-02-08 23:12:10 - [MESSAGE][WARNING] - A browser is already opened. Closing browser and opening a new one

2023-02-08 23:12:11 - [MESSAGE][INFO] - Starting 'Chrome' driver

2023-02-08 23:12:11 - [MESSAGE][INFO] - Action delay is set to 0 milliseconds

2023-02-08 23:12:14 - [MESSAGE][PASSED] - Browser is opened with url: ''

2023-02-08 23:12:14 - [TEST_STEP][PASSED] - navigateToUrl("https://www.telerik.com/support/demos"): Navigate to 'https://www.telerik.com/support/demos' successfully

2023-02-08 23:12:20 - [MESSAGE][PASSED] - Navigate to 'https://www.telerik.com/support/demos' successfully]]></system-out>
         <system-err><![CDATA[]]></system-err>
      </testcase>
      <testcase name="Test Cases/Telerik/Docs and Support" time="57.45" classname="Test Cases/Telerik/Docs and Support" status="FAILED">
         <failure type="FAILED" message="Test Cases/Telerik/Docs and Support FAILED.
Reason:
com.kms.katalon.core.exception.StepFailedException: Unable to click on object 'Object Repository/Telerik/Docs and Support/a_Sitefinity'
	at com.kms.katalon.core.webui.keyword.internal.WebUIKeywordMain.stepFailed(WebUIKeywordMain.groovy:64)
	at com.kms.katalon.core.webui.keyword.internal.WebUIKeywordMain.runKeyword(WebUIKeywordMain.groovy:26)
	at com.kms.katalon.core.webui.keyword.builtin.ClickKeyword.click(ClickKeyword.groovy:74)
	at com.kms.katalon.core.webui.keyword.builtin.ClickKeyword.execute(ClickKeyword.groovy:40)
	at com.kms.katalon.core.keyword.internal.KeywordExecutor.executeKeywordForPlatform(KeywordExecutor.groovy:74)
	at com.kms.katalon.core.webui.keyword.WebUiBuiltInKeywords.click(WebUiBuiltInKeywords.groovy:620)
	at com.kms.katalon.core.webui.keyword.WebUiBuiltInKeywords$click$2.call(Unknown Source)
	at Docs and Support.run(Docs and Support:27)
	at com.kms.katalon.core.main.ScriptEngine.run(ScriptEngine.java:194)
	at com.kms.katalon.core.main.ScriptEngine.runScriptAsRawText(ScriptEngine.java:119)
	at com.kms.katalon.core.main.TestCaseExecutor.runScript(TestCaseExecutor.java:448)
	at com.kms.katalon.core.main.TestCaseExecutor.doExecute(TestCaseExecutor.java:439)
	at com.kms.katalon.core.main.TestCaseExecutor.processExecutionPhase(TestCaseExecutor.java:418)
	at com.kms.katalon.core.main.TestCaseExecutor.accessMainPhase(TestCaseExecutor.java:410)
	at com.kms.katalon.core.main.TestCaseExecutor.execute(TestCaseExecutor.java:285)
	at com.kms.katalon.core.common.CommonExecutor.accessTestCaseMainPhase(CommonExecutor.java:65)
	at com.kms.katalon.core.main.TestSuiteExecutor.accessTestSuiteMainPhase(TestSuiteExecutor.java:151)
	at com.kms.katalon.core.main.TestSuiteExecutor.execute(TestSuiteExecutor.java:106)
	at com.kms.katalon.core.main.TestCaseMain.startTestSuite(TestCaseMain.java:185)
	at com.kms.katalon.core.main.TestCaseMain$startTestSuite$0.call(Unknown Source)
	at TempTestSuite1675894057024.run(TempTestSuite1675894057024.groovy:36)
Caused by: org.openqa.selenium.ElementClickInterceptedException: element click intercepted: Element &lt;a href=&quot;/support/sitefinity&quot; data-sf-ec-immutable=&quot;&quot;>...&lt;/a> is not clickable at point (608, 697). Other element would receive the click: &lt;div id=&quot;onetrust-banner-sdk&quot; class=&quot;otFlat bottom ot-wo-title vertical-align-content&quot; tabindex=&quot;0&quot; style=&quot;bottom: 0px;&quot;>...&lt;/div>
  (Session info: chrome=110.0.5481.77)
Build info: version: '3.141.59', revision: 'e82be7d358', time: '2018-11-14T08:25:53'
System info: host: 'DEOLINDO', ip: '192.168.1.171', os.name: 'Windows 10', os.arch: 'amd64', os.version: '10.0', java.version: '1.8.0_282'
Driver info: com.kms.katalon.selenium.driver.CChromeDriver
Capabilities {acceptInsecureCerts: false, browserName: chrome, browserVersion: 110.0.5481.77, chrome: {chromedriverVersion: 110.0.5481.77 (65ed616c6e8e..., userDataDir: C:\Users\Admin\AppData\Loca...}, goog:chromeOptions: {debuggerAddress: localhost:63800}, javascriptEnabled: true, networkConnectionEnabled: false, pageLoadStrategy: normal, platform: WINDOWS, platformName: WINDOWS, proxy: Proxy(), setWindowRect: true, strictFileInteractability: false, timeouts: {implicit: 0, pageLoad: 300000, script: 30000}, unhandledPromptBehavior: dismiss and notify, webauthn:extension:credBlob: true, webauthn:extension:largeBlob: true, webauthn:virtualAuthenticators: true}
Session ID: e26b74e1c6dc32ac6a5ec3c833ceebfd
	at org.openqa.selenium.remote.http.W3CHttpResponseCodec.createException(W3CHttpResponseCodec.java:187)
	at org.openqa.selenium.remote.http.W3CHttpResponseCodec.decode(W3CHttpResponseCodec.java:122)
	at org.openqa.selenium.remote.http.W3CHttpResponseCodec.decode(W3CHttpResponseCodec.java:49)
	at org.openqa.selenium.remote.HttpCommandExecutor.execute(HttpCommandExecutor.java:158)
	at org.openqa.selenium.remote.service.DriverCommandExecutor.execute(DriverCommandExecutor.java:83)
	at org.openqa.selenium.remote.RemoteWebDriver.execute(RemoteWebDriver.java:552)
	at com.kms.katalon.selenium.driver.CChromeDriver.execute(CChromeDriver.java:19)
	at org.openqa.selenium.remote.RemoteWebElement.execute(RemoteWebElement.java:285)
	at org.openqa.selenium.remote.RemoteWebElement.click(RemoteWebElement.java:84)
	at org.openqa.selenium.support.events.EventFiringWebDriver$EventFiringWebElement.lambda$new$0(EventFiringWebDriver.java:404)
	at com.sun.proxy.$Proxy11.click(Unknown Source)
	at org.openqa.selenium.support.events.EventFiringWebDriver$EventFiringWebElement.click(EventFiringWebDriver.java:417)
	at org.openqa.selenium.WebElement$click.call(Unknown Source)
	at com.kms.katalon.core.webui.keyword.builtin.ClickKeyword.clickUntilSuccessWithTimeout(ClickKeyword.groovy:81)
	at com.kms.katalon.core.webui.keyword.builtin.ClickKeyword.clickUntilSuccessWithTimeout(ClickKeyword.groovy)
	at com.kms.katalon.core.webui.keyword.builtin.ClickKeyword$_click_closure1.doCall(ClickKeyword.groovy:67)
	at com.kms.katalon.core.webui.keyword.builtin.ClickKeyword$_click_closure1.call(ClickKeyword.groovy)
	at com.kms.katalon.core.webui.keyword.internal.WebUIKeywordMain.runKeyword(WebUIKeywordMain.groovy:20)
	... 19 more
"/>
         <system-out><![CDATA[2023-02-08 23:12:20 - [TEST_CASE][FAILED] - Test Cases/Telerik/Docs and Support: Test Cases/Telerik/Docs and Support FAILED.
Reason:
com.kms.katalon.core.exception.StepFailedException: Unable to click on object 'Object Repository/Telerik/Docs and Support/a_Sitefinity'
	at com.kms.katalon.core.webui.keyword.internal.WebUIKeywordMain.stepFailed(WebUIKeywordMain.groovy:64)
	at com.kms.katalon.core.webui.keyword.internal.WebUIKeywordMain.runKeyword(WebUIKeywordMain.groovy:26)
	at com.kms.katalon.core.webui.keyword.builtin.ClickKeyword.click(ClickKeyword.groovy:74)
	at com.kms.katalon.core.webui.keyword.builtin.ClickKeyword.execute(ClickKeyword.groovy:40)
	at com.kms.katalon.core.keyword.internal.KeywordExecutor.executeKeywordForPlatform(KeywordExecutor.groovy:74)
	at com.kms.katalon.core.webui.keyword.WebUiBuiltInKeywords.click(WebUiBuiltInKeywords.groovy:620)
	at com.kms.katalon.core.webui.keyword.WebUiBuiltInKeywords$click$2.call(Unknown Source)
	at Docs and Support.run(Docs and Support:27)
	at com.kms.katalon.core.main.ScriptEngine.run(ScriptEngine.java:194)
	at com.kms.katalon.core.main.ScriptEngine.runScriptAsRawText(ScriptEngine.java:119)
	at com.kms.katalon.core.main.TestCaseExecutor.runScript(TestCaseExecutor.java:448)
	at com.kms.katalon.core.main.TestCaseExecutor.doExecute(TestCaseExecutor.java:439)
	at com.kms.katalon.core.main.TestCaseExecutor.processExecutionPhase(TestCaseExecutor.java:418)
	at com.kms.katalon.core.main.TestCaseExecutor.accessMainPhase(TestCaseExecutor.java:410)
	at com.kms.katalon.core.main.TestCaseExecutor.execute(TestCaseExecutor.java:285)
	at com.kms.katalon.core.common.CommonExecutor.accessTestCaseMainPhase(CommonExecutor.java:65)
	at com.kms.katalon.core.main.TestSuiteExecutor.accessTestSuiteMainPhase(TestSuiteExecutor.java:151)
	at com.kms.katalon.core.main.TestSuiteExecutor.execute(TestSuiteExecutor.java:106)
	at com.kms.katalon.core.main.TestCaseMain.startTestSuite(TestCaseMain.java:185)
	at com.kms.katalon.core.main.TestCaseMain$startTestSuite$0.call(Unknown Source)
	at TempTestSuite1675894057024.run(TempTestSuite1675894057024.groovy:36)
Caused by: org.openqa.selenium.ElementClickInterceptedException: element click intercepted: Element <a href="/support/sitefinity" data-sf-ec-immutable="">...</a> is not clickable at point (608, 697). Other element would receive the click: <div id="onetrust-banner-sdk" class="otFlat bottom ot-wo-title vertical-align-content" tabindex="0" style="bottom: 0px;">...</div>
  (Session info: chrome=110.0.5481.77)
Build info: version: '3.141.59', revision: 'e82be7d358', time: '2018-11-14T08:25:53'
System info: host: 'DEOLINDO', ip: '192.168.1.171', os.name: 'Windows 10', os.arch: 'amd64', os.version: '10.0', java.version: '1.8.0_282'
Driver info: com.kms.katalon.selenium.driver.CChromeDriver
Capabilities {acceptInsecureCerts: false, browserName: chrome, browserVersion: 110.0.5481.77, chrome: {chromedriverVersion: 110.0.5481.77 (65ed616c6e8e..., userDataDir: C:\Users\Admin\AppData\Loca...}, goog:chromeOptions: {debuggerAddress: localhost:63800}, javascriptEnabled: true, networkConnectionEnabled: false, pageLoadStrategy: normal, platform: WINDOWS, platformName: WINDOWS, proxy: Proxy(), setWindowRect: true, strictFileInteractability: false, timeouts: {implicit: 0, pageLoad: 300000, script: 30000}, unhandledPromptBehavior: dismiss and notify, webauthn:extension:credBlob: true, webauthn:extension:largeBlob: true, webauthn:virtualAuthenticators: true}
Session ID: e26b74e1c6dc32ac6a5ec3c833ceebfd
	at org.openqa.selenium.remote.http.W3CHttpResponseCodec.createException(W3CHttpResponseCodec.java:187)
	at org.openqa.selenium.remote.http.W3CHttpResponseCodec.decode(W3CHttpResponseCodec.java:122)
	at org.openqa.selenium.remote.http.W3CHttpResponseCodec.decode(W3CHttpResponseCodec.java:49)
	at org.openqa.selenium.remote.HttpCommandExecutor.execute(HttpCommandExecutor.java:158)
	at org.openqa.selenium.remote.service.DriverCommandExecutor.execute(DriverCommandExecutor.java:83)
	at org.openqa.selenium.remote.RemoteWebDriver.execute(RemoteWebDriver.java:552)
	at com.kms.katalon.selenium.driver.CChromeDriver.execute(CChromeDriver.java:19)
	at org.openqa.selenium.remote.RemoteWebElement.execute(RemoteWebElement.java:285)
	at org.openqa.selenium.remote.RemoteWebElement.click(RemoteWebElement.java:84)
	at org.openqa.selenium.support.events.EventFiringWebDriver$EventFiringWebElement.lambda$new$0(EventFiringWebDriver.java:404)
	at com.sun.proxy.$Proxy11.click(Unknown Source)
	at org.openqa.selenium.support.events.EventFiringWebDriver$EventFiringWebElement.click(EventFiringWebDriver.java:417)
	at org.openqa.selenium.WebElement$click.call(Unknown Source)
	at com.kms.katalon.core.webui.keyword.builtin.ClickKeyword.clickUntilSuccessWithTimeout(ClickKeyword.groovy:81)
	at com.kms.katalon.core.webui.keyword.builtin.ClickKeyword.clickUntilSuccessWithTimeout(ClickKeyword.groovy)
	at com.kms.katalon.core.webui.keyword.builtin.ClickKeyword$_click_closure1.doCall(ClickKeyword.groovy:67)
	at com.kms.katalon.core.webui.keyword.builtin.ClickKeyword$_click_closure1.call(ClickKeyword.groovy)
	at com.kms.katalon.core.webui.keyword.internal.WebUIKeywordMain.runKeyword(WebUIKeywordMain.groovy:20)
	... 19 more


2023-02-08 23:12:21 - [TEST_STEP][PASSED] - callTestCase(findTestCase("Telerik/Open URL"), [:], STOP_ON_FAILURE): Call Test Case 'Test Cases/Telerik/Open URL' successfully

2023-02-08 23:12:21 - [TEST_CASE][PASSED] - Test Cases/Telerik/Open URL: Test Cases/Telerik/Open URL

2023-02-08 23:12:21 - [TEST_STEP][PASSED] - openBrowser(""): Browser is opened with url: ''

2023-02-08 23:12:21 - [MESSAGE][WARNING] - A browser is already opened. Closing browser and opening a new one

2023-02-08 23:12:22 - [MESSAGE][INFO] - Starting 'Chrome' driver

2023-02-08 23:12:22 - [MESSAGE][INFO] - Action delay is set to 0 milliseconds

2023-02-08 23:12:26 - [MESSAGE][PASSED] - Browser is opened with url: ''

2023-02-08 23:12:26 - [TEST_STEP][PASSED] - navigateToUrl("https://www.telerik.com/support/demos"): Navigate to 'https://www.telerik.com/support/demos' successfully

2023-02-08 23:12:34 - [MESSAGE][PASSED] - Navigate to 'https://www.telerik.com/support/demos' successfully

2023-02-08 23:12:34 - [MESSAGE][PASSED] - Call Test Case 'Test Cases/Telerik/Open URL' successfully

2023-02-08 23:12:34 - [TEST_STEP][PASSED] - maximizeWindow(): Current window maximized

2023-02-08 23:12:34 - [MESSAGE][PASSED] - Current window maximized

2023-02-08 23:12:34 - [TEST_STEP][PASSED] - click(findTestObject("Object Repository/Telerik/Docs and Support/a_Docs  Support")): Object: 'Object Repository/Telerik/Docs and Support/a_Docs  Support' is clicked on

2023-02-08 23:12:44 - [MESSAGE][PASSED] - Object: 'Object Repository/Telerik/Docs and Support/a_Docs  Support' is clicked on

2023-02-08 23:12:44 - [TEST_STEP][FAILED] - click(findTestObject("Object Repository/Telerik/Docs and Support/a_Sitefinity")): Unable to click on object 'Object Repository/Telerik/Docs and Support/a_Sitefinity' (Root cause: com.kms.katalon.core.exception.StepFailedException: Unable to click on object 'Object Repository/Telerik/Docs and Support/a_Sitefinity'
	at com.kms.katalon.core.webui.keyword.internal.WebUIKeywordMain.stepFailed(WebUIKeywordMain.groovy:64)
	at com.kms.katalon.core.webui.keyword.internal.WebUIKeywordMain.runKeyword(WebUIKeywordMain.groovy:26)
	at com.kms.katalon.core.webui.keyword.builtin.ClickKeyword.click(ClickKeyword.groovy:74)
	at com.kms.katalon.core.webui.keyword.builtin.ClickKeyword.execute(ClickKeyword.groovy:40)
	at com.kms.katalon.core.keyword.internal.KeywordExecutor.executeKeywordForPlatform(KeywordExecutor.groovy:74)
	at com.kms.katalon.core.webui.keyword.WebUiBuiltInKeywords.click(WebUiBuiltInKeywords.groovy:620)
	at com.kms.katalon.core.webui.keyword.WebUiBuiltInKeywords$click$2.call(Unknown Source)
	at Docs and Support.run(Docs and Support:27)
	at com.kms.katalon.core.main.ScriptEngine.run(ScriptEngine.java:194)
	at com.kms.katalon.core.main.ScriptEngine.runScriptAsRawText(ScriptEngine.java:119)
	at com.kms.katalon.core.main.TestCaseExecutor.runScript(TestCaseExecutor.java:448)
	at com.kms.katalon.core.main.TestCaseExecutor.doExecute(TestCaseExecutor.java:439)
	at com.kms.katalon.core.main.TestCaseExecutor.processExecutionPhase(TestCaseExecutor.java:418)
	at com.kms.katalon.core.main.TestCaseExecutor.accessMainPhase(TestCaseExecutor.java:410)
	at com.kms.katalon.core.main.TestCaseExecutor.execute(TestCaseExecutor.java:285)
	at com.kms.katalon.core.common.CommonExecutor.accessTestCaseMainPhase(CommonExecutor.java:65)
	at com.kms.katalon.core.main.TestSuiteExecutor.accessTestSuiteMainPhase(TestSuiteExecutor.java:151)
	at com.kms.katalon.core.main.TestSuiteExecutor.execute(TestSuiteExecutor.java:106)
	at com.kms.katalon.core.main.TestCaseMain.startTestSuite(TestCaseMain.java:185)
	at com.kms.katalon.core.main.TestCaseMain$startTestSuite$0.call(Unknown Source)
	at TempTestSuite1675894057024.run(TempTestSuite1675894057024.groovy:36)
Caused by: org.openqa.selenium.ElementClickInterceptedException: element click intercepted: Element <a href="/support/sitefinity" data-sf-ec-immutable="">...</a> is not clickable at point (608, 697). Other element would receive the click: <div id="onetrust-banner-sdk" class="otFlat bottom ot-wo-title vertical-align-content" tabindex="0" style="bottom: 0px;">...</div>
  (Session info: chrome=110.0.5481.77)
Build info: version: '3.141.59', revision: 'e82be7d358', time: '2018-11-14T08:25:53'
System info: host: 'DEOLINDO', ip: '192.168.1.171', os.name: 'Windows 10', os.arch: 'amd64', os.version: '10.0', java.version: '1.8.0_282'
Driver info: com.kms.katalon.selenium.driver.CChromeDriver
Capabilities {acceptInsecureCerts: false, browserName: chrome, browserVersion: 110.0.5481.77, chrome: {chromedriverVersion: 110.0.5481.77 (65ed616c6e8e..., userDataDir: C:\Users\Admin\AppData\Loca...}, goog:chromeOptions: {debuggerAddress: localhost:63800}, javascriptEnabled: true, networkConnectionEnabled: false, pageLoadStrategy: normal, platform: WINDOWS, platformName: WINDOWS, proxy: Proxy(), setWindowRect: true, strictFileInteractability: false, timeouts: {implicit: 0, pageLoad: 300000, script: 30000}, unhandledPromptBehavior: dismiss and notify, webauthn:extension:credBlob: true, webauthn:extension:largeBlob: true, webauthn:virtualAuthenticators: true}
Session ID: e26b74e1c6dc32ac6a5ec3c833ceebfd
	at org.openqa.selenium.remote.http.W3CHttpResponseCodec.createException(W3CHttpResponseCodec.java:187)
	at org.openqa.selenium.remote.http.W3CHttpResponseCodec.decode(W3CHttpResponseCodec.java:122)
	at org.openqa.selenium.remote.http.W3CHttpResponseCodec.decode(W3CHttpResponseCodec.java:49)
	at org.openqa.selenium.remote.HttpCommandExecutor.execute(HttpCommandExecutor.java:158)
	at org.openqa.selenium.remote.service.DriverCommandExecutor.execute(DriverCommandExecutor.java:83)
	at org.openqa.selenium.remote.RemoteWebDriver.execute(RemoteWebDriver.java:552)
	at com.kms.katalon.selenium.driver.CChromeDriver.execute(CChromeDriver.java:19)
	at org.openqa.selenium.remote.RemoteWebElement.execute(RemoteWebElement.java:285)
	at org.openqa.selenium.remote.RemoteWebElement.click(RemoteWebElement.java:84)
	at org.openqa.selenium.support.events.EventFiringWebDriver$EventFiringWebElement.lambda$new$0(EventFiringWebDriver.java:404)
	at com.sun.proxy.$Proxy11.click(Unknown Source)
	at org.openqa.selenium.support.events.EventFiringWebDriver$EventFiringWebElement.click(EventFiringWebDriver.java:417)
	at org.openqa.selenium.WebElement$click.call(Unknown Source)
	at com.kms.katalon.core.webui.keyword.builtin.ClickKeyword.clickUntilSuccessWithTimeout(ClickKeyword.groovy:81)
	at com.kms.katalon.core.webui.keyword.builtin.ClickKeyword.clickUntilSuccessWithTimeout(ClickKeyword.groovy)
	at com.kms.katalon.core.webui.keyword.builtin.ClickKeyword$_click_closure1.doCall(ClickKeyword.groovy:67)
	at com.kms.katalon.core.webui.keyword.builtin.ClickKeyword$_click_closure1.call(ClickKeyword.groovy)
	at com.kms.katalon.core.webui.keyword.internal.WebUIKeywordMain.runKeyword(WebUIKeywordMain.groovy:20)
	at com.kms.katalon.core.webui.keyword.builtin.ClickKeyword.click(ClickKeyword.groovy:74)
	at com.kms.katalon.core.webui.keyword.builtin.ClickKeyword.execute(ClickKeyword.groovy:40)
	at com.kms.katalon.core.keyword.internal.KeywordExecutor.executeKeywordForPlatform(KeywordExecutor.groovy:74)
	at com.kms.katalon.core.webui.keyword.WebUiBuiltInKeywords.click(WebUiBuiltInKeywords.groovy:620)
	at com.kms.katalon.core.webui.keyword.WebUiBuiltInKeywords$click$2.call(Unknown Source)
	at Script1675177120852.run(Script1675177120852.groovy:27)
	... 13 more
)

2023-02-08 23:13:18 - [MESSAGE][FAILED] - Unable to click on object 'Object Repository/Telerik/Docs and Support/a_Sitefinity' (Root cause: com.kms.katalon.core.exception.StepFailedException: Unable to click on object 'Object Repository/Telerik/Docs and Support/a_Sitefinity'
	at com.kms.katalon.core.webui.keyword.internal.WebUIKeywordMain.stepFailed(WebUIKeywordMain.groovy:64)
	at com.kms.katalon.core.webui.keyword.internal.WebUIKeywordMain.runKeyword(WebUIKeywordMain.groovy:26)
	at com.kms.katalon.core.webui.keyword.builtin.ClickKeyword.click(ClickKeyword.groovy:74)
	at com.kms.katalon.core.webui.keyword.builtin.ClickKeyword.execute(ClickKeyword.groovy:40)
	at com.kms.katalon.core.keyword.internal.KeywordExecutor.executeKeywordForPlatform(KeywordExecutor.groovy:74)
	at com.kms.katalon.core.webui.keyword.WebUiBuiltInKeywords.click(WebUiBuiltInKeywords.groovy:620)
	at com.kms.katalon.core.webui.keyword.WebUiBuiltInKeywords$click$2.call(Unknown Source)
	at Docs and Support.run(Docs and Support:27)
	at com.kms.katalon.core.main.ScriptEngine.run(ScriptEngine.java:194)
	at com.kms.katalon.core.main.ScriptEngine.runScriptAsRawText(ScriptEngine.java:119)
	at com.kms.katalon.core.main.TestCaseExecutor.runScript(TestCaseExecutor.java:448)
	at com.kms.katalon.core.main.TestCaseExecutor.doExecute(TestCaseExecutor.java:439)
	at com.kms.katalon.core.main.TestCaseExecutor.processExecutionPhase(TestCaseExecutor.java:418)
	at com.kms.katalon.core.main.TestCaseExecutor.accessMainPhase(TestCaseExecutor.java:410)
	at com.kms.katalon.core.main.TestCaseExecutor.execute(TestCaseExecutor.java:285)
	at com.kms.katalon.core.common.CommonExecutor.accessTestCaseMainPhase(CommonExecutor.java:65)
	at com.kms.katalon.core.main.TestSuiteExecutor.accessTestSuiteMainPhase(TestSuiteExecutor.java:151)
	at com.kms.katalon.core.main.TestSuiteExecutor.execute(TestSuiteExecutor.java:106)
	at com.kms.katalon.core.main.TestCaseMain.startTestSuite(TestCaseMain.java:185)
	at com.kms.katalon.core.main.TestCaseMain$startTestSuite$0.call(Unknown Source)
	at TempTestSuite1675894057024.run(TempTestSuite1675894057024.groovy:36)
Caused by: org.openqa.selenium.ElementClickInterceptedException: element click intercepted: Element <a href="/support/sitefinity" data-sf-ec-immutable="">...</a> is not clickable at point (608, 697). Other element would receive the click: <div id="onetrust-banner-sdk" class="otFlat bottom ot-wo-title vertical-align-content" tabindex="0" style="bottom: 0px;">...</div>
  (Session info: chrome=110.0.5481.77)
Build info: version: '3.141.59', revision: 'e82be7d358', time: '2018-11-14T08:25:53'
System info: host: 'DEOLINDO', ip: '192.168.1.171', os.name: 'Windows 10', os.arch: 'amd64', os.version: '10.0', java.version: '1.8.0_282'
Driver info: com.kms.katalon.selenium.driver.CChromeDriver
Capabilities {acceptInsecureCerts: false, browserName: chrome, browserVersion: 110.0.5481.77, chrome: {chromedriverVersion: 110.0.5481.77 (65ed616c6e8e..., userDataDir: C:\Users\Admin\AppData\Loca...}, goog:chromeOptions: {debuggerAddress: localhost:63800}, javascriptEnabled: true, networkConnectionEnabled: false, pageLoadStrategy: normal, platform: WINDOWS, platformName: WINDOWS, proxy: Proxy(), setWindowRect: true, strictFileInteractability: false, timeouts: {implicit: 0, pageLoad: 300000, script: 30000}, unhandledPromptBehavior: dismiss and notify, webauthn:extension:credBlob: true, webauthn:extension:largeBlob: true, webauthn:virtualAuthenticators: true}
Session ID: e26b74e1c6dc32ac6a5ec3c833ceebfd
	at org.openqa.selenium.remote.http.W3CHttpResponseCodec.createException(W3CHttpResponseCodec.java:187)
	at org.openqa.selenium.remote.http.W3CHttpResponseCodec.decode(W3CHttpResponseCodec.java:122)
	at org.openqa.selenium.remote.http.W3CHttpResponseCodec.decode(W3CHttpResponseCodec.java:49)
	at org.openqa.selenium.remote.HttpCommandExecutor.execute(HttpCommandExecutor.java:158)
	at org.openqa.selenium.remote.service.DriverCommandExecutor.execute(DriverCommandExecutor.java:83)
	at org.openqa.selenium.remote.RemoteWebDriver.execute(RemoteWebDriver.java:552)
	at com.kms.katalon.selenium.driver.CChromeDriver.execute(CChromeDriver.java:19)
	at org.openqa.selenium.remote.RemoteWebElement.execute(RemoteWebElement.java:285)
	at org.openqa.selenium.remote.RemoteWebElement.click(RemoteWebElement.java:84)
	at org.openqa.selenium.support.events.EventFiringWebDriver$EventFiringWebElement.lambda$new$0(EventFiringWebDriver.java:404)
	at com.sun.proxy.$Proxy11.click(Unknown Source)
	at org.openqa.selenium.support.events.EventFiringWebDriver$EventFiringWebElement.click(EventFiringWebDriver.java:417)
	at org.openqa.selenium.WebElement$click.call(Unknown Source)
	at com.kms.katalon.core.webui.keyword.builtin.ClickKeyword.clickUntilSuccessWithTimeout(ClickKeyword.groovy:81)
	at com.kms.katalon.core.webui.keyword.builtin.ClickKeyword.clickUntilSuccessWithTimeout(ClickKeyword.groovy)
	at com.kms.katalon.core.webui.keyword.builtin.ClickKeyword$_click_closure1.doCall(ClickKeyword.groovy:67)
	at com.kms.katalon.core.webui.keyword.builtin.ClickKeyword$_click_closure1.call(ClickKeyword.groovy)
	at com.kms.katalon.core.webui.keyword.internal.WebUIKeywordMain.runKeyword(WebUIKeywordMain.groovy:20)
	at com.kms.katalon.core.webui.keyword.builtin.ClickKeyword.click(ClickKeyword.groovy:74)
	at com.kms.katalon.core.webui.keyword.builtin.ClickKeyword.execute(ClickKeyword.groovy:40)
	at com.kms.katalon.core.keyword.internal.KeywordExecutor.executeKeywordForPlatform(KeywordExecutor.groovy:74)
	at com.kms.katalon.core.webui.keyword.WebUiBuiltInKeywords.click(WebUiBuiltInKeywords.groovy:620)
	at com.kms.katalon.core.webui.keyword.WebUiBuiltInKeywords$click$2.call(Unknown Source)
	at Script1675177120852.run(Script1675177120852.groovy:27)
	... 13 more
)
[[ATTACHMENT|C:\\Users\\Admin\\Katalon Studio\\katalon-practice (1)\\Reports\\20230208_230653\\Telerik\\20230208_230737\\1675894398150.png]]]]></system-out>
         <system-err><![CDATA[2023-02-08 23:12:20 - [TEST_CASE][FAILED] - Test Cases/Telerik/Docs and Support: Test Cases/Telerik/Docs and Support FAILED.
Reason:
com.kms.katalon.core.exception.StepFailedException: Unable to click on object 'Object Repository/Telerik/Docs and Support/a_Sitefinity'
	at com.kms.katalon.core.webui.keyword.internal.WebUIKeywordMain.stepFailed(WebUIKeywordMain.groovy:64)
	at com.kms.katalon.core.webui.keyword.internal.WebUIKeywordMain.runKeyword(WebUIKeywordMain.groovy:26)
	at com.kms.katalon.core.webui.keyword.builtin.ClickKeyword.click(ClickKeyword.groovy:74)
	at com.kms.katalon.core.webui.keyword.builtin.ClickKeyword.execute(ClickKeyword.groovy:40)
	at com.kms.katalon.core.keyword.internal.KeywordExecutor.executeKeywordForPlatform(KeywordExecutor.groovy:74)
	at com.kms.katalon.core.webui.keyword.WebUiBuiltInKeywords.click(WebUiBuiltInKeywords.groovy:620)
	at com.kms.katalon.core.webui.keyword.WebUiBuiltInKeywords$click$2.call(Unknown Source)
	at Docs and Support.run(Docs and Support:27)
	at com.kms.katalon.core.main.ScriptEngine.run(ScriptEngine.java:194)
	at com.kms.katalon.core.main.ScriptEngine.runScriptAsRawText(ScriptEngine.java:119)
	at com.kms.katalon.core.main.TestCaseExecutor.runScript(TestCaseExecutor.java:448)
	at com.kms.katalon.core.main.TestCaseExecutor.doExecute(TestCaseExecutor.java:439)
	at com.kms.katalon.core.main.TestCaseExecutor.processExecutionPhase(TestCaseExecutor.java:418)
	at com.kms.katalon.core.main.TestCaseExecutor.accessMainPhase(TestCaseExecutor.java:410)
	at com.kms.katalon.core.main.TestCaseExecutor.execute(TestCaseExecutor.java:285)
	at com.kms.katalon.core.common.CommonExecutor.accessTestCaseMainPhase(CommonExecutor.java:65)
	at com.kms.katalon.core.main.TestSuiteExecutor.accessTestSuiteMainPhase(TestSuiteExecutor.java:151)
	at com.kms.katalon.core.main.TestSuiteExecutor.execute(TestSuiteExecutor.java:106)
	at com.kms.katalon.core.main.TestCaseMain.startTestSuite(TestCaseMain.java:185)
	at com.kms.katalon.core.main.TestCaseMain$startTestSuite$0.call(Unknown Source)
	at TempTestSuite1675894057024.run(TempTestSuite1675894057024.groovy:36)
Caused by: org.openqa.selenium.ElementClickInterceptedException: element click intercepted: Element <a href="/support/sitefinity" data-sf-ec-immutable="">...</a> is not clickable at point (608, 697). Other element would receive the click: <div id="onetrust-banner-sdk" class="otFlat bottom ot-wo-title vertical-align-content" tabindex="0" style="bottom: 0px;">...</div>
  (Session info: chrome=110.0.5481.77)
Build info: version: '3.141.59', revision: 'e82be7d358', time: '2018-11-14T08:25:53'
System info: host: 'DEOLINDO', ip: '192.168.1.171', os.name: 'Windows 10', os.arch: 'amd64', os.version: '10.0', java.version: '1.8.0_282'
Driver info: com.kms.katalon.selenium.driver.CChromeDriver
Capabilities {acceptInsecureCerts: false, browserName: chrome, browserVersion: 110.0.5481.77, chrome: {chromedriverVersion: 110.0.5481.77 (65ed616c6e8e..., userDataDir: C:\Users\Admin\AppData\Loca...}, goog:chromeOptions: {debuggerAddress: localhost:63800}, javascriptEnabled: true, networkConnectionEnabled: false, pageLoadStrategy: normal, platform: WINDOWS, platformName: WINDOWS, proxy: Proxy(), setWindowRect: true, strictFileInteractability: false, timeouts: {implicit: 0, pageLoad: 300000, script: 30000}, unhandledPromptBehavior: dismiss and notify, webauthn:extension:credBlob: true, webauthn:extension:largeBlob: true, webauthn:virtualAuthenticators: true}
Session ID: e26b74e1c6dc32ac6a5ec3c833ceebfd
	at org.openqa.selenium.remote.http.W3CHttpResponseCodec.createException(W3CHttpResponseCodec.java:187)
	at org.openqa.selenium.remote.http.W3CHttpResponseCodec.decode(W3CHttpResponseCodec.java:122)
	at org.openqa.selenium.remote.http.W3CHttpResponseCodec.decode(W3CHttpResponseCodec.java:49)
	at org.openqa.selenium.remote.HttpCommandExecutor.execute(HttpCommandExecutor.java:158)
	at org.openqa.selenium.remote.service.DriverCommandExecutor.execute(DriverCommandExecutor.java:83)
	at org.openqa.selenium.remote.RemoteWebDriver.execute(RemoteWebDriver.java:552)
	at com.kms.katalon.selenium.driver.CChromeDriver.execute(CChromeDriver.java:19)
	at org.openqa.selenium.remote.RemoteWebElement.execute(RemoteWebElement.java:285)
	at org.openqa.selenium.remote.RemoteWebElement.click(RemoteWebElement.java:84)
	at org.openqa.selenium.support.events.EventFiringWebDriver$EventFiringWebElement.lambda$new$0(EventFiringWebDriver.java:404)
	at com.sun.proxy.$Proxy11.click(Unknown Source)
	at org.openqa.selenium.support.events.EventFiringWebDriver$EventFiringWebElement.click(EventFiringWebDriver.java:417)
	at org.openqa.selenium.WebElement$click.call(Unknown Source)
	at com.kms.katalon.core.webui.keyword.builtin.ClickKeyword.clickUntilSuccessWithTimeout(ClickKeyword.groovy:81)
	at com.kms.katalon.core.webui.keyword.builtin.ClickKeyword.clickUntilSuccessWithTimeout(ClickKeyword.groovy)
	at com.kms.katalon.core.webui.keyword.builtin.ClickKeyword$_click_closure1.doCall(ClickKeyword.groovy:67)
	at com.kms.katalon.core.webui.keyword.builtin.ClickKeyword$_click_closure1.call(ClickKeyword.groovy)
	at com.kms.katalon.core.webui.keyword.internal.WebUIKeywordMain.runKeyword(WebUIKeywordMain.groovy:20)
	... 19 more]]></system-err>
      </testcase>
      <testcase name="Test Cases/Telerik/dose" time="12.324" classname="Test Cases/Telerik/dose" status="PASSED">
         <system-out><![CDATA[2023-02-08 23:13:18 - [TEST_CASE][PASSED] - Test Cases/Telerik/dose: Test Cases/Telerik/dose

2023-02-08 23:13:18 - [TEST_STEP][PASSED] - openBrowser(""): Browser is opened with url: ''

2023-02-08 23:13:18 - [MESSAGE][WARNING] - A browser is already opened. Closing browser and opening a new one

2023-02-08 23:13:19 - [MESSAGE][INFO] - Starting 'Chrome' driver

2023-02-08 23:13:19 - [MESSAGE][INFO] - Action delay is set to 0 milliseconds

2023-02-08 23:13:23 - [MESSAGE][PASSED] - Browser is opened with url: ''

2023-02-08 23:13:23 - [TEST_STEP][PASSED] - navigateToUrl("https://www.telerik.com/support/demos"): Navigate to 'https://www.telerik.com/support/demos' successfully

2023-02-08 23:13:30 - [MESSAGE][PASSED] - Navigate to 'https://www.telerik.com/support/demos' successfully]]></system-out>
         <system-err><![CDATA[]]></system-err>
      </testcase>
      <testcase name="Test Cases/Telerik/DPKF Music" time="28.45" classname="Test Cases/Telerik/DPKF Music" status="PASSED">
         <system-out><![CDATA[2023-02-08 23:13:30 - [TEST_CASE][PASSED] - Test Cases/Telerik/DPKF Music: Test Cases/Telerik/DPKF Music

2023-02-08 23:13:31 - [TEST_STEP][PASSED] - openBrowser(""): Browser is opened with url: ''

2023-02-08 23:13:31 - [MESSAGE][WARNING] - A browser is already opened. Closing browser and opening a new one

2023-02-08 23:13:32 - [MESSAGE][INFO] - Starting 'Chrome' driver

2023-02-08 23:13:32 - [MESSAGE][INFO] - Action delay is set to 0 milliseconds

2023-02-08 23:13:36 - [MESSAGE][PASSED] - Browser is opened with url: ''

2023-02-08 23:13:36 - [TEST_STEP][PASSED] - navigateToUrl("https://www.dpkfmusic.com/"): Navigate to 'https://www.dpkfmusic.com/' successfully

2023-02-08 23:13:59 - [MESSAGE][PASSED] - Navigate to 'https://www.dpkfmusic.com/' successfully]]></system-out>
         <system-err><![CDATA[]]></system-err>
      </testcase>
      <testcase name="Test Cases/Telerik/Koffie Luso" time="23.436" classname="Test Cases/Telerik/Koffie Luso" status="PASSED">
         <system-out><![CDATA[2023-02-08 23:13:59 - [TEST_CASE][PASSED] - Test Cases/Telerik/Koffie Luso: Test Cases/Telerik/Koffie Luso

2023-02-08 23:13:59 - [TEST_STEP][PASSED] - openBrowser(""): Browser is opened with url: ''

2023-02-08 23:13:59 - [MESSAGE][WARNING] - A browser is already opened. Closing browser and opening a new one

2023-02-08 23:14:01 - [MESSAGE][INFO] - Starting 'Chrome' driver

2023-02-08 23:14:01 - [MESSAGE][INFO] - Action delay is set to 0 milliseconds

2023-02-08 23:14:05 - [MESSAGE][PASSED] - Browser is opened with url: ''

2023-02-08 23:14:05 - [TEST_STEP][PASSED] - navigateToUrl("https://koffieluso.com/"): Navigate to 'https://koffieluso.com/' successfully

2023-02-08 23:14:22 - [MESSAGE][PASSED] - Navigate to 'https://koffieluso.com/' successfully]]></system-out>
         <system-err><![CDATA[]]></system-err>
      </testcase>
      <testcase name="Test Cases/Telerik/Noticias" time="35.98" classname="Test Cases/Telerik/Noticias" status="PASSED">
         <system-out><![CDATA[2023-02-08 23:14:22 - [TEST_CASE][PASSED] - Test Cases/Telerik/Noticias: Test Cases/Telerik/Noticias

2023-02-08 23:14:23 - [TEST_STEP][PASSED] - openBrowser(""): Browser is opened with url: ''

2023-02-08 23:14:23 - [MESSAGE][WARNING] - A browser is already opened. Closing browser and opening a new one

2023-02-08 23:14:24 - [MESSAGE][INFO] - Starting 'Chrome' driver

2023-02-08 23:14:24 - [MESSAGE][INFO] - Action delay is set to 0 milliseconds

2023-02-08 23:14:27 - [MESSAGE][PASSED] - Browser is opened with url: ''

2023-02-08 23:14:27 - [TEST_STEP][PASSED] - navigateToUrl("https://koffieluso.com/"): Navigate to 'https://koffieluso.com/' successfully

2023-02-08 23:14:41 - [MESSAGE][PASSED] - Navigate to 'https://koffieluso.com/' successfully

2023-02-08 23:14:41 - [TEST_STEP][PASSED] - click(findTestObject("Object Repository/Koffie Luso/a_Atualidade")): Object: 'Object Repository/Koffie Luso/a_Atualidade' is clicked on

2023-02-08 23:14:45 - [MESSAGE][PASSED] - Object: 'Object Repository/Koffie Luso/a_Atualidade' is clicked on

2023-02-08 23:14:45 - [TEST_STEP][PASSED] - click(findTestObject("Object Repository/Koffie Luso/a_RAZES, lbum de estreia de Dj Ritchelly")): Object: 'Object Repository/Koffie Luso/a_RAZES, lbum de estreia de Dj Ritchelly' is clicked on

2023-02-08 23:14:55 - [MESSAGE][PASSED] - Object: 'Object Repository/Koffie Luso/a_RAZES, lbum de estreia de Dj Ritchelly' is clicked on

2023-02-08 23:14:55 - [TEST_STEP][PASSED] - closeBrowser(): Browser is closed

2023-02-08 23:14:58 - [MESSAGE][PASSED] - Browser is closed]]></system-out>
         <system-err><![CDATA[]]></system-err>
      </testcase>
      <testcase name="Test Cases/Telerik/nove" time="10.755" classname="Test Cases/Telerik/nove" status="PASSED">
         <system-out><![CDATA[2023-02-08 23:14:58 - [TEST_CASE][PASSED] - Test Cases/Telerik/nove: Test Cases/Telerik/nove

2023-02-08 23:14:59 - [TEST_STEP][PASSED] - openBrowser(""): Browser is opened with url: ''

2023-02-08 23:14:59 - [MESSAGE][INFO] - Starting 'Chrome' driver

2023-02-08 23:14:59 - [MESSAGE][INFO] - Action delay is set to 0 milliseconds

2023-02-08 23:15:03 - [MESSAGE][PASSED] - Browser is opened with url: ''

2023-02-08 23:15:03 - [TEST_STEP][PASSED] - navigateToUrl("https://www.telerik.com/support/demos"): Navigate to 'https://www.telerik.com/support/demos' successfully

2023-02-08 23:15:09 - [MESSAGE][PASSED] - Navigate to 'https://www.telerik.com/support/demos' successfully]]></system-out>
         <system-err><![CDATA[]]></system-err>
      </testcase>
      <testcase name="Test Cases/Telerik/oito" time="13.309" classname="Test Cases/Telerik/oito" status="PASSED">
         <system-out><![CDATA[2023-02-08 23:15:09 - [TEST_CASE][PASSED] - Test Cases/Telerik/oito: Test Cases/Telerik/oito

2023-02-08 23:15:10 - [TEST_STEP][PASSED] - openBrowser(""): Browser is opened with url: ''

2023-02-08 23:15:10 - [MESSAGE][WARNING] - A browser is already opened. Closing browser and opening a new one

2023-02-08 23:15:11 - [MESSAGE][INFO] - Starting 'Chrome' driver

2023-02-08 23:15:11 - [MESSAGE][INFO] - Action delay is set to 0 milliseconds

2023-02-08 23:15:15 - [MESSAGE][PASSED] - Browser is opened with url: ''

2023-02-08 23:15:15 - [TEST_STEP][PASSED] - navigateToUrl("https://www.telerik.com/support/demos"): Navigate to 'https://www.telerik.com/support/demos' successfully

2023-02-08 23:15:22 - [MESSAGE][PASSED] - Navigate to 'https://www.telerik.com/support/demos' successfully]]></system-out>
         <system-err><![CDATA[]]></system-err>
      </testcase>
      <testcase name="Test Cases/Telerik/onze" time="12.23" classname="Test Cases/Telerik/onze" status="PASSED">
         <system-out><![CDATA[2023-02-08 23:15:22 - [TEST_CASE][PASSED] - Test Cases/Telerik/onze: Test Cases/Telerik/onze

2023-02-08 23:15:23 - [TEST_STEP][PASSED] - openBrowser(""): Browser is opened with url: ''

2023-02-08 23:15:23 - [MESSAGE][WARNING] - A browser is already opened. Closing browser and opening a new one

2023-02-08 23:15:25 - [MESSAGE][INFO] - Starting 'Chrome' driver

2023-02-08 23:15:25 - [MESSAGE][INFO] - Action delay is set to 0 milliseconds

2023-02-08 23:15:28 - [MESSAGE][PASSED] - Browser is opened with url: ''

2023-02-08 23:15:28 - [TEST_STEP][PASSED] - navigateToUrl("https://www.telerik.com/support/demos"): Navigate to 'https://www.telerik.com/support/demos' successfully

2023-02-08 23:15:34 - [MESSAGE][PASSED] - Navigate to 'https://www.telerik.com/support/demos' successfully]]></system-out>
         <system-err><![CDATA[]]></system-err>
      </testcase>
      <testcase name="Test Cases/Telerik/Open URL" time="10.579" classname="Test Cases/Telerik/Open URL" status="PASSED">
         <system-out><![CDATA[2023-02-08 23:15:34 - [TEST_CASE][PASSED] - Test Cases/Telerik/Open URL: Test Cases/Telerik/Open URL

2023-02-08 23:15:35 - [TEST_STEP][PASSED] - openBrowser(""): Browser is opened with url: ''

2023-02-08 23:15:35 - [MESSAGE][WARNING] - A browser is already opened. Closing browser and opening a new one

2023-02-08 23:15:36 - [MESSAGE][INFO] - Starting 'Chrome' driver

2023-02-08 23:15:36 - [MESSAGE][INFO] - Action delay is set to 0 milliseconds

2023-02-08 23:15:40 - [MESSAGE][PASSED] - Browser is opened with url: ''

2023-02-08 23:15:40 - [TEST_STEP][PASSED] - navigateToUrl("https://www.telerik.com/support/demos"): Navigate to 'https://www.telerik.com/support/demos' successfully

2023-02-08 23:15:45 - [MESSAGE][PASSED] - Navigate to 'https://www.telerik.com/support/demos' successfully]]></system-out>
         <system-err><![CDATA[]]></system-err>
      </testcase>
      <testcase name="Test Cases/Telerik/Platinaline" time="16.267" classname="Test Cases/Telerik/Platinaline" status="PASSED">
         <system-out><![CDATA[2023-02-08 23:15:45 - [TEST_CASE][PASSED] - Test Cases/Telerik/Platinaline: Test Cases/Telerik/Platinaline

2023-02-08 23:15:46 - [TEST_STEP][PASSED] - openBrowser(""): Browser is opened with url: ''

2023-02-08 23:15:46 - [MESSAGE][WARNING] - A browser is already opened. Closing browser and opening a new one

2023-02-08 23:15:47 - [MESSAGE][INFO] - Starting 'Chrome' driver

2023-02-08 23:15:47 - [MESSAGE][INFO] - Action delay is set to 0 milliseconds

2023-02-08 23:15:50 - [MESSAGE][PASSED] - Browser is opened with url: ''

2023-02-08 23:15:50 - [TEST_STEP][PASSED] - navigateToUrl("http://platinaline.com/"): Navigate to 'http://platinaline.com/' successfully

2023-02-08 23:16:01 - [MESSAGE][PASSED] - Navigate to 'http://platinaline.com/' successfully]]></system-out>
         <system-err><![CDATA[]]></system-err>
      </testcase>
      <testcase name="Test Cases/Telerik/Pricing" time="56.719" classname="Test Cases/Telerik/Pricing" status="FAILED">
         <failure type="FAILED" message="Test Cases/Telerik/Pricing FAILED.
Reason:
com.kms.katalon.core.exception.StepFailedException: Unable to click on object 'Object Repository/Pricing/a_Buy now'
	at com.kms.katalon.core.webui.keyword.internal.WebUIKeywordMain.stepFailed(WebUIKeywordMain.groovy:64)
	at com.kms.katalon.core.webui.keyword.internal.WebUIKeywordMain.runKeyword(WebUIKeywordMain.groovy:26)
	at com.kms.katalon.core.webui.keyword.builtin.ClickKeyword.click(ClickKeyword.groovy:74)
	at com.kms.katalon.core.webui.keyword.builtin.ClickKeyword.execute(ClickKeyword.groovy:40)
	at com.kms.katalon.core.keyword.internal.KeywordExecutor.executeKeywordForPlatform(KeywordExecutor.groovy:74)
	at com.kms.katalon.core.webui.keyword.WebUiBuiltInKeywords.click(WebUiBuiltInKeywords.groovy:620)
	at com.kms.katalon.core.webui.keyword.WebUiBuiltInKeywords$click$2.call(Unknown Source)
	at Pricing.run(Pricing:26)
	at com.kms.katalon.core.main.ScriptEngine.run(ScriptEngine.java:194)
	at com.kms.katalon.core.main.ScriptEngine.runScriptAsRawText(ScriptEngine.java:119)
	at com.kms.katalon.core.main.TestCaseExecutor.runScript(TestCaseExecutor.java:448)
	at com.kms.katalon.core.main.TestCaseExecutor.doExecute(TestCaseExecutor.java:439)
	at com.kms.katalon.core.main.TestCaseExecutor.processExecutionPhase(TestCaseExecutor.java:418)
	at com.kms.katalon.core.main.TestCaseExecutor.accessMainPhase(TestCaseExecutor.java:410)
	at com.kms.katalon.core.main.TestCaseExecutor.execute(TestCaseExecutor.java:285)
	at com.kms.katalon.core.common.CommonExecutor.accessTestCaseMainPhase(CommonExecutor.java:65)
	at com.kms.katalon.core.main.TestSuiteExecutor.accessTestSuiteMainPhase(TestSuiteExecutor.java:151)
	at com.kms.katalon.core.main.TestSuiteExecutor.execute(TestSuiteExecutor.java:106)
	at com.kms.katalon.core.main.TestCaseMain.startTestSuite(TestCaseMain.java:185)
	at com.kms.katalon.core.main.TestCaseMain$startTestSuite$0.call(Unknown Source)
	at TempTestSuite1675894057024.run(TempTestSuite1675894057024.groovy:36)
Caused by: org.openqa.selenium.ElementClickInterceptedException: element click intercepted: Element &lt;a data-sf-ec-immutable=&quot;&quot; href=&quot;https://store.progress.com/configure-purchase?skuId=801&quot; class=&quot;Btn Btn--prim4 u-db&quot; data-track-instance=&quot;1&quot;>...&lt;/a> is not clickable at point (348, 653). Other element would receive the click: &lt;p id=&quot;onetrust-policy-text&quot;>...&lt;/p>
  (Session info: chrome=110.0.5481.77)
Build info: version: '3.141.59', revision: 'e82be7d358', time: '2018-11-14T08:25:53'
System info: host: 'DEOLINDO', ip: '192.168.1.171', os.name: 'Windows 10', os.arch: 'amd64', os.version: '10.0', java.version: '1.8.0_282'
Driver info: com.kms.katalon.selenium.driver.CChromeDriver
Capabilities {acceptInsecureCerts: false, browserName: chrome, browserVersion: 110.0.5481.77, chrome: {chromedriverVersion: 110.0.5481.77 (65ed616c6e8e..., userDataDir: C:\Users\Admin\AppData\Loca...}, goog:chromeOptions: {debuggerAddress: localhost:64438}, javascriptEnabled: true, networkConnectionEnabled: false, pageLoadStrategy: normal, platform: WINDOWS, platformName: WINDOWS, proxy: Proxy(), setWindowRect: true, strictFileInteractability: false, timeouts: {implicit: 0, pageLoad: 300000, script: 30000}, unhandledPromptBehavior: dismiss and notify, webauthn:extension:credBlob: true, webauthn:extension:largeBlob: true, webauthn:virtualAuthenticators: true}
Session ID: 094aadc066acf0eaa162d49bd1bd6934
	at org.openqa.selenium.remote.http.W3CHttpResponseCodec.createException(W3CHttpResponseCodec.java:187)
	at org.openqa.selenium.remote.http.W3CHttpResponseCodec.decode(W3CHttpResponseCodec.java:122)
	at org.openqa.selenium.remote.http.W3CHttpResponseCodec.decode(W3CHttpResponseCodec.java:49)
	at org.openqa.selenium.remote.HttpCommandExecutor.execute(HttpCommandExecutor.java:158)
	at org.openqa.selenium.remote.service.DriverCommandExecutor.execute(DriverCommandExecutor.java:83)
	at org.openqa.selenium.remote.RemoteWebDriver.execute(RemoteWebDriver.java:552)
	at com.kms.katalon.selenium.driver.CChromeDriver.execute(CChromeDriver.java:19)
	at org.openqa.selenium.remote.RemoteWebElement.execute(RemoteWebElement.java:285)
	at org.openqa.selenium.remote.RemoteWebElement.click(RemoteWebElement.java:84)
	at org.openqa.selenium.support.events.EventFiringWebDriver$EventFiringWebElement.lambda$new$0(EventFiringWebDriver.java:404)
	at com.sun.proxy.$Proxy11.click(Unknown Source)
	at org.openqa.selenium.support.events.EventFiringWebDriver$EventFiringWebElement.click(EventFiringWebDriver.java:417)
	at org.openqa.selenium.WebElement$click.call(Unknown Source)
	at com.kms.katalon.core.webui.keyword.builtin.ClickKeyword.clickUntilSuccessWithTimeout(ClickKeyword.groovy:81)
	at com.kms.katalon.core.webui.keyword.builtin.ClickKeyword.clickUntilSuccessWithTimeout(ClickKeyword.groovy)
	at com.kms.katalon.core.webui.keyword.builtin.ClickKeyword$_click_closure1.doCall(ClickKeyword.groovy:67)
	at com.kms.katalon.core.webui.keyword.builtin.ClickKeyword$_click_closure1.call(ClickKeyword.groovy)
	at com.kms.katalon.core.webui.keyword.internal.WebUIKeywordMain.runKeyword(WebUIKeywordMain.groovy:20)
	... 19 more
"/>
         <system-out><![CDATA[2023-02-08 23:16:01 - [TEST_CASE][FAILED] - Test Cases/Telerik/Pricing: Test Cases/Telerik/Pricing FAILED.
Reason:
com.kms.katalon.core.exception.StepFailedException: Unable to click on object 'Object Repository/Pricing/a_Buy now'
	at com.kms.katalon.core.webui.keyword.internal.WebUIKeywordMain.stepFailed(WebUIKeywordMain.groovy:64)
	at com.kms.katalon.core.webui.keyword.internal.WebUIKeywordMain.runKeyword(WebUIKeywordMain.groovy:26)
	at com.kms.katalon.core.webui.keyword.builtin.ClickKeyword.click(ClickKeyword.groovy:74)
	at com.kms.katalon.core.webui.keyword.builtin.ClickKeyword.execute(ClickKeyword.groovy:40)
	at com.kms.katalon.core.keyword.internal.KeywordExecutor.executeKeywordForPlatform(KeywordExecutor.groovy:74)
	at com.kms.katalon.core.webui.keyword.WebUiBuiltInKeywords.click(WebUiBuiltInKeywords.groovy:620)
	at com.kms.katalon.core.webui.keyword.WebUiBuiltInKeywords$click$2.call(Unknown Source)
	at Pricing.run(Pricing:26)
	at com.kms.katalon.core.main.ScriptEngine.run(ScriptEngine.java:194)
	at com.kms.katalon.core.main.ScriptEngine.runScriptAsRawText(ScriptEngine.java:119)
	at com.kms.katalon.core.main.TestCaseExecutor.runScript(TestCaseExecutor.java:448)
	at com.kms.katalon.core.main.TestCaseExecutor.doExecute(TestCaseExecutor.java:439)
	at com.kms.katalon.core.main.TestCaseExecutor.processExecutionPhase(TestCaseExecutor.java:418)
	at com.kms.katalon.core.main.TestCaseExecutor.accessMainPhase(TestCaseExecutor.java:410)
	at com.kms.katalon.core.main.TestCaseExecutor.execute(TestCaseExecutor.java:285)
	at com.kms.katalon.core.common.CommonExecutor.accessTestCaseMainPhase(CommonExecutor.java:65)
	at com.kms.katalon.core.main.TestSuiteExecutor.accessTestSuiteMainPhase(TestSuiteExecutor.java:151)
	at com.kms.katalon.core.main.TestSuiteExecutor.execute(TestSuiteExecutor.java:106)
	at com.kms.katalon.core.main.TestCaseMain.startTestSuite(TestCaseMain.java:185)
	at com.kms.katalon.core.main.TestCaseMain$startTestSuite$0.call(Unknown Source)
	at TempTestSuite1675894057024.run(TempTestSuite1675894057024.groovy:36)
Caused by: org.openqa.selenium.ElementClickInterceptedException: element click intercepted: Element <a data-sf-ec-immutable="" href="https://store.progress.com/configure-purchase?skuId=801" class="Btn Btn--prim4 u-db" data-track-instance="1">...</a> is not clickable at point (348, 653). Other element would receive the click: <p id="onetrust-policy-text">...</p>
  (Session info: chrome=110.0.5481.77)
Build info: version: '3.141.59', revision: 'e82be7d358', time: '2018-11-14T08:25:53'
System info: host: 'DEOLINDO', ip: '192.168.1.171', os.name: 'Windows 10', os.arch: 'amd64', os.version: '10.0', java.version: '1.8.0_282'
Driver info: com.kms.katalon.selenium.driver.CChromeDriver
Capabilities {acceptInsecureCerts: false, browserName: chrome, browserVersion: 110.0.5481.77, chrome: {chromedriverVersion: 110.0.5481.77 (65ed616c6e8e..., userDataDir: C:\Users\Admin\AppData\Loca...}, goog:chromeOptions: {debuggerAddress: localhost:64438}, javascriptEnabled: true, networkConnectionEnabled: false, pageLoadStrategy: normal, platform: WINDOWS, platformName: WINDOWS, proxy: Proxy(), setWindowRect: true, strictFileInteractability: false, timeouts: {implicit: 0, pageLoad: 300000, script: 30000}, unhandledPromptBehavior: dismiss and notify, webauthn:extension:credBlob: true, webauthn:extension:largeBlob: true, webauthn:virtualAuthenticators: true}
Session ID: 094aadc066acf0eaa162d49bd1bd6934
	at org.openqa.selenium.remote.http.W3CHttpResponseCodec.createException(W3CHttpResponseCodec.java:187)
	at org.openqa.selenium.remote.http.W3CHttpResponseCodec.decode(W3CHttpResponseCodec.java:122)
	at org.openqa.selenium.remote.http.W3CHttpResponseCodec.decode(W3CHttpResponseCodec.java:49)
	at org.openqa.selenium.remote.HttpCommandExecutor.execute(HttpCommandExecutor.java:158)
	at org.openqa.selenium.remote.service.DriverCommandExecutor.execute(DriverCommandExecutor.java:83)
	at org.openqa.selenium.remote.RemoteWebDriver.execute(RemoteWebDriver.java:552)
	at com.kms.katalon.selenium.driver.CChromeDriver.execute(CChromeDriver.java:19)
	at org.openqa.selenium.remote.RemoteWebElement.execute(RemoteWebElement.java:285)
	at org.openqa.selenium.remote.RemoteWebElement.click(RemoteWebElement.java:84)
	at org.openqa.selenium.support.events.EventFiringWebDriver$EventFiringWebElement.lambda$new$0(EventFiringWebDriver.java:404)
	at com.sun.proxy.$Proxy11.click(Unknown Source)
	at org.openqa.selenium.support.events.EventFiringWebDriver$EventFiringWebElement.click(EventFiringWebDriver.java:417)
	at org.openqa.selenium.WebElement$click.call(Unknown Source)
	at com.kms.katalon.core.webui.keyword.builtin.ClickKeyword.clickUntilSuccessWithTimeout(ClickKeyword.groovy:81)
	at com.kms.katalon.core.webui.keyword.builtin.ClickKeyword.clickUntilSuccessWithTimeout(ClickKeyword.groovy)
	at com.kms.katalon.core.webui.keyword.builtin.ClickKeyword$_click_closure1.doCall(ClickKeyword.groovy:67)
	at com.kms.katalon.core.webui.keyword.builtin.ClickKeyword$_click_closure1.call(ClickKeyword.groovy)
	at com.kms.katalon.core.webui.keyword.internal.WebUIKeywordMain.runKeyword(WebUIKeywordMain.groovy:20)
	... 19 more


2023-02-08 23:16:02 - [TEST_STEP][PASSED] - callTestCase(findTestCase("Telerik/Open URL"), [:], STOP_ON_FAILURE): Call Test Case 'Test Cases/Telerik/Open URL' successfully

2023-02-08 23:16:02 - [TEST_CASE][PASSED] - Test Cases/Telerik/Open URL: Test Cases/Telerik/Open URL

2023-02-08 23:16:02 - [TEST_STEP][PASSED] - openBrowser(""): Browser is opened with url: ''

2023-02-08 23:16:02 - [MESSAGE][WARNING] - A browser is already opened. Closing browser and opening a new one

2023-02-08 23:16:04 - [MESSAGE][INFO] - Starting 'Chrome' driver

2023-02-08 23:16:04 - [MESSAGE][INFO] - Action delay is set to 0 milliseconds

2023-02-08 23:16:08 - [MESSAGE][PASSED] - Browser is opened with url: ''

2023-02-08 23:16:08 - [TEST_STEP][PASSED] - navigateToUrl("https://www.telerik.com/support/demos"): Navigate to 'https://www.telerik.com/support/demos' successfully

2023-02-08 23:16:14 - [MESSAGE][PASSED] - Navigate to 'https://www.telerik.com/support/demos' successfully

2023-02-08 23:16:14 - [MESSAGE][PASSED] - Call Test Case 'Test Cases/Telerik/Open URL' successfully

2023-02-08 23:16:14 - [TEST_STEP][PASSED] - click(findTestObject("Object Repository/Pricing/button_Get A Free Trial_js-tlrk-nav-drawer-button")): Object: 'Object Repository/Pricing/button_Get A Free Trial_js-tlrk-nav-drawer-button' is clicked on

2023-02-08 23:16:15 - [MESSAGE][PASSED] - Object: 'Object Repository/Pricing/button_Get A Free Trial_js-tlrk-nav-drawer-button' is clicked on

2023-02-08 23:16:15 - [TEST_STEP][PASSED] - click(findTestObject("Object Repository/Pricing/a_Pricing")): Object: 'Object Repository/Pricing/a_Pricing' is clicked on

2023-02-08 23:16:21 - [MESSAGE][PASSED] - Object: 'Object Repository/Pricing/a_Pricing' is clicked on

2023-02-08 23:16:21 - [TEST_STEP][FAILED] - click(findTestObject("Object Repository/Pricing/a_Buy now")): Unable to click on object 'Object Repository/Pricing/a_Buy now' (Root cause: com.kms.katalon.core.exception.StepFailedException: Unable to click on object 'Object Repository/Pricing/a_Buy now'
	at com.kms.katalon.core.webui.keyword.internal.WebUIKeywordMain.stepFailed(WebUIKeywordMain.groovy:64)
	at com.kms.katalon.core.webui.keyword.internal.WebUIKeywordMain.runKeyword(WebUIKeywordMain.groovy:26)
	at com.kms.katalon.core.webui.keyword.builtin.ClickKeyword.click(ClickKeyword.groovy:74)
	at com.kms.katalon.core.webui.keyword.builtin.ClickKeyword.execute(ClickKeyword.groovy:40)
	at com.kms.katalon.core.keyword.internal.KeywordExecutor.executeKeywordForPlatform(KeywordExecutor.groovy:74)
	at com.kms.katalon.core.webui.keyword.WebUiBuiltInKeywords.click(WebUiBuiltInKeywords.groovy:620)
	at com.kms.katalon.core.webui.keyword.WebUiBuiltInKeywords$click$2.call(Unknown Source)
	at Pricing.run(Pricing:26)
	at com.kms.katalon.core.main.ScriptEngine.run(ScriptEngine.java:194)
	at com.kms.katalon.core.main.ScriptEngine.runScriptAsRawText(ScriptEngine.java:119)
	at com.kms.katalon.core.main.TestCaseExecutor.runScript(TestCaseExecutor.java:448)
	at com.kms.katalon.core.main.TestCaseExecutor.doExecute(TestCaseExecutor.java:439)
	at com.kms.katalon.core.main.TestCaseExecutor.processExecutionPhase(TestCaseExecutor.java:418)
	at com.kms.katalon.core.main.TestCaseExecutor.accessMainPhase(TestCaseExecutor.java:410)
	at com.kms.katalon.core.main.TestCaseExecutor.execute(TestCaseExecutor.java:285)
	at com.kms.katalon.core.common.CommonExecutor.accessTestCaseMainPhase(CommonExecutor.java:65)
	at com.kms.katalon.core.main.TestSuiteExecutor.accessTestSuiteMainPhase(TestSuiteExecutor.java:151)
	at com.kms.katalon.core.main.TestSuiteExecutor.execute(TestSuiteExecutor.java:106)
	at com.kms.katalon.core.main.TestCaseMain.startTestSuite(TestCaseMain.java:185)
	at com.kms.katalon.core.main.TestCaseMain$startTestSuite$0.call(Unknown Source)
	at TempTestSuite1675894057024.run(TempTestSuite1675894057024.groovy:36)
Caused by: org.openqa.selenium.ElementClickInterceptedException: element click intercepted: Element <a data-sf-ec-immutable="" href="https://store.progress.com/configure-purchase?skuId=801" class="Btn Btn--prim4 u-db" data-track-instance="1">...</a> is not clickable at point (348, 653). Other element would receive the click: <p id="onetrust-policy-text">...</p>
  (Session info: chrome=110.0.5481.77)
Build info: version: '3.141.59', revision: 'e82be7d358', time: '2018-11-14T08:25:53'
System info: host: 'DEOLINDO', ip: '192.168.1.171', os.name: 'Windows 10', os.arch: 'amd64', os.version: '10.0', java.version: '1.8.0_282'
Driver info: com.kms.katalon.selenium.driver.CChromeDriver
Capabilities {acceptInsecureCerts: false, browserName: chrome, browserVersion: 110.0.5481.77, chrome: {chromedriverVersion: 110.0.5481.77 (65ed616c6e8e..., userDataDir: C:\Users\Admin\AppData\Loca...}, goog:chromeOptions: {debuggerAddress: localhost:64438}, javascriptEnabled: true, networkConnectionEnabled: false, pageLoadStrategy: normal, platform: WINDOWS, platformName: WINDOWS, proxy: Proxy(), setWindowRect: true, strictFileInteractability: false, timeouts: {implicit: 0, pageLoad: 300000, script: 30000}, unhandledPromptBehavior: dismiss and notify, webauthn:extension:credBlob: true, webauthn:extension:largeBlob: true, webauthn:virtualAuthenticators: true}
Session ID: 094aadc066acf0eaa162d49bd1bd6934
	at org.openqa.selenium.remote.http.W3CHttpResponseCodec.createException(W3CHttpResponseCodec.java:187)
	at org.openqa.selenium.remote.http.W3CHttpResponseCodec.decode(W3CHttpResponseCodec.java:122)
	at org.openqa.selenium.remote.http.W3CHttpResponseCodec.decode(W3CHttpResponseCodec.java:49)
	at org.openqa.selenium.remote.HttpCommandExecutor.execute(HttpCommandExecutor.java:158)
	at org.openqa.selenium.remote.service.DriverCommandExecutor.execute(DriverCommandExecutor.java:83)
	at org.openqa.selenium.remote.RemoteWebDriver.execute(RemoteWebDriver.java:552)
	at com.kms.katalon.selenium.driver.CChromeDriver.execute(CChromeDriver.java:19)
	at org.openqa.selenium.remote.RemoteWebElement.execute(RemoteWebElement.java:285)
	at org.openqa.selenium.remote.RemoteWebElement.click(RemoteWebElement.java:84)
	at org.openqa.selenium.support.events.EventFiringWebDriver$EventFiringWebElement.lambda$new$0(EventFiringWebDriver.java:404)
	at com.sun.proxy.$Proxy11.click(Unknown Source)
	at org.openqa.selenium.support.events.EventFiringWebDriver$EventFiringWebElement.click(EventFiringWebDriver.java:417)
	at org.openqa.selenium.WebElement$click.call(Unknown Source)
	at com.kms.katalon.core.webui.keyword.builtin.ClickKeyword.clickUntilSuccessWithTimeout(ClickKeyword.groovy:81)
	at com.kms.katalon.core.webui.keyword.builtin.ClickKeyword.clickUntilSuccessWithTimeout(ClickKeyword.groovy)
	at com.kms.katalon.core.webui.keyword.builtin.ClickKeyword$_click_closure1.doCall(ClickKeyword.groovy:67)
	at com.kms.katalon.core.webui.keyword.builtin.ClickKeyword$_click_closure1.call(ClickKeyword.groovy)
	at com.kms.katalon.core.webui.keyword.internal.WebUIKeywordMain.runKeyword(WebUIKeywordMain.groovy:20)
	at com.kms.katalon.core.webui.keyword.builtin.ClickKeyword.click(ClickKeyword.groovy:74)
	at com.kms.katalon.core.webui.keyword.builtin.ClickKeyword.execute(ClickKeyword.groovy:40)
	at com.kms.katalon.core.keyword.internal.KeywordExecutor.executeKeywordForPlatform(KeywordExecutor.groovy:74)
	at com.kms.katalon.core.webui.keyword.WebUiBuiltInKeywords.click(WebUiBuiltInKeywords.groovy:620)
	at com.kms.katalon.core.webui.keyword.WebUiBuiltInKeywords$click$2.call(Unknown Source)
	at Script1675177343779.run(Script1675177343779.groovy:26)
	... 13 more
)

2023-02-08 23:16:58 - [MESSAGE][FAILED] - Unable to click on object 'Object Repository/Pricing/a_Buy now' (Root cause: com.kms.katalon.core.exception.StepFailedException: Unable to click on object 'Object Repository/Pricing/a_Buy now'
	at com.kms.katalon.core.webui.keyword.internal.WebUIKeywordMain.stepFailed(WebUIKeywordMain.groovy:64)
	at com.kms.katalon.core.webui.keyword.internal.WebUIKeywordMain.runKeyword(WebUIKeywordMain.groovy:26)
	at com.kms.katalon.core.webui.keyword.builtin.ClickKeyword.click(ClickKeyword.groovy:74)
	at com.kms.katalon.core.webui.keyword.builtin.ClickKeyword.execute(ClickKeyword.groovy:40)
	at com.kms.katalon.core.keyword.internal.KeywordExecutor.executeKeywordForPlatform(KeywordExecutor.groovy:74)
	at com.kms.katalon.core.webui.keyword.WebUiBuiltInKeywords.click(WebUiBuiltInKeywords.groovy:620)
	at com.kms.katalon.core.webui.keyword.WebUiBuiltInKeywords$click$2.call(Unknown Source)
	at Pricing.run(Pricing:26)
	at com.kms.katalon.core.main.ScriptEngine.run(ScriptEngine.java:194)
	at com.kms.katalon.core.main.ScriptEngine.runScriptAsRawText(ScriptEngine.java:119)
	at com.kms.katalon.core.main.TestCaseExecutor.runScript(TestCaseExecutor.java:448)
	at com.kms.katalon.core.main.TestCaseExecutor.doExecute(TestCaseExecutor.java:439)
	at com.kms.katalon.core.main.TestCaseExecutor.processExecutionPhase(TestCaseExecutor.java:418)
	at com.kms.katalon.core.main.TestCaseExecutor.accessMainPhase(TestCaseExecutor.java:410)
	at com.kms.katalon.core.main.TestCaseExecutor.execute(TestCaseExecutor.java:285)
	at com.kms.katalon.core.common.CommonExecutor.accessTestCaseMainPhase(CommonExecutor.java:65)
	at com.kms.katalon.core.main.TestSuiteExecutor.accessTestSuiteMainPhase(TestSuiteExecutor.java:151)
	at com.kms.katalon.core.main.TestSuiteExecutor.execute(TestSuiteExecutor.java:106)
	at com.kms.katalon.core.main.TestCaseMain.startTestSuite(TestCaseMain.java:185)
	at com.kms.katalon.core.main.TestCaseMain$startTestSuite$0.call(Unknown Source)
	at TempTestSuite1675894057024.run(TempTestSuite1675894057024.groovy:36)
Caused by: org.openqa.selenium.ElementClickInterceptedException: element click intercepted: Element <a data-sf-ec-immutable="" href="https://store.progress.com/configure-purchase?skuId=801" class="Btn Btn--prim4 u-db" data-track-instance="1">...</a> is not clickable at point (348, 653). Other element would receive the click: <p id="onetrust-policy-text">...</p>
  (Session info: chrome=110.0.5481.77)
Build info: version: '3.141.59', revision: 'e82be7d358', time: '2018-11-14T08:25:53'
System info: host: 'DEOLINDO', ip: '192.168.1.171', os.name: 'Windows 10', os.arch: 'amd64', os.version: '10.0', java.version: '1.8.0_282'
Driver info: com.kms.katalon.selenium.driver.CChromeDriver
Capabilities {acceptInsecureCerts: false, browserName: chrome, browserVersion: 110.0.5481.77, chrome: {chromedriverVersion: 110.0.5481.77 (65ed616c6e8e..., userDataDir: C:\Users\Admin\AppData\Loca...}, goog:chromeOptions: {debuggerAddress: localhost:64438}, javascriptEnabled: true, networkConnectionEnabled: false, pageLoadStrategy: normal, platform: WINDOWS, platformName: WINDOWS, proxy: Proxy(), setWindowRect: true, strictFileInteractability: false, timeouts: {implicit: 0, pageLoad: 300000, script: 30000}, unhandledPromptBehavior: dismiss and notify, webauthn:extension:credBlob: true, webauthn:extension:largeBlob: true, webauthn:virtualAuthenticators: true}
Session ID: 094aadc066acf0eaa162d49bd1bd6934
	at org.openqa.selenium.remote.http.W3CHttpResponseCodec.createException(W3CHttpResponseCodec.java:187)
	at org.openqa.selenium.remote.http.W3CHttpResponseCodec.decode(W3CHttpResponseCodec.java:122)
	at org.openqa.selenium.remote.http.W3CHttpResponseCodec.decode(W3CHttpResponseCodec.java:49)
	at org.openqa.selenium.remote.HttpCommandExecutor.execute(HttpCommandExecutor.java:158)
	at org.openqa.selenium.remote.service.DriverCommandExecutor.execute(DriverCommandExecutor.java:83)
	at org.openqa.selenium.remote.RemoteWebDriver.execute(RemoteWebDriver.java:552)
	at com.kms.katalon.selenium.driver.CChromeDriver.execute(CChromeDriver.java:19)
	at org.openqa.selenium.remote.RemoteWebElement.execute(RemoteWebElement.java:285)
	at org.openqa.selenium.remote.RemoteWebElement.click(RemoteWebElement.java:84)
	at org.openqa.selenium.support.events.EventFiringWebDriver$EventFiringWebElement.lambda$new$0(EventFiringWebDriver.java:404)
	at com.sun.proxy.$Proxy11.click(Unknown Source)
	at org.openqa.selenium.support.events.EventFiringWebDriver$EventFiringWebElement.click(EventFiringWebDriver.java:417)
	at org.openqa.selenium.WebElement$click.call(Unknown Source)
	at com.kms.katalon.core.webui.keyword.builtin.ClickKeyword.clickUntilSuccessWithTimeout(ClickKeyword.groovy:81)
	at com.kms.katalon.core.webui.keyword.builtin.ClickKeyword.clickUntilSuccessWithTimeout(ClickKeyword.groovy)
	at com.kms.katalon.core.webui.keyword.builtin.ClickKeyword$_click_closure1.doCall(ClickKeyword.groovy:67)
	at com.kms.katalon.core.webui.keyword.builtin.ClickKeyword$_click_closure1.call(ClickKeyword.groovy)
	at com.kms.katalon.core.webui.keyword.internal.WebUIKeywordMain.runKeyword(WebUIKeywordMain.groovy:20)
	at com.kms.katalon.core.webui.keyword.builtin.ClickKeyword.click(ClickKeyword.groovy:74)
	at com.kms.katalon.core.webui.keyword.builtin.ClickKeyword.execute(ClickKeyword.groovy:40)
	at com.kms.katalon.core.keyword.internal.KeywordExecutor.executeKeywordForPlatform(KeywordExecutor.groovy:74)
	at com.kms.katalon.core.webui.keyword.WebUiBuiltInKeywords.click(WebUiBuiltInKeywords.groovy:620)
	at com.kms.katalon.core.webui.keyword.WebUiBuiltInKeywords$click$2.call(Unknown Source)
	at Script1675177343779.run(Script1675177343779.groovy:26)
	... 13 more
)
[[ATTACHMENT|C:\\Users\\Admin\\Katalon Studio\\katalon-practice (1)\\Reports\\20230208_230653\\Telerik\\20230208_230737\\1675894618298.png]]]]></system-out>
         <system-err><![CDATA[2023-02-08 23:16:01 - [TEST_CASE][FAILED] - Test Cases/Telerik/Pricing: Test Cases/Telerik/Pricing FAILED.
Reason:
com.kms.katalon.core.exception.StepFailedException: Unable to click on object 'Object Repository/Pricing/a_Buy now'
	at com.kms.katalon.core.webui.keyword.internal.WebUIKeywordMain.stepFailed(WebUIKeywordMain.groovy:64)
	at com.kms.katalon.core.webui.keyword.internal.WebUIKeywordMain.runKeyword(WebUIKeywordMain.groovy:26)
	at com.kms.katalon.core.webui.keyword.builtin.ClickKeyword.click(ClickKeyword.groovy:74)
	at com.kms.katalon.core.webui.keyword.builtin.ClickKeyword.execute(ClickKeyword.groovy:40)
	at com.kms.katalon.core.keyword.internal.KeywordExecutor.executeKeywordForPlatform(KeywordExecutor.groovy:74)
	at com.kms.katalon.core.webui.keyword.WebUiBuiltInKeywords.click(WebUiBuiltInKeywords.groovy:620)
	at com.kms.katalon.core.webui.keyword.WebUiBuiltInKeywords$click$2.call(Unknown Source)
	at Pricing.run(Pricing:26)
	at com.kms.katalon.core.main.ScriptEngine.run(ScriptEngine.java:194)
	at com.kms.katalon.core.main.ScriptEngine.runScriptAsRawText(ScriptEngine.java:119)
	at com.kms.katalon.core.main.TestCaseExecutor.runScript(TestCaseExecutor.java:448)
	at com.kms.katalon.core.main.TestCaseExecutor.doExecute(TestCaseExecutor.java:439)
	at com.kms.katalon.core.main.TestCaseExecutor.processExecutionPhase(TestCaseExecutor.java:418)
	at com.kms.katalon.core.main.TestCaseExecutor.accessMainPhase(TestCaseExecutor.java:410)
	at com.kms.katalon.core.main.TestCaseExecutor.execute(TestCaseExecutor.java:285)
	at com.kms.katalon.core.common.CommonExecutor.accessTestCaseMainPhase(CommonExecutor.java:65)
	at com.kms.katalon.core.main.TestSuiteExecutor.accessTestSuiteMainPhase(TestSuiteExecutor.java:151)
	at com.kms.katalon.core.main.TestSuiteExecutor.execute(TestSuiteExecutor.java:106)
	at com.kms.katalon.core.main.TestCaseMain.startTestSuite(TestCaseMain.java:185)
	at com.kms.katalon.core.main.TestCaseMain$startTestSuite$0.call(Unknown Source)
	at TempTestSuite1675894057024.run(TempTestSuite1675894057024.groovy:36)
Caused by: org.openqa.selenium.ElementClickInterceptedException: element click intercepted: Element <a data-sf-ec-immutable="" href="https://store.progress.com/configure-purchase?skuId=801" class="Btn Btn--prim4 u-db" data-track-instance="1">...</a> is not clickable at point (348, 653). Other element would receive the click: <p id="onetrust-policy-text">...</p>
  (Session info: chrome=110.0.5481.77)
Build info: version: '3.141.59', revision: 'e82be7d358', time: '2018-11-14T08:25:53'
System info: host: 'DEOLINDO', ip: '192.168.1.171', os.name: 'Windows 10', os.arch: 'amd64', os.version: '10.0', java.version: '1.8.0_282'
Driver info: com.kms.katalon.selenium.driver.CChromeDriver
Capabilities {acceptInsecureCerts: false, browserName: chrome, browserVersion: 110.0.5481.77, chrome: {chromedriverVersion: 110.0.5481.77 (65ed616c6e8e..., userDataDir: C:\Users\Admin\AppData\Loca...}, goog:chromeOptions: {debuggerAddress: localhost:64438}, javascriptEnabled: true, networkConnectionEnabled: false, pageLoadStrategy: normal, platform: WINDOWS, platformName: WINDOWS, proxy: Proxy(), setWindowRect: true, strictFileInteractability: false, timeouts: {implicit: 0, pageLoad: 300000, script: 30000}, unhandledPromptBehavior: dismiss and notify, webauthn:extension:credBlob: true, webauthn:extension:largeBlob: true, webauthn:virtualAuthenticators: true}
Session ID: 094aadc066acf0eaa162d49bd1bd6934
	at org.openqa.selenium.remote.http.W3CHttpResponseCodec.createException(W3CHttpResponseCodec.java:187)
	at org.openqa.selenium.remote.http.W3CHttpResponseCodec.decode(W3CHttpResponseCodec.java:122)
	at org.openqa.selenium.remote.http.W3CHttpResponseCodec.decode(W3CHttpResponseCodec.java:49)
	at org.openqa.selenium.remote.HttpCommandExecutor.execute(HttpCommandExecutor.java:158)
	at org.openqa.selenium.remote.service.DriverCommandExecutor.execute(DriverCommandExecutor.java:83)
	at org.openqa.selenium.remote.RemoteWebDriver.execute(RemoteWebDriver.java:552)
	at com.kms.katalon.selenium.driver.CChromeDriver.execute(CChromeDriver.java:19)
	at org.openqa.selenium.remote.RemoteWebElement.execute(RemoteWebElement.java:285)
	at org.openqa.selenium.remote.RemoteWebElement.click(RemoteWebElement.java:84)
	at org.openqa.selenium.support.events.EventFiringWebDriver$EventFiringWebElement.lambda$new$0(EventFiringWebDriver.java:404)
	at com.sun.proxy.$Proxy11.click(Unknown Source)
	at org.openqa.selenium.support.events.EventFiringWebDriver$EventFiringWebElement.click(EventFiringWebDriver.java:417)
	at org.openqa.selenium.WebElement$click.call(Unknown Source)
	at com.kms.katalon.core.webui.keyword.builtin.ClickKeyword.clickUntilSuccessWithTimeout(ClickKeyword.groovy:81)
	at com.kms.katalon.core.webui.keyword.builtin.ClickKeyword.clickUntilSuccessWithTimeout(ClickKeyword.groovy)
	at com.kms.katalon.core.webui.keyword.builtin.ClickKeyword$_click_closure1.doCall(ClickKeyword.groovy:67)
	at com.kms.katalon.core.webui.keyword.builtin.ClickKeyword$_click_closure1.call(ClickKeyword.groovy)
	at com.kms.katalon.core.webui.keyword.internal.WebUIKeywordMain.runKeyword(WebUIKeywordMain.groovy:20)
	... 19 more]]></system-err>
      </testcase>
      <testcase name="Test Cases/Telerik/quinze" time="10.687" classname="Test Cases/Telerik/quinze" status="PASSED">
         <system-out><![CDATA[2023-02-08 23:16:58 - [TEST_CASE][PASSED] - Test Cases/Telerik/quinze: Test Cases/Telerik/quinze

2023-02-08 23:16:58 - [TEST_STEP][PASSED] - openBrowser(""): Browser is opened with url: ''

2023-02-08 23:16:58 - [MESSAGE][WARNING] - A browser is already opened. Closing browser and opening a new one

2023-02-08 23:17:00 - [MESSAGE][INFO] - Starting 'Chrome' driver

2023-02-08 23:17:00 - [MESSAGE][INFO] - Action delay is set to 0 milliseconds

2023-02-08 23:17:03 - [MESSAGE][PASSED] - Browser is opened with url: ''

2023-02-08 23:17:03 - [TEST_STEP][PASSED] - navigateToUrl("https://www.telerik.com/support/demos"): Navigate to 'https://www.telerik.com/support/demos' successfully

2023-02-08 23:17:09 - [MESSAGE][PASSED] - Navigate to 'https://www.telerik.com/support/demos' successfully]]></system-out>
         <system-err><![CDATA[]]></system-err>
      </testcase>
      <testcase name="Test Cases/Telerik/seis" time="11.682" classname="Test Cases/Telerik/seis" status="PASSED">
         <system-out><![CDATA[2023-02-08 23:17:09 - [TEST_CASE][PASSED] - Test Cases/Telerik/seis: Test Cases/Telerik/seis

2023-02-08 23:17:09 - [TEST_STEP][PASSED] - openBrowser(""): Browser is opened with url: ''

2023-02-08 23:17:09 - [MESSAGE][WARNING] - A browser is already opened. Closing browser and opening a new one

2023-02-08 23:17:11 - [MESSAGE][INFO] - Starting 'Chrome' driver

2023-02-08 23:17:11 - [MESSAGE][INFO] - Action delay is set to 0 milliseconds

2023-02-08 23:17:15 - [MESSAGE][PASSED] - Browser is opened with url: ''

2023-02-08 23:17:15 - [TEST_STEP][PASSED] - navigateToUrl("https://www.telerik.com/support/demos"): Navigate to 'https://www.telerik.com/support/demos' successfully

2023-02-08 23:17:20 - [MESSAGE][PASSED] - Navigate to 'https://www.telerik.com/support/demos' successfully]]></system-out>
         <system-err><![CDATA[]]></system-err>
      </testcase>
      <testcase name="Test Cases/Telerik/Services" time="14.318" classname="Test Cases/Telerik/Services" status="FAILED">
         <failure type="FAILED" message="Test Cases/Telerik/Services FAILED.
Reason:
com.kms.katalon.core.exception.StepFailedException: Unable to click on object 'Object Repository/Telerik/Services/a_Services'
	at com.kms.katalon.core.webui.keyword.internal.WebUIKeywordMain.stepFailed(WebUIKeywordMain.groovy:64)
	at com.kms.katalon.core.webui.keyword.internal.WebUIKeywordMain.runKeyword(WebUIKeywordMain.groovy:26)
	at com.kms.katalon.core.webui.keyword.builtin.ClickKeyword.click(ClickKeyword.groovy:74)
	at com.kms.katalon.core.webui.keyword.builtin.ClickKeyword.execute(ClickKeyword.groovy:40)
	at com.kms.katalon.core.keyword.internal.KeywordExecutor.executeKeywordForPlatform(KeywordExecutor.groovy:74)
	at com.kms.katalon.core.webui.keyword.WebUiBuiltInKeywords.click(WebUiBuiltInKeywords.groovy:620)
	at com.kms.katalon.core.webui.keyword.WebUiBuiltInKeywords$click$2.call(Unknown Source)
	at Services.run(Services:22)
	at com.kms.katalon.core.main.ScriptEngine.run(ScriptEngine.java:194)
	at com.kms.katalon.core.main.ScriptEngine.runScriptAsRawText(ScriptEngine.java:119)
	at com.kms.katalon.core.main.TestCaseExecutor.runScript(TestCaseExecutor.java:448)
	at com.kms.katalon.core.main.TestCaseExecutor.doExecute(TestCaseExecutor.java:439)
	at com.kms.katalon.core.main.TestCaseExecutor.processExecutionPhase(TestCaseExecutor.java:418)
	at com.kms.katalon.core.main.TestCaseExecutor.accessMainPhase(TestCaseExecutor.java:410)
	at com.kms.katalon.core.main.TestCaseExecutor.execute(TestCaseExecutor.java:285)
	at com.kms.katalon.core.common.CommonExecutor.accessTestCaseMainPhase(CommonExecutor.java:65)
	at com.kms.katalon.core.main.TestSuiteExecutor.accessTestSuiteMainPhase(TestSuiteExecutor.java:151)
	at com.kms.katalon.core.main.TestSuiteExecutor.execute(TestSuiteExecutor.java:106)
	at com.kms.katalon.core.main.TestCaseMain.startTestSuite(TestCaseMain.java:185)
	at com.kms.katalon.core.main.TestCaseMain$startTestSuite$0.call(Unknown Source)
	at TempTestSuite1675894057024.run(TempTestSuite1675894057024.groovy:36)
Caused by: org.openqa.selenium.ElementNotInteractableException: element not interactable
  (Session info: chrome=110.0.5481.77)
Build info: version: '3.141.59', revision: 'e82be7d358', time: '2018-11-14T08:25:53'
System info: host: 'DEOLINDO', ip: '192.168.1.171', os.name: 'Windows 10', os.arch: 'amd64', os.version: '10.0', java.version: '1.8.0_282'
Driver info: com.kms.katalon.selenium.driver.CChromeDriver
Capabilities {acceptInsecureCerts: false, browserName: chrome, browserVersion: 110.0.5481.77, chrome: {chromedriverVersion: 110.0.5481.77 (65ed616c6e8e..., userDataDir: C:\Users\Admin\AppData\Loca...}, goog:chromeOptions: {debuggerAddress: localhost:64654}, javascriptEnabled: true, networkConnectionEnabled: false, pageLoadStrategy: normal, platform: WINDOWS, platformName: WINDOWS, proxy: Proxy(), setWindowRect: true, strictFileInteractability: false, timeouts: {implicit: 0, pageLoad: 300000, script: 30000}, unhandledPromptBehavior: dismiss and notify, webauthn:extension:credBlob: true, webauthn:extension:largeBlob: true, webauthn:virtualAuthenticators: true}
Session ID: 8668c26287102423b7e908a152e255e3
	at org.openqa.selenium.remote.http.W3CHttpResponseCodec.createException(W3CHttpResponseCodec.java:187)
	at org.openqa.selenium.remote.http.W3CHttpResponseCodec.decode(W3CHttpResponseCodec.java:122)
	at org.openqa.selenium.remote.http.W3CHttpResponseCodec.decode(W3CHttpResponseCodec.java:49)
	at org.openqa.selenium.remote.HttpCommandExecutor.execute(HttpCommandExecutor.java:158)
	at org.openqa.selenium.remote.service.DriverCommandExecutor.execute(DriverCommandExecutor.java:83)
	at org.openqa.selenium.remote.RemoteWebDriver.execute(RemoteWebDriver.java:552)
	at com.kms.katalon.selenium.driver.CChromeDriver.execute(CChromeDriver.java:19)
	at org.openqa.selenium.remote.RemoteWebElement.execute(RemoteWebElement.java:285)
	at org.openqa.selenium.remote.RemoteWebElement.click(RemoteWebElement.java:84)
	at org.openqa.selenium.support.events.EventFiringWebDriver$EventFiringWebElement.lambda$new$0(EventFiringWebDriver.java:404)
	at com.sun.proxy.$Proxy11.click(Unknown Source)
	at org.openqa.selenium.support.events.EventFiringWebDriver$EventFiringWebElement.click(EventFiringWebDriver.java:417)
	at org.openqa.selenium.WebElement$click.call(Unknown Source)
	at com.kms.katalon.core.webui.keyword.builtin.ClickKeyword.clickUntilSuccessWithTimeout(ClickKeyword.groovy:81)
	at com.kms.katalon.core.webui.keyword.builtin.ClickKeyword.clickUntilSuccessWithTimeout(ClickKeyword.groovy)
	at com.kms.katalon.core.webui.keyword.builtin.ClickKeyword$_click_closure1.doCall(ClickKeyword.groovy:67)
	at com.kms.katalon.core.webui.keyword.builtin.ClickKeyword$_click_closure1.call(ClickKeyword.groovy)
	at com.kms.katalon.core.webui.keyword.internal.WebUIKeywordMain.runKeyword(WebUIKeywordMain.groovy:20)
	... 19 more
"/>
         <system-out><![CDATA[2023-02-08 23:17:20 - [TEST_CASE][FAILED] - Test Cases/Telerik/Services: Test Cases/Telerik/Services FAILED.
Reason:
com.kms.katalon.core.exception.StepFailedException: Unable to click on object 'Object Repository/Telerik/Services/a_Services'
	at com.kms.katalon.core.webui.keyword.internal.WebUIKeywordMain.stepFailed(WebUIKeywordMain.groovy:64)
	at com.kms.katalon.core.webui.keyword.internal.WebUIKeywordMain.runKeyword(WebUIKeywordMain.groovy:26)
	at com.kms.katalon.core.webui.keyword.builtin.ClickKeyword.click(ClickKeyword.groovy:74)
	at com.kms.katalon.core.webui.keyword.builtin.ClickKeyword.execute(ClickKeyword.groovy:40)
	at com.kms.katalon.core.keyword.internal.KeywordExecutor.executeKeywordForPlatform(KeywordExecutor.groovy:74)
	at com.kms.katalon.core.webui.keyword.WebUiBuiltInKeywords.click(WebUiBuiltInKeywords.groovy:620)
	at com.kms.katalon.core.webui.keyword.WebUiBuiltInKeywords$click$2.call(Unknown Source)
	at Services.run(Services:22)
	at com.kms.katalon.core.main.ScriptEngine.run(ScriptEngine.java:194)
	at com.kms.katalon.core.main.ScriptEngine.runScriptAsRawText(ScriptEngine.java:119)
	at com.kms.katalon.core.main.TestCaseExecutor.runScript(TestCaseExecutor.java:448)
	at com.kms.katalon.core.main.TestCaseExecutor.doExecute(TestCaseExecutor.java:439)
	at com.kms.katalon.core.main.TestCaseExecutor.processExecutionPhase(TestCaseExecutor.java:418)
	at com.kms.katalon.core.main.TestCaseExecutor.accessMainPhase(TestCaseExecutor.java:410)
	at com.kms.katalon.core.main.TestCaseExecutor.execute(TestCaseExecutor.java:285)
	at com.kms.katalon.core.common.CommonExecutor.accessTestCaseMainPhase(CommonExecutor.java:65)
	at com.kms.katalon.core.main.TestSuiteExecutor.accessTestSuiteMainPhase(TestSuiteExecutor.java:151)
	at com.kms.katalon.core.main.TestSuiteExecutor.execute(TestSuiteExecutor.java:106)
	at com.kms.katalon.core.main.TestCaseMain.startTestSuite(TestCaseMain.java:185)
	at com.kms.katalon.core.main.TestCaseMain$startTestSuite$0.call(Unknown Source)
	at TempTestSuite1675894057024.run(TempTestSuite1675894057024.groovy:36)
Caused by: org.openqa.selenium.ElementNotInteractableException: element not interactable
  (Session info: chrome=110.0.5481.77)
Build info: version: '3.141.59', revision: 'e82be7d358', time: '2018-11-14T08:25:53'
System info: host: 'DEOLINDO', ip: '192.168.1.171', os.name: 'Windows 10', os.arch: 'amd64', os.version: '10.0', java.version: '1.8.0_282'
Driver info: com.kms.katalon.selenium.driver.CChromeDriver
Capabilities {acceptInsecureCerts: false, browserName: chrome, browserVersion: 110.0.5481.77, chrome: {chromedriverVersion: 110.0.5481.77 (65ed616c6e8e..., userDataDir: C:\Users\Admin\AppData\Loca...}, goog:chromeOptions: {debuggerAddress: localhost:64654}, javascriptEnabled: true, networkConnectionEnabled: false, pageLoadStrategy: normal, platform: WINDOWS, platformName: WINDOWS, proxy: Proxy(), setWindowRect: true, strictFileInteractability: false, timeouts: {implicit: 0, pageLoad: 300000, script: 30000}, unhandledPromptBehavior: dismiss and notify, webauthn:extension:credBlob: true, webauthn:extension:largeBlob: true, webauthn:virtualAuthenticators: true}
Session ID: 8668c26287102423b7e908a152e255e3
	at org.openqa.selenium.remote.http.W3CHttpResponseCodec.createException(W3CHttpResponseCodec.java:187)
	at org.openqa.selenium.remote.http.W3CHttpResponseCodec.decode(W3CHttpResponseCodec.java:122)
	at org.openqa.selenium.remote.http.W3CHttpResponseCodec.decode(W3CHttpResponseCodec.java:49)
	at org.openqa.selenium.remote.HttpCommandExecutor.execute(HttpCommandExecutor.java:158)
	at org.openqa.selenium.remote.service.DriverCommandExecutor.execute(DriverCommandExecutor.java:83)
	at org.openqa.selenium.remote.RemoteWebDriver.execute(RemoteWebDriver.java:552)
	at com.kms.katalon.selenium.driver.CChromeDriver.execute(CChromeDriver.java:19)
	at org.openqa.selenium.remote.RemoteWebElement.execute(RemoteWebElement.java:285)
	at org.openqa.selenium.remote.RemoteWebElement.click(RemoteWebElement.java:84)
	at org.openqa.selenium.support.events.EventFiringWebDriver$EventFiringWebElement.lambda$new$0(EventFiringWebDriver.java:404)
	at com.sun.proxy.$Proxy11.click(Unknown Source)
	at org.openqa.selenium.support.events.EventFiringWebDriver$EventFiringWebElement.click(EventFiringWebDriver.java:417)
	at org.openqa.selenium.WebElement$click.call(Unknown Source)
	at com.kms.katalon.core.webui.keyword.builtin.ClickKeyword.clickUntilSuccessWithTimeout(ClickKeyword.groovy:81)
	at com.kms.katalon.core.webui.keyword.builtin.ClickKeyword.clickUntilSuccessWithTimeout(ClickKeyword.groovy)
	at com.kms.katalon.core.webui.keyword.builtin.ClickKeyword$_click_closure1.doCall(ClickKeyword.groovy:67)
	at com.kms.katalon.core.webui.keyword.builtin.ClickKeyword$_click_closure1.call(ClickKeyword.groovy)
	at com.kms.katalon.core.webui.keyword.internal.WebUIKeywordMain.runKeyword(WebUIKeywordMain.groovy:20)
	... 19 more


2023-02-08 23:17:21 - [TEST_STEP][PASSED] - callTestCase(findTestCase("Telerik/Open URL"), [:], STOP_ON_FAILURE): Call Test Case 'Test Cases/Telerik/Open URL' successfully

2023-02-08 23:17:21 - [TEST_CASE][PASSED] - Test Cases/Telerik/Open URL: Test Cases/Telerik/Open URL

2023-02-08 23:17:21 - [TEST_STEP][PASSED] - openBrowser(""): Browser is opened with url: ''

2023-02-08 23:17:21 - [MESSAGE][WARNING] - A browser is already opened. Closing browser and opening a new one

2023-02-08 23:17:23 - [MESSAGE][INFO] - Starting 'Chrome' driver

2023-02-08 23:17:23 - [MESSAGE][INFO] - Action delay is set to 0 milliseconds

2023-02-08 23:17:26 - [MESSAGE][PASSED] - Browser is opened with url: ''

2023-02-08 23:17:26 - [TEST_STEP][PASSED] - navigateToUrl("https://www.telerik.com/support/demos"): Navigate to 'https://www.telerik.com/support/demos' successfully

2023-02-08 23:17:33 - [MESSAGE][PASSED] - Navigate to 'https://www.telerik.com/support/demos' successfully

2023-02-08 23:17:33 - [MESSAGE][PASSED] - Call Test Case 'Test Cases/Telerik/Open URL' successfully

2023-02-08 23:17:33 - [TEST_STEP][FAILED] - click(findTestObject("Object Repository/Telerik/Services/a_Services")): Unable to click on object 'Object Repository/Telerik/Services/a_Services' (Root cause: com.kms.katalon.core.exception.StepFailedException: Unable to click on object 'Object Repository/Telerik/Services/a_Services'
	at com.kms.katalon.core.webui.keyword.internal.WebUIKeywordMain.stepFailed(WebUIKeywordMain.groovy:64)
	at com.kms.katalon.core.webui.keyword.internal.WebUIKeywordMain.runKeyword(WebUIKeywordMain.groovy:26)
	at com.kms.katalon.core.webui.keyword.builtin.ClickKeyword.click(ClickKeyword.groovy:74)
	at com.kms.katalon.core.webui.keyword.builtin.ClickKeyword.execute(ClickKeyword.groovy:40)
	at com.kms.katalon.core.keyword.internal.KeywordExecutor.executeKeywordForPlatform(KeywordExecutor.groovy:74)
	at com.kms.katalon.core.webui.keyword.WebUiBuiltInKeywords.click(WebUiBuiltInKeywords.groovy:620)
	at com.kms.katalon.core.webui.keyword.WebUiBuiltInKeywords$click$2.call(Unknown Source)
	at Services.run(Services:22)
	at com.kms.katalon.core.main.ScriptEngine.run(ScriptEngine.java:194)
	at com.kms.katalon.core.main.ScriptEngine.runScriptAsRawText(ScriptEngine.java:119)
	at com.kms.katalon.core.main.TestCaseExecutor.runScript(TestCaseExecutor.java:448)
	at com.kms.katalon.core.main.TestCaseExecutor.doExecute(TestCaseExecutor.java:439)
	at com.kms.katalon.core.main.TestCaseExecutor.processExecutionPhase(TestCaseExecutor.java:418)
	at com.kms.katalon.core.main.TestCaseExecutor.accessMainPhase(TestCaseExecutor.java:410)
	at com.kms.katalon.core.main.TestCaseExecutor.execute(TestCaseExecutor.java:285)
	at com.kms.katalon.core.common.CommonExecutor.accessTestCaseMainPhase(CommonExecutor.java:65)
	at com.kms.katalon.core.main.TestSuiteExecutor.accessTestSuiteMainPhase(TestSuiteExecutor.java:151)
	at com.kms.katalon.core.main.TestSuiteExecutor.execute(TestSuiteExecutor.java:106)
	at com.kms.katalon.core.main.TestCaseMain.startTestSuite(TestCaseMain.java:185)
	at com.kms.katalon.core.main.TestCaseMain$startTestSuite$0.call(Unknown Source)
	at TempTestSuite1675894057024.run(TempTestSuite1675894057024.groovy:36)
Caused by: org.openqa.selenium.ElementNotInteractableException: element not interactable
  (Session info: chrome=110.0.5481.77)
Build info: version: '3.141.59', revision: 'e82be7d358', time: '2018-11-14T08:25:53'
System info: host: 'DEOLINDO', ip: '192.168.1.171', os.name: 'Windows 10', os.arch: 'amd64', os.version: '10.0', java.version: '1.8.0_282'
Driver info: com.kms.katalon.selenium.driver.CChromeDriver
Capabilities {acceptInsecureCerts: false, browserName: chrome, browserVersion: 110.0.5481.77, chrome: {chromedriverVersion: 110.0.5481.77 (65ed616c6e8e..., userDataDir: C:\Users\Admin\AppData\Loca...}, goog:chromeOptions: {debuggerAddress: localhost:64654}, javascriptEnabled: true, networkConnectionEnabled: false, pageLoadStrategy: normal, platform: WINDOWS, platformName: WINDOWS, proxy: Proxy(), setWindowRect: true, strictFileInteractability: false, timeouts: {implicit: 0, pageLoad: 300000, script: 30000}, unhandledPromptBehavior: dismiss and notify, webauthn:extension:credBlob: true, webauthn:extension:largeBlob: true, webauthn:virtualAuthenticators: true}
Session ID: 8668c26287102423b7e908a152e255e3
	at org.openqa.selenium.remote.http.W3CHttpResponseCodec.createException(W3CHttpResponseCodec.java:187)
	at org.openqa.selenium.remote.http.W3CHttpResponseCodec.decode(W3CHttpResponseCodec.java:122)
	at org.openqa.selenium.remote.http.W3CHttpResponseCodec.decode(W3CHttpResponseCodec.java:49)
	at org.openqa.selenium.remote.HttpCommandExecutor.execute(HttpCommandExecutor.java:158)
	at org.openqa.selenium.remote.service.DriverCommandExecutor.execute(DriverCommandExecutor.java:83)
	at org.openqa.selenium.remote.RemoteWebDriver.execute(RemoteWebDriver.java:552)
	at com.kms.katalon.selenium.driver.CChromeDriver.execute(CChromeDriver.java:19)
	at org.openqa.selenium.remote.RemoteWebElement.execute(RemoteWebElement.java:285)
	at org.openqa.selenium.remote.RemoteWebElement.click(RemoteWebElement.java:84)
	at org.openqa.selenium.support.events.EventFiringWebDriver$EventFiringWebElement.lambda$new$0(EventFiringWebDriver.java:404)
	at com.sun.proxy.$Proxy11.click(Unknown Source)
	at org.openqa.selenium.support.events.EventFiringWebDriver$EventFiringWebElement.click(EventFiringWebDriver.java:417)
	at org.openqa.selenium.WebElement$click.call(Unknown Source)
	at com.kms.katalon.core.webui.keyword.builtin.ClickKeyword.clickUntilSuccessWithTimeout(ClickKeyword.groovy:81)
	at com.kms.katalon.core.webui.keyword.builtin.ClickKeyword.clickUntilSuccessWithTimeout(ClickKeyword.groovy)
	at com.kms.katalon.core.webui.keyword.builtin.ClickKeyword$_click_closure1.doCall(ClickKeyword.groovy:67)
	at com.kms.katalon.core.webui.keyword.builtin.ClickKeyword$_click_closure1.call(ClickKeyword.groovy)
	at com.kms.katalon.core.webui.keyword.internal.WebUIKeywordMain.runKeyword(WebUIKeywordMain.groovy:20)
	at com.kms.katalon.core.webui.keyword.builtin.ClickKeyword.click(ClickKeyword.groovy:74)
	at com.kms.katalon.core.webui.keyword.builtin.ClickKeyword.execute(ClickKeyword.groovy:40)
	at com.kms.katalon.core.keyword.internal.KeywordExecutor.executeKeywordForPlatform(KeywordExecutor.groovy:74)
	at com.kms.katalon.core.webui.keyword.WebUiBuiltInKeywords.click(WebUiBuiltInKeywords.groovy:620)
	at com.kms.katalon.core.webui.keyword.WebUiBuiltInKeywords$click$2.call(Unknown Source)
	at Script1675176501854.run(Script1675176501854.groovy:22)
	... 13 more
)

2023-02-08 23:17:35 - [MESSAGE][FAILED] - Unable to click on object 'Object Repository/Telerik/Services/a_Services' (Root cause: com.kms.katalon.core.exception.StepFailedException: Unable to click on object 'Object Repository/Telerik/Services/a_Services'
	at com.kms.katalon.core.webui.keyword.internal.WebUIKeywordMain.stepFailed(WebUIKeywordMain.groovy:64)
	at com.kms.katalon.core.webui.keyword.internal.WebUIKeywordMain.runKeyword(WebUIKeywordMain.groovy:26)
	at com.kms.katalon.core.webui.keyword.builtin.ClickKeyword.click(ClickKeyword.groovy:74)
	at com.kms.katalon.core.webui.keyword.builtin.ClickKeyword.execute(ClickKeyword.groovy:40)
	at com.kms.katalon.core.keyword.internal.KeywordExecutor.executeKeywordForPlatform(KeywordExecutor.groovy:74)
	at com.kms.katalon.core.webui.keyword.WebUiBuiltInKeywords.click(WebUiBuiltInKeywords.groovy:620)
	at com.kms.katalon.core.webui.keyword.WebUiBuiltInKeywords$click$2.call(Unknown Source)
	at Services.run(Services:22)
	at com.kms.katalon.core.main.ScriptEngine.run(ScriptEngine.java:194)
	at com.kms.katalon.core.main.ScriptEngine.runScriptAsRawText(ScriptEngine.java:119)
	at com.kms.katalon.core.main.TestCaseExecutor.runScript(TestCaseExecutor.java:448)
	at com.kms.katalon.core.main.TestCaseExecutor.doExecute(TestCaseExecutor.java:439)
	at com.kms.katalon.core.main.TestCaseExecutor.processExecutionPhase(TestCaseExecutor.java:418)
	at com.kms.katalon.core.main.TestCaseExecutor.accessMainPhase(TestCaseExecutor.java:410)
	at com.kms.katalon.core.main.TestCaseExecutor.execute(TestCaseExecutor.java:285)
	at com.kms.katalon.core.common.CommonExecutor.accessTestCaseMainPhase(CommonExecutor.java:65)
	at com.kms.katalon.core.main.TestSuiteExecutor.accessTestSuiteMainPhase(TestSuiteExecutor.java:151)
	at com.kms.katalon.core.main.TestSuiteExecutor.execute(TestSuiteExecutor.java:106)
	at com.kms.katalon.core.main.TestCaseMain.startTestSuite(TestCaseMain.java:185)
	at com.kms.katalon.core.main.TestCaseMain$startTestSuite$0.call(Unknown Source)
	at TempTestSuite1675894057024.run(TempTestSuite1675894057024.groovy:36)
Caused by: org.openqa.selenium.ElementNotInteractableException: element not interactable
  (Session info: chrome=110.0.5481.77)
Build info: version: '3.141.59', revision: 'e82be7d358', time: '2018-11-14T08:25:53'
System info: host: 'DEOLINDO', ip: '192.168.1.171', os.name: 'Windows 10', os.arch: 'amd64', os.version: '10.0', java.version: '1.8.0_282'
Driver info: com.kms.katalon.selenium.driver.CChromeDriver
Capabilities {acceptInsecureCerts: false, browserName: chrome, browserVersion: 110.0.5481.77, chrome: {chromedriverVersion: 110.0.5481.77 (65ed616c6e8e..., userDataDir: C:\Users\Admin\AppData\Loca...}, goog:chromeOptions: {debuggerAddress: localhost:64654}, javascriptEnabled: true, networkConnectionEnabled: false, pageLoadStrategy: normal, platform: WINDOWS, platformName: WINDOWS, proxy: Proxy(), setWindowRect: true, strictFileInteractability: false, timeouts: {implicit: 0, pageLoad: 300000, script: 30000}, unhandledPromptBehavior: dismiss and notify, webauthn:extension:credBlob: true, webauthn:extension:largeBlob: true, webauthn:virtualAuthenticators: true}
Session ID: 8668c26287102423b7e908a152e255e3
	at org.openqa.selenium.remote.http.W3CHttpResponseCodec.createException(W3CHttpResponseCodec.java:187)
	at org.openqa.selenium.remote.http.W3CHttpResponseCodec.decode(W3CHttpResponseCodec.java:122)
	at org.openqa.selenium.remote.http.W3CHttpResponseCodec.decode(W3CHttpResponseCodec.java:49)
	at org.openqa.selenium.remote.HttpCommandExecutor.execute(HttpCommandExecutor.java:158)
	at org.openqa.selenium.remote.service.DriverCommandExecutor.execute(DriverCommandExecutor.java:83)
	at org.openqa.selenium.remote.RemoteWebDriver.execute(RemoteWebDriver.java:552)
	at com.kms.katalon.selenium.driver.CChromeDriver.execute(CChromeDriver.java:19)
	at org.openqa.selenium.remote.RemoteWebElement.execute(RemoteWebElement.java:285)
	at org.openqa.selenium.remote.RemoteWebElement.click(RemoteWebElement.java:84)
	at org.openqa.selenium.support.events.EventFiringWebDriver$EventFiringWebElement.lambda$new$0(EventFiringWebDriver.java:404)
	at com.sun.proxy.$Proxy11.click(Unknown Source)
	at org.openqa.selenium.support.events.EventFiringWebDriver$EventFiringWebElement.click(EventFiringWebDriver.java:417)
	at org.openqa.selenium.WebElement$click.call(Unknown Source)
	at com.kms.katalon.core.webui.keyword.builtin.ClickKeyword.clickUntilSuccessWithTimeout(ClickKeyword.groovy:81)
	at com.kms.katalon.core.webui.keyword.builtin.ClickKeyword.clickUntilSuccessWithTimeout(ClickKeyword.groovy)
	at com.kms.katalon.core.webui.keyword.builtin.ClickKeyword$_click_closure1.doCall(ClickKeyword.groovy:67)
	at com.kms.katalon.core.webui.keyword.builtin.ClickKeyword$_click_closure1.call(ClickKeyword.groovy)
	at com.kms.katalon.core.webui.keyword.internal.WebUIKeywordMain.runKeyword(WebUIKeywordMain.groovy:20)
	at com.kms.katalon.core.webui.keyword.builtin.ClickKeyword.click(ClickKeyword.groovy:74)
	at com.kms.katalon.core.webui.keyword.builtin.ClickKeyword.execute(ClickKeyword.groovy:40)
	at com.kms.katalon.core.keyword.internal.KeywordExecutor.executeKeywordForPlatform(KeywordExecutor.groovy:74)
	at com.kms.katalon.core.webui.keyword.WebUiBuiltInKeywords.click(WebUiBuiltInKeywords.groovy:620)
	at com.kms.katalon.core.webui.keyword.WebUiBuiltInKeywords$click$2.call(Unknown Source)
	at Script1675176501854.run(Script1675176501854.groovy:22)
	... 13 more
)
[[ATTACHMENT|C:\\Users\\Admin\\Katalon Studio\\katalon-practice (1)\\Reports\\20230208_230653\\Telerik\\20230208_230737\\1675894654928.png]]]]></system-out>
         <system-err><![CDATA[2023-02-08 23:17:20 - [TEST_CASE][FAILED] - Test Cases/Telerik/Services: Test Cases/Telerik/Services FAILED.
Reason:
com.kms.katalon.core.exception.StepFailedException: Unable to click on object 'Object Repository/Telerik/Services/a_Services'
	at com.kms.katalon.core.webui.keyword.internal.WebUIKeywordMain.stepFailed(WebUIKeywordMain.groovy:64)
	at com.kms.katalon.core.webui.keyword.internal.WebUIKeywordMain.runKeyword(WebUIKeywordMain.groovy:26)
	at com.kms.katalon.core.webui.keyword.builtin.ClickKeyword.click(ClickKeyword.groovy:74)
	at com.kms.katalon.core.webui.keyword.builtin.ClickKeyword.execute(ClickKeyword.groovy:40)
	at com.kms.katalon.core.keyword.internal.KeywordExecutor.executeKeywordForPlatform(KeywordExecutor.groovy:74)
	at com.kms.katalon.core.webui.keyword.WebUiBuiltInKeywords.click(WebUiBuiltInKeywords.groovy:620)
	at com.kms.katalon.core.webui.keyword.WebUiBuiltInKeywords$click$2.call(Unknown Source)
	at Services.run(Services:22)
	at com.kms.katalon.core.main.ScriptEngine.run(ScriptEngine.java:194)
	at com.kms.katalon.core.main.ScriptEngine.runScriptAsRawText(ScriptEngine.java:119)
	at com.kms.katalon.core.main.TestCaseExecutor.runScript(TestCaseExecutor.java:448)
	at com.kms.katalon.core.main.TestCaseExecutor.doExecute(TestCaseExecutor.java:439)
	at com.kms.katalon.core.main.TestCaseExecutor.processExecutionPhase(TestCaseExecutor.java:418)
	at com.kms.katalon.core.main.TestCaseExecutor.accessMainPhase(TestCaseExecutor.java:410)
	at com.kms.katalon.core.main.TestCaseExecutor.execute(TestCaseExecutor.java:285)
	at com.kms.katalon.core.common.CommonExecutor.accessTestCaseMainPhase(CommonExecutor.java:65)
	at com.kms.katalon.core.main.TestSuiteExecutor.accessTestSuiteMainPhase(TestSuiteExecutor.java:151)
	at com.kms.katalon.core.main.TestSuiteExecutor.execute(TestSuiteExecutor.java:106)
	at com.kms.katalon.core.main.TestCaseMain.startTestSuite(TestCaseMain.java:185)
	at com.kms.katalon.core.main.TestCaseMain$startTestSuite$0.call(Unknown Source)
	at TempTestSuite1675894057024.run(TempTestSuite1675894057024.groovy:36)
Caused by: org.openqa.selenium.ElementNotInteractableException: element not interactable
  (Session info: chrome=110.0.5481.77)
Build info: version: '3.141.59', revision: 'e82be7d358', time: '2018-11-14T08:25:53'
System info: host: 'DEOLINDO', ip: '192.168.1.171', os.name: 'Windows 10', os.arch: 'amd64', os.version: '10.0', java.version: '1.8.0_282'
Driver info: com.kms.katalon.selenium.driver.CChromeDriver
Capabilities {acceptInsecureCerts: false, browserName: chrome, browserVersion: 110.0.5481.77, chrome: {chromedriverVersion: 110.0.5481.77 (65ed616c6e8e..., userDataDir: C:\Users\Admin\AppData\Loca...}, goog:chromeOptions: {debuggerAddress: localhost:64654}, javascriptEnabled: true, networkConnectionEnabled: false, pageLoadStrategy: normal, platform: WINDOWS, platformName: WINDOWS, proxy: Proxy(), setWindowRect: true, strictFileInteractability: false, timeouts: {implicit: 0, pageLoad: 300000, script: 30000}, unhandledPromptBehavior: dismiss and notify, webauthn:extension:credBlob: true, webauthn:extension:largeBlob: true, webauthn:virtualAuthenticators: true}
Session ID: 8668c26287102423b7e908a152e255e3
	at org.openqa.selenium.remote.http.W3CHttpResponseCodec.createException(W3CHttpResponseCodec.java:187)
	at org.openqa.selenium.remote.http.W3CHttpResponseCodec.decode(W3CHttpResponseCodec.java:122)
	at org.openqa.selenium.remote.http.W3CHttpResponseCodec.decode(W3CHttpResponseCodec.java:49)
	at org.openqa.selenium.remote.HttpCommandExecutor.execute(HttpCommandExecutor.java:158)
	at org.openqa.selenium.remote.service.DriverCommandExecutor.execute(DriverCommandExecutor.java:83)
	at org.openqa.selenium.remote.RemoteWebDriver.execute(RemoteWebDriver.java:552)
	at com.kms.katalon.selenium.driver.CChromeDriver.execute(CChromeDriver.java:19)
	at org.openqa.selenium.remote.RemoteWebElement.execute(RemoteWebElement.java:285)
	at org.openqa.selenium.remote.RemoteWebElement.click(RemoteWebElement.java:84)
	at org.openqa.selenium.support.events.EventFiringWebDriver$EventFiringWebElement.lambda$new$0(EventFiringWebDriver.java:404)
	at com.sun.proxy.$Proxy11.click(Unknown Source)
	at org.openqa.selenium.support.events.EventFiringWebDriver$EventFiringWebElement.click(EventFiringWebDriver.java:417)
	at org.openqa.selenium.WebElement$click.call(Unknown Source)
	at com.kms.katalon.core.webui.keyword.builtin.ClickKeyword.clickUntilSuccessWithTimeout(ClickKeyword.groovy:81)
	at com.kms.katalon.core.webui.keyword.builtin.ClickKeyword.clickUntilSuccessWithTimeout(ClickKeyword.groovy)
	at com.kms.katalon.core.webui.keyword.builtin.ClickKeyword$_click_closure1.doCall(ClickKeyword.groovy:67)
	at com.kms.katalon.core.webui.keyword.builtin.ClickKeyword$_click_closure1.call(ClickKeyword.groovy)
	at com.kms.katalon.core.webui.keyword.internal.WebUIKeywordMain.runKeyword(WebUIKeywordMain.groovy:20)
	... 19 more]]></system-err>
      </testcase>
      <testcase name="Test Cases/Telerik/sete" time="11.624" classname="Test Cases/Telerik/sete" status="PASSED">
         <system-out><![CDATA[2023-02-08 23:17:35 - [TEST_CASE][PASSED] - Test Cases/Telerik/sete: Test Cases/Telerik/sete

2023-02-08 23:17:36 - [TEST_STEP][PASSED] - openBrowser(""): Browser is opened with url: ''

2023-02-08 23:17:36 - [MESSAGE][WARNING] - A browser is already opened. Closing browser and opening a new one

2023-02-08 23:17:37 - [MESSAGE][INFO] - Starting 'Chrome' driver

2023-02-08 23:17:37 - [MESSAGE][INFO] - Action delay is set to 0 milliseconds

2023-02-08 23:17:41 - [MESSAGE][PASSED] - Browser is opened with url: ''

2023-02-08 23:17:41 - [TEST_STEP][PASSED] - navigateToUrl("https://www.telerik.com/support/demos"): Navigate to 'https://www.telerik.com/support/demos' successfully

2023-02-08 23:17:46 - [MESSAGE][PASSED] - Navigate to 'https://www.telerik.com/support/demos' successfully]]></system-out>
         <system-err><![CDATA[]]></system-err>
      </testcase>
      <testcase name="Test Cases/Telerik/tres" time="12.794" classname="Test Cases/Telerik/tres" status="PASSED">
         <system-out><![CDATA[2023-02-08 23:17:46 - [TEST_CASE][PASSED] - Test Cases/Telerik/tres: Test Cases/Telerik/tres

2023-02-08 23:17:47 - [TEST_STEP][PASSED] - openBrowser(""): Browser is opened with url: ''

2023-02-08 23:17:47 - [MESSAGE][WARNING] - A browser is already opened. Closing browser and opening a new one

2023-02-08 23:17:48 - [MESSAGE][INFO] - Starting 'Chrome' driver

2023-02-08 23:17:48 - [MESSAGE][INFO] - Action delay is set to 0 milliseconds

2023-02-08 23:17:52 - [MESSAGE][PASSED] - Browser is opened with url: ''

2023-02-08 23:17:52 - [TEST_STEP][PASSED] - navigateToUrl("https://www.telerik.com/support/demos"): Navigate to 'https://www.telerik.com/support/demos' successfully

2023-02-08 23:17:59 - [MESSAGE][PASSED] - Navigate to 'https://www.telerik.com/support/demos' successfully]]></system-out>
         <system-err><![CDATA[]]></system-err>
      </testcase>
      <testcase name="Test Cases/Telerik/treze" time="11.456" classname="Test Cases/Telerik/treze" status="PASSED">
         <system-out><![CDATA[2023-02-08 23:17:59 - [TEST_CASE][PASSED] - Test Cases/Telerik/treze: Test Cases/Telerik/treze

2023-02-08 23:18:00 - [TEST_STEP][PASSED] - openBrowser(""): Browser is opened with url: ''

2023-02-08 23:18:00 - [MESSAGE][WARNING] - A browser is already opened. Closing browser and opening a new one

2023-02-08 23:18:01 - [MESSAGE][INFO] - Starting 'Chrome' driver

2023-02-08 23:18:01 - [MESSAGE][INFO] - Action delay is set to 0 milliseconds

2023-02-08 23:18:05 - [MESSAGE][PASSED] - Browser is opened with url: ''

2023-02-08 23:18:05 - [TEST_STEP][PASSED] - navigateToUrl("https://www.telerik.com/support/demos"): Navigate to 'https://www.telerik.com/support/demos' successfully

2023-02-08 23:18:11 - [MESSAGE][PASSED] - Navigate to 'https://www.telerik.com/support/demos' successfully]]></system-out>
         <system-err><![CDATA[]]></system-err>
      </testcase>
      <testcase name="Test Cases/Telerik/um" time="11.739" classname="Test Cases/Telerik/um" status="PASSED">
         <system-out><![CDATA[2023-02-08 23:18:11 - [TEST_CASE][PASSED] - Test Cases/Telerik/um: Test Cases/Telerik/um

2023-02-08 23:18:11 - [TEST_STEP][PASSED] - openBrowser(""): Browser is opened with url: ''

2023-02-08 23:18:11 - [MESSAGE][WARNING] - A browser is already opened. Closing browser and opening a new one

2023-02-08 23:18:13 - [MESSAGE][INFO] - Starting 'Chrome' driver

2023-02-08 23:18:13 - [MESSAGE][INFO] - Action delay is set to 0 milliseconds

2023-02-08 23:18:16 - [MESSAGE][PASSED] - Browser is opened with url: ''

2023-02-08 23:18:16 - [TEST_STEP][PASSED] - navigateToUrl("https://www.telerik.com/support/demos"): Navigate to 'https://www.telerik.com/support/demos' successfully

2023-02-08 23:18:22 - [MESSAGE][PASSED] - Navigate to 'https://www.telerik.com/support/demos' successfully]]></system-out>
         <system-err><![CDATA[]]></system-err>
      </testcase>
      <system-out><![CDATA[2023-02-08 23:08:15 - [TEST_SUITE][FAILED] - Telerik: Test Cases/Telerik/Docs and Support FAILED.
Reason:
com.kms.katalon.core.exception.StepFailedException: Unable to click on object 'Object Repository/Telerik/Docs and Support/a_Sitefinity'
	at com.kms.katalon.core.webui.keyword.internal.WebUIKeywordMain.stepFailed(WebUIKeywordMain.groovy:64)
	at com.kms.katalon.core.webui.keyword.internal.WebUIKeywordMain.runKeyword(WebUIKeywordMain.groovy:26)
	at com.kms.katalon.core.webui.keyword.builtin.ClickKeyword.click(ClickKeyword.groovy:74)
	at com.kms.katalon.core.webui.keyword.builtin.ClickKeyword.execute(ClickKeyword.groovy:40)
	at com.kms.katalon.core.keyword.internal.KeywordExecutor.executeKeywordForPlatform(KeywordExecutor.groovy:74)
	at com.kms.katalon.core.webui.keyword.WebUiBuiltInKeywords.click(WebUiBuiltInKeywords.groovy:620)
	at com.kms.katalon.core.webui.keyword.WebUiBuiltInKeywords$click$2.call(Unknown Source)
	at Docs and Support.run(Docs and Support:27)
	at com.kms.katalon.core.main.ScriptEngine.run(ScriptEngine.java:194)
	at com.kms.katalon.core.main.ScriptEngine.runScriptAsRawText(ScriptEngine.java:119)
	at com.kms.katalon.core.main.TestCaseExecutor.runScript(TestCaseExecutor.java:448)
	at com.kms.katalon.core.main.TestCaseExecutor.doExecute(TestCaseExecutor.java:439)
	at com.kms.katalon.core.main.TestCaseExecutor.processExecutionPhase(TestCaseExecutor.java:418)
	at com.kms.katalon.core.main.TestCaseExecutor.accessMainPhase(TestCaseExecutor.java:410)
	at com.kms.katalon.core.main.TestCaseExecutor.execute(TestCaseExecutor.java:285)
	at com.kms.katalon.core.common.CommonExecutor.accessTestCaseMainPhase(CommonExecutor.java:65)
	at com.kms.katalon.core.main.TestSuiteExecutor.accessTestSuiteMainPhase(TestSuiteExecutor.java:151)
	at com.kms.katalon.core.main.TestSuiteExecutor.execute(TestSuiteExecutor.java:106)
	at com.kms.katalon.core.main.TestCaseMain.startTestSuite(TestCaseMain.java:185)
	at com.kms.katalon.core.main.TestCaseMain$startTestSuite$0.call(Unknown Source)
	at TempTestSuite1675894057024.run(TempTestSuite1675894057024.groovy:36)
Caused by: org.openqa.selenium.ElementClickInterceptedException: element click intercepted: Element <a href="/support/sitefinity" data-sf-ec-immutable="">...</a> is not clickable at point (608, 697). Other element would receive the click: <div id="onetrust-banner-sdk" class="otFlat bottom ot-wo-title vertical-align-content" tabindex="0" style="bottom: 0px;">...</div>
  (Session info: chrome=110.0.5481.77)
Build info: version: '3.141.59', revision: 'e82be7d358', time: '2018-11-14T08:25:53'
System info: host: 'DEOLINDO', ip: '192.168.1.171', os.name: 'Windows 10', os.arch: 'amd64', os.version: '10.0', java.version: '1.8.0_282'
Driver info: com.kms.katalon.selenium.driver.CChromeDriver
Capabilities {acceptInsecureCerts: false, browserName: chrome, browserVersion: 110.0.5481.77, chrome: {chromedriverVersion: 110.0.5481.77 (65ed616c6e8e..., userDataDir: C:\Users\Admin\AppData\Loca...}, goog:chromeOptions: {debuggerAddress: localhost:63800}, javascriptEnabled: true, networkConnectionEnabled: false, pageLoadStrategy: normal, platform: WINDOWS, platformName: WINDOWS, proxy: Proxy(), setWindowRect: true, strictFileInteractability: false, timeouts: {implicit: 0, pageLoad: 300000, script: 30000}, unhandledPromptBehavior: dismiss and notify, webauthn:extension:credBlob: true, webauthn:extension:largeBlob: true, webauthn:virtualAuthenticators: true}
Session ID: e26b74e1c6dc32ac6a5ec3c833ceebfd
	at org.openqa.selenium.remote.http.W3CHttpResponseCodec.createException(W3CHttpResponseCodec.java:187)
	at org.openqa.selenium.remote.http.W3CHttpResponseCodec.decode(W3CHttpResponseCodec.java:122)
	at org.openqa.selenium.remote.http.W3CHttpResponseCodec.decode(W3CHttpResponseCodec.java:49)
	at org.openqa.selenium.remote.HttpCommandExecutor.execute(HttpCommandExecutor.java:158)
	at org.openqa.selenium.remote.service.DriverCommandExecutor.execute(DriverCommandExecutor.java:83)
	at org.openqa.selenium.remote.RemoteWebDriver.execute(RemoteWebDriver.java:552)
	at com.kms.katalon.selenium.driver.CChromeDriver.execute(CChromeDriver.java:19)
	at org.openqa.selenium.remote.RemoteWebElement.execute(RemoteWebElement.java:285)
	at org.openqa.selenium.remote.RemoteWebElement.click(RemoteWebElement.java:84)
	at org.openqa.selenium.support.events.EventFiringWebDriver$EventFiringWebElement.lambda$new$0(EventFiringWebDriver.java:404)
	at com.sun.proxy.$Proxy11.click(Unknown Source)
	at org.openqa.selenium.support.events.EventFiringWebDriver$EventFiringWebElement.click(EventFiringWebDriver.java:417)
	at org.openqa.selenium.WebElement$click.call(Unknown Source)
	at com.kms.katalon.core.webui.keyword.builtin.ClickKeyword.clickUntilSuccessWithTimeout(ClickKeyword.groovy:81)
	at com.kms.katalon.core.webui.keyword.builtin.ClickKeyword.clickUntilSuccessWithTimeout(ClickKeyword.groovy)
	at com.kms.katalon.core.webui.keyword.builtin.ClickKeyword$_click_closure1.doCall(ClickKeyword.groovy:67)
	at com.kms.katalon.core.webui.keyword.builtin.ClickKeyword$_click_closure1.call(ClickKeyword.groovy)
	at com.kms.katalon.core.webui.keyword.internal.WebUIKeywordMain.runKeyword(WebUIKeywordMain.groovy:20)
	... 19 more]]></system-out>
      <system-err><![CDATA[2023-02-08 23:08:15 - [TEST_SUITE][FAILED] - Telerik: Test Cases/Telerik/Docs and Support FAILED.
Reason:
com.kms.katalon.core.exception.StepFailedException: Unable to click on object 'Object Repository/Telerik/Docs and Support/a_Sitefinity'
	at com.kms.katalon.core.webui.keyword.internal.WebUIKeywordMain.stepFailed(WebUIKeywordMain.groovy:64)
	at com.kms.katalon.core.webui.keyword.internal.WebUIKeywordMain.runKeyword(WebUIKeywordMain.groovy:26)
	at com.kms.katalon.core.webui.keyword.builtin.ClickKeyword.click(ClickKeyword.groovy:74)
	at com.kms.katalon.core.webui.keyword.builtin.ClickKeyword.execute(ClickKeyword.groovy:40)
	at com.kms.katalon.core.keyword.internal.KeywordExecutor.executeKeywordForPlatform(KeywordExecutor.groovy:74)
	at com.kms.katalon.core.webui.keyword.WebUiBuiltInKeywords.click(WebUiBuiltInKeywords.groovy:620)
	at com.kms.katalon.core.webui.keyword.WebUiBuiltInKeywords$click$2.call(Unknown Source)
	at Docs and Support.run(Docs and Support:27)
	at com.kms.katalon.core.main.ScriptEngine.run(ScriptEngine.java:194)
	at com.kms.katalon.core.main.ScriptEngine.runScriptAsRawText(ScriptEngine.java:119)
	at com.kms.katalon.core.main.TestCaseExecutor.runScript(TestCaseExecutor.java:448)
	at com.kms.katalon.core.main.TestCaseExecutor.doExecute(TestCaseExecutor.java:439)
	at com.kms.katalon.core.main.TestCaseExecutor.processExecutionPhase(TestCaseExecutor.java:418)
	at com.kms.katalon.core.main.TestCaseExecutor.accessMainPhase(TestCaseExecutor.java:410)
	at com.kms.katalon.core.main.TestCaseExecutor.execute(TestCaseExecutor.java:285)
	at com.kms.katalon.core.common.CommonExecutor.accessTestCaseMainPhase(CommonExecutor.java:65)
	at com.kms.katalon.core.main.TestSuiteExecutor.accessTestSuiteMainPhase(TestSuiteExecutor.java:151)
	at com.kms.katalon.core.main.TestSuiteExecutor.execute(TestSuiteExecutor.java:106)
	at com.kms.katalon.core.main.TestCaseMain.startTestSuite(TestCaseMain.java:185)
	at com.kms.katalon.core.main.TestCaseMain$startTestSuite$0.call(Unknown Source)
	at TempTestSuite1675894057024.run(TempTestSuite1675894057024.groovy:36)
Caused by: org.openqa.selenium.ElementClickInterceptedException: element click intercepted: Element <a href="/support/sitefinity" data-sf-ec-immutable="">...</a> is not clickable at point (608, 697). Other element would receive the click: <div id="onetrust-banner-sdk" class="otFlat bottom ot-wo-title vertical-align-content" tabindex="0" style="bottom: 0px;">...</div>
  (Session info: chrome=110.0.5481.77)
Build info: version: '3.141.59', revision: 'e82be7d358', time: '2018-11-14T08:25:53'
System info: host: 'DEOLINDO', ip: '192.168.1.171', os.name: 'Windows 10', os.arch: 'amd64', os.version: '10.0', java.version: '1.8.0_282'
Driver info: com.kms.katalon.selenium.driver.CChromeDriver
Capabilities {acceptInsecureCerts: false, browserName: chrome, browserVersion: 110.0.5481.77, chrome: {chromedriverVersion: 110.0.5481.77 (65ed616c6e8e..., userDataDir: C:\Users\Admin\AppData\Loca...}, goog:chromeOptions: {debuggerAddress: localhost:63800}, javascriptEnabled: true, networkConnectionEnabled: false, pageLoadStrategy: normal, platform: WINDOWS, platformName: WINDOWS, proxy: Proxy(), setWindowRect: true, strictFileInteractability: false, timeouts: {implicit: 0, pageLoad: 300000, script: 30000}, unhandledPromptBehavior: dismiss and notify, webauthn:extension:credBlob: true, webauthn:extension:largeBlob: true, webauthn:virtualAuthenticators: true}
Session ID: e26b74e1c6dc32ac6a5ec3c833ceebfd
	at org.openqa.selenium.remote.http.W3CHttpResponseCodec.createException(W3CHttpResponseCodec.java:187)
	at org.openqa.selenium.remote.http.W3CHttpResponseCodec.decode(W3CHttpResponseCodec.java:122)
	at org.openqa.selenium.remote.http.W3CHttpResponseCodec.decode(W3CHttpResponseCodec.java:49)
	at org.openqa.selenium.remote.HttpCommandExecutor.execute(HttpCommandExecutor.java:158)
	at org.openqa.selenium.remote.service.DriverCommandExecutor.execute(DriverCommandExecutor.java:83)
	at org.openqa.selenium.remote.RemoteWebDriver.execute(RemoteWebDriver.java:552)
	at com.kms.katalon.selenium.driver.CChromeDriver.execute(CChromeDriver.java:19)
	at org.openqa.selenium.remote.RemoteWebElement.execute(RemoteWebElement.java:285)
	at org.openqa.selenium.remote.RemoteWebElement.click(RemoteWebElement.java:84)
	at org.openqa.selenium.support.events.EventFiringWebDriver$EventFiringWebElement.lambda$new$0(EventFiringWebDriver.java:404)
	at com.sun.proxy.$Proxy11.click(Unknown Source)
	at org.openqa.selenium.support.events.EventFiringWebDriver$EventFiringWebElement.click(EventFiringWebDriver.java:417)
	at org.openqa.selenium.WebElement$click.call(Unknown Source)
	at com.kms.katalon.core.webui.keyword.builtin.ClickKeyword.clickUntilSuccessWithTimeout(ClickKeyword.groovy:81)
	at com.kms.katalon.core.webui.keyword.builtin.ClickKeyword.clickUntilSuccessWithTimeout(ClickKeyword.groovy)
	at com.kms.katalon.core.webui.keyword.builtin.ClickKeyword$_click_closure1.doCall(ClickKeyword.groovy:67)
	at com.kms.katalon.core.webui.keyword.builtin.ClickKeyword$_click_closure1.call(ClickKeyword.groovy)
	at com.kms.katalon.core.webui.keyword.internal.WebUIKeywordMain.runKeyword(WebUIKeywordMain.groovy:20)
	... 19 more]]></system-err>
   </testsuite>
</testsuites>
